1747658805530	geckodriver	INFO	Listening on 127.0.0.1:4444
1747658805541	webdriver::server	TRACE	Build standard route for /status
1747658805542	webdriver::server	TRACE	Build standard route for /session
1747658805542	webdriver::server	TRACE	Build standard route for /session/{sessionId}
1747658805543	webdriver::server	TRACE	Build standard route for /session/{sessionId}/url
1747658805543	webdriver::server	TRACE	Build standard route for /session/{sessionId}/url
1747658805543	webdriver::server	TRACE	Build standard route for /session/{sessionId}/back
1747658805543	webdriver::server	TRACE	Build standard route for /session/{sessionId}/forward
1747658805543	webdriver::server	TRACE	Build standard route for /session/{sessionId}/refresh
1747658805543	webdriver::server	TRACE	Build standard route for /session/{sessionId}/title
1747658805543	webdriver::server	TRACE	Build standard route for /session/{sessionId}/source
1747658805543	webdriver::server	TRACE	Build standard route for /session/{sessionId}/window
1747658805543	webdriver::server	TRACE	Build standard route for /session/{sessionId}/window/handles
1747658805543	webdriver::server	TRACE	Build standard route for /session/{sessionId}/window/new
1747658805543	webdriver::server	TRACE	Build standard route for /session/{sessionId}/window
1747658805543	webdriver::server	TRACE	Build standard route for /session/{sessionId}/window/size
1747658805543	webdriver::server	TRACE	Build standard route for /session/{sessionId}/window/size
1747658805543	webdriver::server	TRACE	Build standard route for /session/{sessionId}/window/position
1747658805543	webdriver::server	TRACE	Build standard route for /session/{sessionId}/window/position
1747658805545	webdriver::server	TRACE	Build standard route for /session/{sessionId}/window/rect
1747658805545	webdriver::server	TRACE	Build standard route for /session/{sessionId}/window/rect
1747658805545	webdriver::server	TRACE	Build standard route for /session/{sessionId}/window/minimize
1747658805545	webdriver::server	TRACE	Build standard route for /session/{sessionId}/window/maximize
1747658805545	webdriver::server	TRACE	Build standard route for /session/{sessionId}/window/fullscreen
1747658805545	webdriver::server	TRACE	Build standard route for /session/{sessionId}/window
1747658805545	webdriver::server	TRACE	Build standard route for /session/{sessionId}/frame
1747658805545	webdriver::server	TRACE	Build standard route for /session/{sessionId}/frame/parent
1747658805545	webdriver::server	TRACE	Build standard route for /session/{sessionId}/element
1747658805545	webdriver::server	TRACE	Build standard route for /session/{sessionId}/element/{elementId}/element
1747658805545	webdriver::server	TRACE	Build standard route for /session/{sessionId}/elements
1747658805546	webdriver::server	TRACE	Build standard route for /session/{sessionId}/element/{elementId}/elements
1747658805546	webdriver::server	TRACE	Build standard route for /session/{sessionId}/shadow/{shadowId}/element
1747658805546	webdriver::server	TRACE	Build standard route for /session/{sessionId}/shadow/{shadowId}/elements
1747658805546	webdriver::server	TRACE	Build standard route for /session/{sessionId}/element/active
1747658805546	webdriver::server	TRACE	Build standard route for /session/{sessionId}/element/{elementId}/shadow
1747658805546	webdriver::server	TRACE	Build standard route for /session/{sessionId}/element/{elementId}/displayed
1747658805546	webdriver::server	TRACE	Build standard route for /session/{sessionId}/element/{elementId}/selected
1747658805546	webdriver::server	TRACE	Build standard route for /session/{sessionId}/element/{elementId}/attribute/{name}
1747658805546	webdriver::server	TRACE	Build standard route for /session/{sessionId}/element/{elementId}/property/{name}
1747658805546	webdriver::server	TRACE	Build standard route for /session/{sessionId}/element/{elementId}/css/{propertyName}
1747658805546	webdriver::server	TRACE	Build standard route for /session/{sessionId}/element/{elementId}/text
1747658805547	webdriver::server	TRACE	Build standard route for /session/{sessionId}/element/{elementId}/computedlabel
1747658805547	webdriver::server	TRACE	Build standard route for /session/{sessionId}/element/{elementId}/computedrole
1747658805547	webdriver::server	TRACE	Build standard route for /session/{sessionId}/element/{elementId}/name
1747658805547	webdriver::server	TRACE	Build standard route for /session/{sessionId}/element/{elementId}/rect
1747658805547	webdriver::server	TRACE	Build standard route for /session/{sessionId}/element/{elementId}/enabled
1747658805547	webdriver::server	TRACE	Build standard route for /session/{sessionId}/execute/sync
1747658805547	webdriver::server	TRACE	Build standard route for /session/{sessionId}/execute/async
1747658805547	webdriver::server	TRACE	Build standard route for /session/{sessionId}/cookie
1747658805547	webdriver::server	TRACE	Build standard route for /session/{sessionId}/cookie/{name}
1747658805547	webdriver::server	TRACE	Build standard route for /session/{sessionId}/cookie
1747658805547	webdriver::server	TRACE	Build standard route for /session/{sessionId}/cookie
1747658805547	webdriver::server	TRACE	Build standard route for /session/{sessionId}/cookie/{name}
1747658805547	webdriver::server	TRACE	Build standard route for /session/{sessionId}/timeouts
1747658805547	webdriver::server	TRACE	Build standard route for /session/{sessionId}/timeouts
1747658805547	webdriver::server	TRACE	Build standard route for /session/{sessionId}/element/{elementId}/click
1747658805547	webdriver::server	TRACE	Build standard route for /session/{sessionId}/element/{elementId}/clear
1747658805547	webdriver::server	TRACE	Build standard route for /session/{sessionId}/element/{elementId}/value
1747658805547	webdriver::server	TRACE	Build standard route for /session/{sessionId}/alert/dismiss
1747658805547	webdriver::server	TRACE	Build standard route for /session/{sessionId}/alert/accept
1747658805548	webdriver::server	TRACE	Build standard route for /session/{sessionId}/alert/text
1747658805548	webdriver::server	TRACE	Build standard route for /session/{sessionId}/alert/text
1747658805548	webdriver::server	TRACE	Build standard route for /session/{sessionId}/screenshot
1747658805548	webdriver::server	TRACE	Build standard route for /session/{sessionId}/element/{elementId}/screenshot
1747658805548	webdriver::server	TRACE	Build standard route for /session/{sessionId}/actions
1747658805548	webdriver::server	TRACE	Build standard route for /session/{sessionId}/actions
1747658805548	webdriver::server	TRACE	Build standard route for /session/{sessionId}/permissions
1747658805549	webdriver::server	TRACE	Build standard route for /session/{sessionId}/print
1747658805549	webdriver::server	TRACE	Build standard route for /session/{sessionId}/webauthn/authenticator
1747658805549	webdriver::server	TRACE	Build standard route for /session/{sessionId}/webauthn/authenticator/{authenticatorId}
1747658805549	webdriver::server	TRACE	Build standard route for /session/{sessionId}/webauthn/authenticator/{authenticatorId}/credential
1747658805549	webdriver::server	TRACE	Build standard route for /session/{sessionId}/webauthn/authenticator/{authenticatorId}/credentials
1747658805549	webdriver::server	TRACE	Build standard route for /session/{sessionId}/webauthn/authenticator/{authenticatorId}/credentials/{credentialId}
1747658805549	webdriver::server	TRACE	Build standard route for /session/{sessionId}/webauthn/authenticator/{authenticatorId}/credentials
1747658805550	webdriver::server	TRACE	Build standard route for /session/{sessionId}/webauthn/authenticator/{authenticatorId}/uv
1747658805550	webdriver::server	TRACE	Build vendor route for /session/{sessionId}/moz/context
1747658805550	webdriver::server	TRACE	Build vendor route for /session/{sessionId}/moz/context
1747658805550	webdriver::server	TRACE	Build vendor route for /session/{sessionId}/moz/addon/install
1747658805550	webdriver::server	TRACE	Build vendor route for /session/{sessionId}/moz/addon/uninstall
1747658805550	webdriver::server	TRACE	Build vendor route for /session/{sessionId}/moz/screenshot/full
1747658805613	webdriver::server	DEBUG	-> GET /status 
1747658805622	webdriver::server	DEBUG	<- 200 OK {"value":{"message":"","ready":true}}
1747658805803	webdriver::server	DEBUG	-> POST /session {"capabilities":{"firstMatch":[{}],"alwaysMatch":{"browserName":"firefox","moz:firefoxOptions":{"prefs":{"re ... ive-protocols":3},"binary":"/Users/strangebrick/.cache/selenium/firefox/mac64/138.0.4/Firefox.app/Contents/MacOS/firefox"}}}}
1747658805814	geckodriver::capabilities	DEBUG	Trying to read firefox version from ini files
1747658805864	geckodriver::capabilities	DEBUG	Found version 138.0.4
1747658805919	mozrunner::runner	INFO	Running command: MOZ_CRASHREPORTER="1" MOZ_CRASHREPORTER_NO_REPORT="1" MOZ_CRASHREPORTER_SHUTDOWN="1" "/Users/strangebrick/.c ... "--marionette" "-foreground" "-no-remote" "-profile" "/var/folders/m0/2grp25fj0sxf1t4lx5c2n1rc0000gn/T/rust_mozprofiler7Spll"
1747658805930	geckodriver::marionette	DEBUG	Waiting 60s to connect to browser on 127.0.0.1
1747658805933	geckodriver::browser	TRACE	Failed to open /var/folders/m0/2grp25fj0sxf1t4lx5c2n1rc0000gn/T/rust_mozprofiler7Spll/MarionetteActivePort
1747658805935	geckodriver::marionette	TRACE	Retrying in 100ms
1747658806042	geckodriver::browser	TRACE	Failed to open /var/folders/m0/2grp25fj0sxf1t4lx5c2n1rc0000gn/T/rust_mozprofiler7Spll/MarionetteActivePort
1747658806042	geckodriver::marionette	TRACE	Retrying in 100ms
1747658806143	geckodriver::browser	TRACE	Failed to open /var/folders/m0/2grp25fj0sxf1t4lx5c2n1rc0000gn/T/rust_mozprofiler7Spll/MarionetteActivePort
1747658806143	geckodriver::marionette	TRACE	Retrying in 100ms
1747658806244	geckodriver::browser	TRACE	Failed to open /var/folders/m0/2grp25fj0sxf1t4lx5c2n1rc0000gn/T/rust_mozprofiler7Spll/MarionetteActivePort
1747658806245	geckodriver::marionette	TRACE	Retrying in 100ms
1747658806403	geckodriver::browser	TRACE	Failed to open /var/folders/m0/2grp25fj0sxf1t4lx5c2n1rc0000gn/T/rust_mozprofiler7Spll/MarionetteActivePort
1747658806404	geckodriver::marionette	TRACE	Retrying in 100ms
1747658806508	geckodriver::browser	TRACE	Failed to open /var/folders/m0/2grp25fj0sxf1t4lx5c2n1rc0000gn/T/rust_mozprofiler7Spll/MarionetteActivePort
1747658806508	geckodriver::marionette	TRACE	Retrying in 100ms
1747658806620	geckodriver::browser	TRACE	Failed to open /var/folders/m0/2grp25fj0sxf1t4lx5c2n1rc0000gn/T/rust_mozprofiler7Spll/MarionetteActivePort
1747658806623	geckodriver::marionette	TRACE	Retrying in 100ms
1747658806729	geckodriver::browser	TRACE	Failed to open /var/folders/m0/2grp25fj0sxf1t4lx5c2n1rc0000gn/T/rust_mozprofiler7Spll/MarionetteActivePort
1747658806729	geckodriver::marionette	TRACE	Retrying in 100ms
1747658806935	geckodriver::browser	TRACE	Failed to open /var/folders/m0/2grp25fj0sxf1t4lx5c2n1rc0000gn/T/rust_mozprofiler7Spll/MarionetteActivePort
1747658806938	geckodriver::marionette	TRACE	Retrying in 100ms
1747658807040	geckodriver::browser	TRACE	Failed to open /var/folders/m0/2grp25fj0sxf1t4lx5c2n1rc0000gn/T/rust_mozprofiler7Spll/MarionetteActivePort
1747658807040	geckodriver::marionette	TRACE	Retrying in 100ms
1747658807173	geckodriver::browser	TRACE	Failed to open /var/folders/m0/2grp25fj0sxf1t4lx5c2n1rc0000gn/T/rust_mozprofiler7Spll/MarionetteActivePort
1747658807173	geckodriver::marionette	TRACE	Retrying in 100ms
1747658807286	geckodriver::browser	TRACE	Failed to open /var/folders/m0/2grp25fj0sxf1t4lx5c2n1rc0000gn/T/rust_mozprofiler7Spll/MarionetteActivePort
1747658807301	geckodriver::marionette	TRACE	Retrying in 100ms
1747658807404	geckodriver::browser	TRACE	Failed to open /var/folders/m0/2grp25fj0sxf1t4lx5c2n1rc0000gn/T/rust_mozprofiler7Spll/MarionetteActivePort
1747658807404	geckodriver::marionette	TRACE	Retrying in 100ms
1747658807517	geckodriver::browser	TRACE	Failed to open /var/folders/m0/2grp25fj0sxf1t4lx5c2n1rc0000gn/T/rust_mozprofiler7Spll/MarionetteActivePort
1747658807517	geckodriver::marionette	TRACE	Retrying in 100ms
1747658807621	geckodriver::browser	TRACE	Failed to open /var/folders/m0/2grp25fj0sxf1t4lx5c2n1rc0000gn/T/rust_mozprofiler7Spll/MarionetteActivePort
1747658807622	geckodriver::marionette	TRACE	Retrying in 100ms
1747658807723	geckodriver::browser	TRACE	Failed to open /var/folders/m0/2grp25fj0sxf1t4lx5c2n1rc0000gn/T/rust_mozprofiler7Spll/MarionetteActivePort
1747658807723	geckodriver::marionette	TRACE	Retrying in 100ms
1747658807825	geckodriver::browser	TRACE	Failed to open /var/folders/m0/2grp25fj0sxf1t4lx5c2n1rc0000gn/T/rust_mozprofiler7Spll/MarionetteActivePort
1747658807826	geckodriver::marionette	TRACE	Retrying in 100ms
1747658807935	geckodriver::browser	TRACE	Failed to open /var/folders/m0/2grp25fj0sxf1t4lx5c2n1rc0000gn/T/rust_mozprofiler7Spll/MarionetteActivePort
1747658807935	geckodriver::marionette	TRACE	Retrying in 100ms
1747658808037	geckodriver::browser	TRACE	Failed to open /var/folders/m0/2grp25fj0sxf1t4lx5c2n1rc0000gn/T/rust_mozprofiler7Spll/MarionetteActivePort
1747658808037	geckodriver::marionette	TRACE	Retrying in 100ms
1747658808139	geckodriver::browser	TRACE	Failed to open /var/folders/m0/2grp25fj0sxf1t4lx5c2n1rc0000gn/T/rust_mozprofiler7Spll/MarionetteActivePort
1747658808139	geckodriver::marionette	TRACE	Retrying in 100ms
1747658808242	geckodriver::browser	TRACE	Failed to open /var/folders/m0/2grp25fj0sxf1t4lx5c2n1rc0000gn/T/rust_mozprofiler7Spll/MarionetteActivePort
1747658808243	geckodriver::marionette	TRACE	Retrying in 100ms
1747658808352	geckodriver::browser	TRACE	Failed to open /var/folders/m0/2grp25fj0sxf1t4lx5c2n1rc0000gn/T/rust_mozprofiler7Spll/MarionetteActivePort
1747658808353	geckodriver::marionette	TRACE	Retrying in 100ms
1747658808461	geckodriver::browser	TRACE	Failed to open /var/folders/m0/2grp25fj0sxf1t4lx5c2n1rc0000gn/T/rust_mozprofiler7Spll/MarionetteActivePort
1747658808461	geckodriver::marionette	TRACE	Retrying in 100ms
1747658808563	geckodriver::browser	TRACE	Failed to open /var/folders/m0/2grp25fj0sxf1t4lx5c2n1rc0000gn/T/rust_mozprofiler7Spll/MarionetteActivePort
1747658808563	geckodriver::marionette	TRACE	Retrying in 100ms
1747658808685	geckodriver::browser	TRACE	Failed to open /var/folders/m0/2grp25fj0sxf1t4lx5c2n1rc0000gn/T/rust_mozprofiler7Spll/MarionetteActivePort
1747658808685	geckodriver::marionette	TRACE	Retrying in 100ms
1747658808787	geckodriver::browser	TRACE	Failed to open /var/folders/m0/2grp25fj0sxf1t4lx5c2n1rc0000gn/T/rust_mozprofiler7Spll/MarionetteActivePort
1747658808787	geckodriver::marionette	TRACE	Retrying in 100ms
1747658808949	geckodriver::browser	TRACE	Failed to open /var/folders/m0/2grp25fj0sxf1t4lx5c2n1rc0000gn/T/rust_mozprofiler7Spll/MarionetteActivePort
1747658808949	geckodriver::marionette	TRACE	Retrying in 100ms
1747658809061	geckodriver::browser	TRACE	Failed to open /var/folders/m0/2grp25fj0sxf1t4lx5c2n1rc0000gn/T/rust_mozprofiler7Spll/MarionetteActivePort
1747658809062	geckodriver::marionette	TRACE	Retrying in 100ms
1747658809163	geckodriver::browser	TRACE	Failed to open /var/folders/m0/2grp25fj0sxf1t4lx5c2n1rc0000gn/T/rust_mozprofiler7Spll/MarionetteActivePort
1747658809163	geckodriver::marionette	TRACE	Retrying in 100ms
1747658809264	geckodriver::browser	TRACE	Failed to open /var/folders/m0/2grp25fj0sxf1t4lx5c2n1rc0000gn/T/rust_mozprofiler7Spll/MarionetteActivePort
1747658809265	geckodriver::marionette	TRACE	Retrying in 100ms
1747658809370	geckodriver::browser	TRACE	Failed to open /var/folders/m0/2grp25fj0sxf1t4lx5c2n1rc0000gn/T/rust_mozprofiler7Spll/MarionetteActivePort
1747658809370	geckodriver::marionette	TRACE	Retrying in 100ms
1747658809484	geckodriver::browser	TRACE	Failed to open /var/folders/m0/2grp25fj0sxf1t4lx5c2n1rc0000gn/T/rust_mozprofiler7Spll/MarionetteActivePort
1747658809484	geckodriver::marionette	TRACE	Retrying in 100ms
1747658809586	geckodriver::browser	TRACE	Failed to open /var/folders/m0/2grp25fj0sxf1t4lx5c2n1rc0000gn/T/rust_mozprofiler7Spll/MarionetteActivePort
1747658809587	geckodriver::marionette	TRACE	Retrying in 100ms
1747658809735	geckodriver::browser	TRACE	Failed to open /var/folders/m0/2grp25fj0sxf1t4lx5c2n1rc0000gn/T/rust_mozprofiler7Spll/MarionetteActivePort
1747658809735	geckodriver::marionette	TRACE	Retrying in 100ms
1747658809861	geckodriver::browser	TRACE	Failed to open /var/folders/m0/2grp25fj0sxf1t4lx5c2n1rc0000gn/T/rust_mozprofiler7Spll/MarionetteActivePort
1747658809862	geckodriver::marionette	TRACE	Retrying in 100ms
1747658809999	geckodriver::browser	TRACE	Failed to open /var/folders/m0/2grp25fj0sxf1t4lx5c2n1rc0000gn/T/rust_mozprofiler7Spll/MarionetteActivePort
1747658809999	geckodriver::marionette	TRACE	Retrying in 100ms
1747658810115	geckodriver::browser	TRACE	Failed to open /var/folders/m0/2grp25fj0sxf1t4lx5c2n1rc0000gn/T/rust_mozprofiler7Spll/MarionetteActivePort
1747658810115	geckodriver::marionette	TRACE	Retrying in 100ms
1747658810222	geckodriver::browser	TRACE	Failed to open /var/folders/m0/2grp25fj0sxf1t4lx5c2n1rc0000gn/T/rust_mozprofiler7Spll/MarionetteActivePort
1747658810222	geckodriver::marionette	TRACE	Retrying in 100ms
1747658810327	geckodriver::browser	TRACE	Failed to open /var/folders/m0/2grp25fj0sxf1t4lx5c2n1rc0000gn/T/rust_mozprofiler7Spll/MarionetteActivePort
1747658810327	geckodriver::marionette	TRACE	Retrying in 100ms
1747658810430	geckodriver::browser	TRACE	Failed to open /var/folders/m0/2grp25fj0sxf1t4lx5c2n1rc0000gn/T/rust_mozprofiler7Spll/MarionetteActivePort
1747658810430	geckodriver::marionette	TRACE	Retrying in 100ms
1747658810536	geckodriver::browser	TRACE	Failed to open /var/folders/m0/2grp25fj0sxf1t4lx5c2n1rc0000gn/T/rust_mozprofiler7Spll/MarionetteActivePort
1747658810536	geckodriver::marionette	TRACE	Retrying in 100ms
1747658810640	geckodriver::browser	TRACE	Failed to open /var/folders/m0/2grp25fj0sxf1t4lx5c2n1rc0000gn/T/rust_mozprofiler7Spll/MarionetteActivePort
1747658810640	geckodriver::marionette	TRACE	Retrying in 100ms
1747658810773	geckodriver::browser	TRACE	Failed to open /var/folders/m0/2grp25fj0sxf1t4lx5c2n1rc0000gn/T/rust_mozprofiler7Spll/MarionetteActivePort
1747658810774	geckodriver::marionette	TRACE	Retrying in 100ms
1747658810885	geckodriver::browser	TRACE	Failed to open /var/folders/m0/2grp25fj0sxf1t4lx5c2n1rc0000gn/T/rust_mozprofiler7Spll/MarionetteActivePort
1747658810886	geckodriver::marionette	TRACE	Retrying in 100ms
1747658810987	geckodriver::browser	TRACE	Failed to open /var/folders/m0/2grp25fj0sxf1t4lx5c2n1rc0000gn/T/rust_mozprofiler7Spll/MarionetteActivePort
1747658810988	geckodriver::marionette	TRACE	Retrying in 100ms
1747658811090	geckodriver::browser	TRACE	Failed to open /var/folders/m0/2grp25fj0sxf1t4lx5c2n1rc0000gn/T/rust_mozprofiler7Spll/MarionetteActivePort
1747658811090	geckodriver::marionette	TRACE	Retrying in 100ms
1747658811205	geckodriver::browser	TRACE	Failed to open /var/folders/m0/2grp25fj0sxf1t4lx5c2n1rc0000gn/T/rust_mozprofiler7Spll/MarionetteActivePort
1747658811208	geckodriver::marionette	TRACE	Retrying in 100ms
1747658811318	geckodriver::browser	TRACE	Failed to open /var/folders/m0/2grp25fj0sxf1t4lx5c2n1rc0000gn/T/rust_mozprofiler7Spll/MarionetteActivePort
1747658811318	geckodriver::marionette	TRACE	Retrying in 100ms
1747658811419	geckodriver::browser	TRACE	Failed to open /var/folders/m0/2grp25fj0sxf1t4lx5c2n1rc0000gn/T/rust_mozprofiler7Spll/MarionetteActivePort
1747658811420	geckodriver::marionette	TRACE	Retrying in 100ms
1747658811564	geckodriver::browser	TRACE	Failed to open /var/folders/m0/2grp25fj0sxf1t4lx5c2n1rc0000gn/T/rust_mozprofiler7Spll/MarionetteActivePort
1747658811564	geckodriver::marionette	TRACE	Retrying in 100ms
1747658811666	geckodriver::browser	TRACE	Failed to open /var/folders/m0/2grp25fj0sxf1t4lx5c2n1rc0000gn/T/rust_mozprofiler7Spll/MarionetteActivePort
1747658811666	geckodriver::marionette	TRACE	Retrying in 100ms
1747658811801	geckodriver::browser	TRACE	Failed to open /var/folders/m0/2grp25fj0sxf1t4lx5c2n1rc0000gn/T/rust_mozprofiler7Spll/MarionetteActivePort
1747658811811	geckodriver::marionette	TRACE	Retrying in 100ms
1747658811924	geckodriver::browser	TRACE	Failed to open /var/folders/m0/2grp25fj0sxf1t4lx5c2n1rc0000gn/T/rust_mozprofiler7Spll/MarionetteActivePort
1747658811924	geckodriver::marionette	TRACE	Retrying in 100ms
1747658812029	geckodriver::browser	TRACE	Failed to open /var/folders/m0/2grp25fj0sxf1t4lx5c2n1rc0000gn/T/rust_mozprofiler7Spll/MarionetteActivePort
1747658812030	geckodriver::marionette	TRACE	Retrying in 100ms
1747658812135	geckodriver::browser	TRACE	Failed to open /var/folders/m0/2grp25fj0sxf1t4lx5c2n1rc0000gn/T/rust_mozprofiler7Spll/MarionetteActivePort
1747658812135	geckodriver::marionette	TRACE	Retrying in 100ms
1747658812237	geckodriver::browser	TRACE	Failed to open /var/folders/m0/2grp25fj0sxf1t4lx5c2n1rc0000gn/T/rust_mozprofiler7Spll/MarionetteActivePort
1747658812238	geckodriver::marionette	TRACE	Retrying in 100ms
1747658812338	geckodriver::browser	TRACE	Failed to open /var/folders/m0/2grp25fj0sxf1t4lx5c2n1rc0000gn/T/rust_mozprofiler7Spll/MarionetteActivePort
1747658812339	geckodriver::marionette	TRACE	Retrying in 100ms
1747658812445	geckodriver::browser	TRACE	Failed to open /var/folders/m0/2grp25fj0sxf1t4lx5c2n1rc0000gn/T/rust_mozprofiler7Spll/MarionetteActivePort
1747658812445	geckodriver::marionette	TRACE	Retrying in 100ms
1747658812550	geckodriver::browser	TRACE	Failed to open /var/folders/m0/2grp25fj0sxf1t4lx5c2n1rc0000gn/T/rust_mozprofiler7Spll/MarionetteActivePort
1747658812550	geckodriver::marionette	TRACE	Retrying in 100ms
1747658812655	geckodriver::browser	TRACE	Failed to open /var/folders/m0/2grp25fj0sxf1t4lx5c2n1rc0000gn/T/rust_mozprofiler7Spll/MarionetteActivePort
1747658812655	geckodriver::marionette	TRACE	Retrying in 100ms
1747658812756	geckodriver::browser	TRACE	Failed to open /var/folders/m0/2grp25fj0sxf1t4lx5c2n1rc0000gn/T/rust_mozprofiler7Spll/MarionetteActivePort
1747658812756	geckodriver::marionette	TRACE	Retrying in 100ms
1747658812888	geckodriver::browser	TRACE	Failed to open /var/folders/m0/2grp25fj0sxf1t4lx5c2n1rc0000gn/T/rust_mozprofiler7Spll/MarionetteActivePort
1747658812888	geckodriver::marionette	TRACE	Retrying in 100ms
1747658812990	geckodriver::browser	TRACE	Failed to open /var/folders/m0/2grp25fj0sxf1t4lx5c2n1rc0000gn/T/rust_mozprofiler7Spll/MarionetteActivePort
1747658812991	geckodriver::marionette	TRACE	Retrying in 100ms
1747658813102	geckodriver::browser	TRACE	Failed to open /var/folders/m0/2grp25fj0sxf1t4lx5c2n1rc0000gn/T/rust_mozprofiler7Spll/MarionetteActivePort
1747658813104	geckodriver::marionette	TRACE	Retrying in 100ms
1747658813206	geckodriver::browser	TRACE	Failed to open /var/folders/m0/2grp25fj0sxf1t4lx5c2n1rc0000gn/T/rust_mozprofiler7Spll/MarionetteActivePort
1747658813206	geckodriver::marionette	TRACE	Retrying in 100ms
1747658813308	geckodriver::browser	TRACE	Failed to open /var/folders/m0/2grp25fj0sxf1t4lx5c2n1rc0000gn/T/rust_mozprofiler7Spll/MarionetteActivePort
1747658813308	geckodriver::marionette	TRACE	Retrying in 100ms
1747658813442	geckodriver::browser	TRACE	Failed to open /var/folders/m0/2grp25fj0sxf1t4lx5c2n1rc0000gn/T/rust_mozprofiler7Spll/MarionetteActivePort
1747658813443	geckodriver::marionette	TRACE	Retrying in 100ms
1747658813549	geckodriver::browser	TRACE	Failed to open /var/folders/m0/2grp25fj0sxf1t4lx5c2n1rc0000gn/T/rust_mozprofiler7Spll/MarionetteActivePort
1747658813549	geckodriver::marionette	TRACE	Retrying in 100ms
1747658813692	geckodriver::browser	TRACE	Failed to open /var/folders/m0/2grp25fj0sxf1t4lx5c2n1rc0000gn/T/rust_mozprofiler7Spll/MarionetteActivePort
1747658813694	geckodriver::marionette	TRACE	Retrying in 100ms
1747658813795	geckodriver::browser	TRACE	Failed to open /var/folders/m0/2grp25fj0sxf1t4lx5c2n1rc0000gn/T/rust_mozprofiler7Spll/MarionetteActivePort
1747658813795	geckodriver::marionette	TRACE	Retrying in 100ms
1747658813925	geckodriver::browser	TRACE	Failed to open /var/folders/m0/2grp25fj0sxf1t4lx5c2n1rc0000gn/T/rust_mozprofiler7Spll/MarionetteActivePort
1747658813926	geckodriver::marionette	TRACE	Retrying in 100ms
1747658814030	geckodriver::browser	TRACE	Failed to open /var/folders/m0/2grp25fj0sxf1t4lx5c2n1rc0000gn/T/rust_mozprofiler7Spll/MarionetteActivePort
1747658814030	geckodriver::marionette	TRACE	Retrying in 100ms
1747658814137	geckodriver::browser	TRACE	Failed to open /var/folders/m0/2grp25fj0sxf1t4lx5c2n1rc0000gn/T/rust_mozprofiler7Spll/MarionetteActivePort
1747658814137	geckodriver::marionette	TRACE	Retrying in 100ms
1747658814250	geckodriver::browser	TRACE	Failed to open /var/folders/m0/2grp25fj0sxf1t4lx5c2n1rc0000gn/T/rust_mozprofiler7Spll/MarionetteActivePort
1747658814251	geckodriver::marionette	TRACE	Retrying in 100ms
1747658814355	geckodriver::browser	TRACE	Failed to open /var/folders/m0/2grp25fj0sxf1t4lx5c2n1rc0000gn/T/rust_mozprofiler7Spll/MarionetteActivePort
1747658814356	geckodriver::marionette	TRACE	Retrying in 100ms
1747658814460	geckodriver::browser	TRACE	Failed to open /var/folders/m0/2grp25fj0sxf1t4lx5c2n1rc0000gn/T/rust_mozprofiler7Spll/MarionetteActivePort
1747658814460	geckodriver::marionette	TRACE	Retrying in 100ms
1747658814580	geckodriver::browser	TRACE	Failed to open /var/folders/m0/2grp25fj0sxf1t4lx5c2n1rc0000gn/T/rust_mozprofiler7Spll/MarionetteActivePort
1747658814580	geckodriver::marionette	TRACE	Retrying in 100ms
1747658814685	geckodriver::browser	TRACE	Failed to open /var/folders/m0/2grp25fj0sxf1t4lx5c2n1rc0000gn/T/rust_mozprofiler7Spll/MarionetteActivePort
1747658814685	geckodriver::marionette	TRACE	Retrying in 100ms
1747658814790	geckodriver::browser	TRACE	Failed to open /var/folders/m0/2grp25fj0sxf1t4lx5c2n1rc0000gn/T/rust_mozprofiler7Spll/MarionetteActivePort
1747658814790	geckodriver::marionette	TRACE	Retrying in 100ms
1747658814914	geckodriver::browser	TRACE	Failed to open /var/folders/m0/2grp25fj0sxf1t4lx5c2n1rc0000gn/T/rust_mozprofiler7Spll/MarionetteActivePort
1747658814915	geckodriver::marionette	TRACE	Retrying in 100ms
1747658815015	geckodriver::browser	TRACE	Failed to open /var/folders/m0/2grp25fj0sxf1t4lx5c2n1rc0000gn/T/rust_mozprofiler7Spll/MarionetteActivePort
1747658815015	geckodriver::marionette	TRACE	Retrying in 100ms
1747658815118	geckodriver::browser	TRACE	Failed to open /var/folders/m0/2grp25fj0sxf1t4lx5c2n1rc0000gn/T/rust_mozprofiler7Spll/MarionetteActivePort
1747658815120	geckodriver::marionette	TRACE	Retrying in 100ms
1747658815223	geckodriver::browser	TRACE	Failed to open /var/folders/m0/2grp25fj0sxf1t4lx5c2n1rc0000gn/T/rust_mozprofiler7Spll/MarionetteActivePort
1747658815223	geckodriver::marionette	TRACE	Retrying in 100ms
1747658815327	geckodriver::browser	TRACE	Failed to open /var/folders/m0/2grp25fj0sxf1t4lx5c2n1rc0000gn/T/rust_mozprofiler7Spll/MarionetteActivePort
1747658815327	geckodriver::marionette	TRACE	Retrying in 100ms
1747658815458	geckodriver::browser	TRACE	Failed to open /var/folders/m0/2grp25fj0sxf1t4lx5c2n1rc0000gn/T/rust_mozprofiler7Spll/MarionetteActivePort
1747658815458	geckodriver::marionette	TRACE	Retrying in 100ms
1747658815560	geckodriver::browser	TRACE	Failed to open /var/folders/m0/2grp25fj0sxf1t4lx5c2n1rc0000gn/T/rust_mozprofiler7Spll/MarionetteActivePort
1747658815562	geckodriver::marionette	TRACE	Retrying in 100ms
1747658815666	geckodriver::browser	TRACE	Failed to open /var/folders/m0/2grp25fj0sxf1t4lx5c2n1rc0000gn/T/rust_mozprofiler7Spll/MarionetteActivePort
1747658815667	geckodriver::marionette	TRACE	Retrying in 100ms
1747658815767	geckodriver::browser	TRACE	Failed to open /var/folders/m0/2grp25fj0sxf1t4lx5c2n1rc0000gn/T/rust_mozprofiler7Spll/MarionetteActivePort
1747658815767	geckodriver::marionette	TRACE	Retrying in 100ms
1747658815956	geckodriver::browser	TRACE	Failed to open /var/folders/m0/2grp25fj0sxf1t4lx5c2n1rc0000gn/T/rust_mozprofiler7Spll/MarionetteActivePort
1747658815956	geckodriver::marionette	TRACE	Retrying in 100ms
1747658816057	geckodriver::browser	TRACE	Failed to open /var/folders/m0/2grp25fj0sxf1t4lx5c2n1rc0000gn/T/rust_mozprofiler7Spll/MarionetteActivePort
1747658816057	geckodriver::marionette	TRACE	Retrying in 100ms
1747658816178	geckodriver::browser	TRACE	Failed to open /var/folders/m0/2grp25fj0sxf1t4lx5c2n1rc0000gn/T/rust_mozprofiler7Spll/MarionetteActivePort
1747658816179	geckodriver::marionette	TRACE	Retrying in 100ms
1747658816303	geckodriver::browser	TRACE	Failed to open /var/folders/m0/2grp25fj0sxf1t4lx5c2n1rc0000gn/T/rust_mozprofiler7Spll/MarionetteActivePort
1747658816304	geckodriver::marionette	TRACE	Retrying in 100ms
1747658816407	geckodriver::browser	TRACE	Failed to open /var/folders/m0/2grp25fj0sxf1t4lx5c2n1rc0000gn/T/rust_mozprofiler7Spll/MarionetteActivePort
1747658816407	geckodriver::marionette	TRACE	Retrying in 100ms
1747658816509	geckodriver::browser	TRACE	Failed to open /var/folders/m0/2grp25fj0sxf1t4lx5c2n1rc0000gn/T/rust_mozprofiler7Spll/MarionetteActivePort
1747658816509	geckodriver::marionette	TRACE	Retrying in 100ms
1747658816610	geckodriver::browser	TRACE	Failed to open /var/folders/m0/2grp25fj0sxf1t4lx5c2n1rc0000gn/T/rust_mozprofiler7Spll/MarionetteActivePort
1747658816610	geckodriver::marionette	TRACE	Retrying in 100ms
1747658816712	geckodriver::browser	TRACE	Failed to open /var/folders/m0/2grp25fj0sxf1t4lx5c2n1rc0000gn/T/rust_mozprofiler7Spll/MarionetteActivePort
1747658816712	geckodriver::marionette	TRACE	Retrying in 100ms
1747658816813	geckodriver::browser	TRACE	Failed to open /var/folders/m0/2grp25fj0sxf1t4lx5c2n1rc0000gn/T/rust_mozprofiler7Spll/MarionetteActivePort
1747658816813	geckodriver::marionette	TRACE	Retrying in 100ms
1747658816918	geckodriver::browser	TRACE	Failed to open /var/folders/m0/2grp25fj0sxf1t4lx5c2n1rc0000gn/T/rust_mozprofiler7Spll/MarionetteActivePort
1747658816919	geckodriver::marionette	TRACE	Retrying in 100ms
1747658817023	geckodriver::browser	TRACE	Failed to open /var/folders/m0/2grp25fj0sxf1t4lx5c2n1rc0000gn/T/rust_mozprofiler7Spll/MarionetteActivePort
1747658817023	geckodriver::marionette	TRACE	Retrying in 100ms
1747658817132	geckodriver::browser	TRACE	Failed to open /var/folders/m0/2grp25fj0sxf1t4lx5c2n1rc0000gn/T/rust_mozprofiler7Spll/MarionetteActivePort
1747658817132	geckodriver::marionette	TRACE	Retrying in 100ms
1747658817233	geckodriver::browser	TRACE	Failed to open /var/folders/m0/2grp25fj0sxf1t4lx5c2n1rc0000gn/T/rust_mozprofiler7Spll/MarionetteActivePort
1747658817234	geckodriver::marionette	TRACE	Retrying in 100ms
1747658817335	geckodriver::browser	TRACE	Failed to open /var/folders/m0/2grp25fj0sxf1t4lx5c2n1rc0000gn/T/rust_mozprofiler7Spll/MarionetteActivePort
1747658817335	geckodriver::marionette	TRACE	Retrying in 100ms
1747658817461	geckodriver::browser	TRACE	Failed to open /var/folders/m0/2grp25fj0sxf1t4lx5c2n1rc0000gn/T/rust_mozprofiler7Spll/MarionetteActivePort
1747658817466	geckodriver::marionette	TRACE	Retrying in 100ms
console.warn: services.settings: Ignoring preference override of remote settings server
console.warn: services.settings: Allow by setting MOZ_REMOTE_SETTINGS_DEVTOOLS=1 in the environment
1747658817571	geckodriver::browser	TRACE	Failed to open /var/folders/m0/2grp25fj0sxf1t4lx5c2n1rc0000gn/T/rust_mozprofiler7Spll/MarionetteActivePort
1747658817571	geckodriver::marionette	TRACE	Retrying in 100ms
1747658817673	geckodriver::browser	TRACE	Failed to open /var/folders/m0/2grp25fj0sxf1t4lx5c2n1rc0000gn/T/rust_mozprofiler7Spll/MarionetteActivePort
1747658817673	geckodriver::marionette	TRACE	Retrying in 100ms
1747658817809	geckodriver::browser	TRACE	Failed to open /var/folders/m0/2grp25fj0sxf1t4lx5c2n1rc0000gn/T/rust_mozprofiler7Spll/MarionetteActivePort
1747658817810	geckodriver::marionette	TRACE	Retrying in 100ms
1747658817914	geckodriver::browser	TRACE	Failed to open /var/folders/m0/2grp25fj0sxf1t4lx5c2n1rc0000gn/T/rust_mozprofiler7Spll/MarionetteActivePort
1747658817914	geckodriver::marionette	TRACE	Retrying in 100ms
1747658818018	geckodriver::browser	TRACE	Failed to open /var/folders/m0/2grp25fj0sxf1t4lx5c2n1rc0000gn/T/rust_mozprofiler7Spll/MarionetteActivePort
1747658818018	geckodriver::marionette	TRACE	Retrying in 100ms
1747658818147	geckodriver::browser	TRACE	Failed to open /var/folders/m0/2grp25fj0sxf1t4lx5c2n1rc0000gn/T/rust_mozprofiler7Spll/MarionetteActivePort
1747658818147	geckodriver::marionette	TRACE	Retrying in 100ms
1747658818251	geckodriver::browser	TRACE	Failed to open /var/folders/m0/2grp25fj0sxf1t4lx5c2n1rc0000gn/T/rust_mozprofiler7Spll/MarionetteActivePort
1747658818251	geckodriver::marionette	TRACE	Retrying in 100ms
1747658818353	geckodriver::browser	TRACE	Failed to open /var/folders/m0/2grp25fj0sxf1t4lx5c2n1rc0000gn/T/rust_mozprofiler7Spll/MarionetteActivePort
1747658818354	geckodriver::marionette	TRACE	Retrying in 100ms
1747658818458	geckodriver::browser	TRACE	Failed to open /var/folders/m0/2grp25fj0sxf1t4lx5c2n1rc0000gn/T/rust_mozprofiler7Spll/MarionetteActivePort
1747658818458	geckodriver::marionette	TRACE	Retrying in 100ms
1747658818567	geckodriver::browser	TRACE	Failed to open /var/folders/m0/2grp25fj0sxf1t4lx5c2n1rc0000gn/T/rust_mozprofiler7Spll/MarionetteActivePort
1747658818568	geckodriver::marionette	TRACE	Retrying in 100ms
1747658818671	geckodriver::browser	TRACE	Failed to open /var/folders/m0/2grp25fj0sxf1t4lx5c2n1rc0000gn/T/rust_mozprofiler7Spll/MarionetteActivePort
1747658818672	geckodriver::marionette	TRACE	Retrying in 100ms
1747658818774	geckodriver::browser	TRACE	Failed to open /var/folders/m0/2grp25fj0sxf1t4lx5c2n1rc0000gn/T/rust_mozprofiler7Spll/MarionetteActivePort
1747658818775	geckodriver::marionette	TRACE	Retrying in 100ms
1747658818879	geckodriver::browser	TRACE	Failed to open /var/folders/m0/2grp25fj0sxf1t4lx5c2n1rc0000gn/T/rust_mozprofiler7Spll/MarionetteActivePort
1747658818880	geckodriver::marionette	TRACE	Retrying in 100ms
1747658818987	geckodriver::browser	TRACE	Failed to open /var/folders/m0/2grp25fj0sxf1t4lx5c2n1rc0000gn/T/rust_mozprofiler7Spll/MarionetteActivePort
1747658818987	geckodriver::marionette	TRACE	Retrying in 100ms
1747658819089	geckodriver::browser	TRACE	Failed to open /var/folders/m0/2grp25fj0sxf1t4lx5c2n1rc0000gn/T/rust_mozprofiler7Spll/MarionetteActivePort
1747658819089	geckodriver::marionette	TRACE	Retrying in 100ms
1747658819192	geckodriver::browser	TRACE	Failed to open /var/folders/m0/2grp25fj0sxf1t4lx5c2n1rc0000gn/T/rust_mozprofiler7Spll/MarionetteActivePort
1747658819192	geckodriver::marionette	TRACE	Retrying in 100ms
1747658819295	geckodriver::browser	TRACE	Failed to open /var/folders/m0/2grp25fj0sxf1t4lx5c2n1rc0000gn/T/rust_mozprofiler7Spll/MarionetteActivePort
1747658819295	geckodriver::marionette	TRACE	Retrying in 100ms
1747658819405	geckodriver::browser	TRACE	Failed to open /var/folders/m0/2grp25fj0sxf1t4lx5c2n1rc0000gn/T/rust_mozprofiler7Spll/MarionetteActivePort
1747658819405	geckodriver::marionette	TRACE	Retrying in 100ms
1747658819509	geckodriver::browser	TRACE	Failed to open /var/folders/m0/2grp25fj0sxf1t4lx5c2n1rc0000gn/T/rust_mozprofiler7Spll/MarionetteActivePort
1747658819510	geckodriver::marionette	TRACE	Retrying in 100ms
1747658819612	geckodriver::browser	TRACE	Failed to open /var/folders/m0/2grp25fj0sxf1t4lx5c2n1rc0000gn/T/rust_mozprofiler7Spll/MarionetteActivePort
1747658819612	geckodriver::marionette	TRACE	Retrying in 100ms
1747658819713	geckodriver::browser	TRACE	Failed to open /var/folders/m0/2grp25fj0sxf1t4lx5c2n1rc0000gn/T/rust_mozprofiler7Spll/MarionetteActivePort
1747658819716	geckodriver::marionette	TRACE	Retrying in 100ms
1747658819820	geckodriver::browser	TRACE	Failed to open /var/folders/m0/2grp25fj0sxf1t4lx5c2n1rc0000gn/T/rust_mozprofiler7Spll/MarionetteActivePort
1747658819821	geckodriver::marionette	TRACE	Retrying in 100ms
1747658819923	geckodriver::browser	TRACE	Failed to open /var/folders/m0/2grp25fj0sxf1t4lx5c2n1rc0000gn/T/rust_mozprofiler7Spll/MarionetteActivePort
1747658819923	geckodriver::marionette	TRACE	Retrying in 100ms
1747658820026	geckodriver::browser	TRACE	Failed to open /var/folders/m0/2grp25fj0sxf1t4lx5c2n1rc0000gn/T/rust_mozprofiler7Spll/MarionetteActivePort
1747658820026	geckodriver::marionette	TRACE	Retrying in 100ms
1747658820127	geckodriver::browser	TRACE	Failed to open /var/folders/m0/2grp25fj0sxf1t4lx5c2n1rc0000gn/T/rust_mozprofiler7Spll/MarionetteActivePort
1747658820127	geckodriver::marionette	TRACE	Retrying in 100ms
1747658820240	geckodriver::browser	TRACE	Failed to open /var/folders/m0/2grp25fj0sxf1t4lx5c2n1rc0000gn/T/rust_mozprofiler7Spll/MarionetteActivePort
1747658820241	geckodriver::marionette	TRACE	Retrying in 100ms
1747658820343	geckodriver::browser	TRACE	Failed to open /var/folders/m0/2grp25fj0sxf1t4lx5c2n1rc0000gn/T/rust_mozprofiler7Spll/MarionetteActivePort
1747658820344	geckodriver::marionette	TRACE	Retrying in 100ms
1747658820445	geckodriver::browser	TRACE	Failed to open /var/folders/m0/2grp25fj0sxf1t4lx5c2n1rc0000gn/T/rust_mozprofiler7Spll/MarionetteActivePort
1747658820445	geckodriver::marionette	TRACE	Retrying in 100ms
1747658820551	geckodriver::browser	TRACE	Failed to open /var/folders/m0/2grp25fj0sxf1t4lx5c2n1rc0000gn/T/rust_mozprofiler7Spll/MarionetteActivePort
1747658820551	geckodriver::marionette	TRACE	Retrying in 100ms
1747658820655	geckodriver::browser	TRACE	Failed to open /var/folders/m0/2grp25fj0sxf1t4lx5c2n1rc0000gn/T/rust_mozprofiler7Spll/MarionetteActivePort
1747658820656	geckodriver::marionette	TRACE	Retrying in 100ms
1747658820759	geckodriver::browser	TRACE	Failed to open /var/folders/m0/2grp25fj0sxf1t4lx5c2n1rc0000gn/T/rust_mozprofiler7Spll/MarionetteActivePort
1747658820759	geckodriver::marionette	TRACE	Retrying in 100ms
1747658820880	geckodriver::browser	TRACE	Failed to open /var/folders/m0/2grp25fj0sxf1t4lx5c2n1rc0000gn/T/rust_mozprofiler7Spll/MarionetteActivePort
1747658820880	geckodriver::marionette	TRACE	Retrying in 100ms
1747658820984	geckodriver::browser	TRACE	Failed to open /var/folders/m0/2grp25fj0sxf1t4lx5c2n1rc0000gn/T/rust_mozprofiler7Spll/MarionetteActivePort
1747658820992	geckodriver::marionette	TRACE	Retrying in 100ms
1747658821097	geckodriver::browser	TRACE	Failed to open /var/folders/m0/2grp25fj0sxf1t4lx5c2n1rc0000gn/T/rust_mozprofiler7Spll/MarionetteActivePort
1747658821097	geckodriver::marionette	TRACE	Retrying in 100ms
1747658821199	geckodriver::browser	TRACE	Failed to open /var/folders/m0/2grp25fj0sxf1t4lx5c2n1rc0000gn/T/rust_mozprofiler7Spll/MarionetteActivePort
1747658821199	geckodriver::marionette	TRACE	Retrying in 100ms
1747658821300	geckodriver::browser	TRACE	Failed to open /var/folders/m0/2grp25fj0sxf1t4lx5c2n1rc0000gn/T/rust_mozprofiler7Spll/MarionetteActivePort
1747658821300	geckodriver::marionette	TRACE	Retrying in 100ms
1747658821400	geckodriver::browser	TRACE	Failed to open /var/folders/m0/2grp25fj0sxf1t4lx5c2n1rc0000gn/T/rust_mozprofiler7Spll/MarionetteActivePort
1747658821401	geckodriver::marionette	TRACE	Retrying in 100ms
1747658821513	geckodriver::browser	TRACE	Failed to open /var/folders/m0/2grp25fj0sxf1t4lx5c2n1rc0000gn/T/rust_mozprofiler7Spll/MarionetteActivePort
1747658821513	geckodriver::marionette	TRACE	Retrying in 100ms
1747658821615	geckodriver::browser	TRACE	Failed to open /var/folders/m0/2grp25fj0sxf1t4lx5c2n1rc0000gn/T/rust_mozprofiler7Spll/MarionetteActivePort
1747658821615	geckodriver::marionette	TRACE	Retrying in 100ms
1747658821718	geckodriver::browser	TRACE	Failed to open /var/folders/m0/2grp25fj0sxf1t4lx5c2n1rc0000gn/T/rust_mozprofiler7Spll/MarionetteActivePort
1747658821718	geckodriver::marionette	TRACE	Retrying in 100ms
1747658821820	geckodriver::browser	TRACE	Failed to open /var/folders/m0/2grp25fj0sxf1t4lx5c2n1rc0000gn/T/rust_mozprofiler7Spll/MarionetteActivePort
1747658821820	geckodriver::marionette	TRACE	Retrying in 100ms
1747658821928	geckodriver::browser	TRACE	Failed to open /var/folders/m0/2grp25fj0sxf1t4lx5c2n1rc0000gn/T/rust_mozprofiler7Spll/MarionetteActivePort
1747658821929	geckodriver::marionette	TRACE	Retrying in 100ms
1747658822033	geckodriver::browser	TRACE	Failed to open /var/folders/m0/2grp25fj0sxf1t4lx5c2n1rc0000gn/T/rust_mozprofiler7Spll/MarionetteActivePort
1747658822033	geckodriver::marionette	TRACE	Retrying in 100ms
1747658822139	geckodriver::browser	TRACE	Failed to open /var/folders/m0/2grp25fj0sxf1t4lx5c2n1rc0000gn/T/rust_mozprofiler7Spll/MarionetteActivePort
1747658822139	geckodriver::marionette	TRACE	Retrying in 100ms
1747658822241	geckodriver::browser	TRACE	Failed to open /var/folders/m0/2grp25fj0sxf1t4lx5c2n1rc0000gn/T/rust_mozprofiler7Spll/MarionetteActivePort
1747658822243	geckodriver::marionette	TRACE	Retrying in 100ms
1747658822344	geckodriver::browser	TRACE	Failed to open /var/folders/m0/2grp25fj0sxf1t4lx5c2n1rc0000gn/T/rust_mozprofiler7Spll/MarionetteActivePort
1747658822345	geckodriver::marionette	TRACE	Retrying in 100ms
1747658822446	geckodriver::browser	TRACE	Failed to open /var/folders/m0/2grp25fj0sxf1t4lx5c2n1rc0000gn/T/rust_mozprofiler7Spll/MarionetteActivePort
1747658822447	geckodriver::marionette	TRACE	Retrying in 100ms
1747658822552	geckodriver::browser	TRACE	Failed to open /var/folders/m0/2grp25fj0sxf1t4lx5c2n1rc0000gn/T/rust_mozprofiler7Spll/MarionetteActivePort
1747658822552	geckodriver::marionette	TRACE	Retrying in 100ms
1747658822655	geckodriver::browser	TRACE	Failed to open /var/folders/m0/2grp25fj0sxf1t4lx5c2n1rc0000gn/T/rust_mozprofiler7Spll/MarionetteActivePort
1747658822655	geckodriver::marionette	TRACE	Retrying in 100ms
1747658822762	geckodriver::browser	TRACE	Failed to open /var/folders/m0/2grp25fj0sxf1t4lx5c2n1rc0000gn/T/rust_mozprofiler7Spll/MarionetteActivePort
1747658822762	geckodriver::marionette	TRACE	Retrying in 100ms
1747658822867	geckodriver::browser	TRACE	Failed to open /var/folders/m0/2grp25fj0sxf1t4lx5c2n1rc0000gn/T/rust_mozprofiler7Spll/MarionetteActivePort
1747658822868	geckodriver::marionette	TRACE	Retrying in 100ms
1747658822969	geckodriver::browser	TRACE	Failed to open /var/folders/m0/2grp25fj0sxf1t4lx5c2n1rc0000gn/T/rust_mozprofiler7Spll/MarionetteActivePort
1747658822969	geckodriver::marionette	TRACE	Retrying in 100ms
1747658823082	geckodriver::browser	TRACE	Failed to open /var/folders/m0/2grp25fj0sxf1t4lx5c2n1rc0000gn/T/rust_mozprofiler7Spll/MarionetteActivePort
1747658823083	geckodriver::marionette	TRACE	Retrying in 100ms
1747658823194	geckodriver::browser	TRACE	Failed to open /var/folders/m0/2grp25fj0sxf1t4lx5c2n1rc0000gn/T/rust_mozprofiler7Spll/MarionetteActivePort
1747658823194	geckodriver::marionette	TRACE	Retrying in 100ms
1747658823299	geckodriver::browser	TRACE	Failed to open /var/folders/m0/2grp25fj0sxf1t4lx5c2n1rc0000gn/T/rust_mozprofiler7Spll/MarionetteActivePort
1747658823299	geckodriver::marionette	TRACE	Retrying in 100ms
1747658823430	geckodriver::browser	TRACE	Failed to open /var/folders/m0/2grp25fj0sxf1t4lx5c2n1rc0000gn/T/rust_mozprofiler7Spll/MarionetteActivePort
1747658823430	geckodriver::marionette	TRACE	Retrying in 100ms
1747658823534	geckodriver::browser	TRACE	Failed to open /var/folders/m0/2grp25fj0sxf1t4lx5c2n1rc0000gn/T/rust_mozprofiler7Spll/MarionetteActivePort
1747658823535	geckodriver::marionette	TRACE	Retrying in 100ms
1747658823640	geckodriver::browser	TRACE	Failed to open /var/folders/m0/2grp25fj0sxf1t4lx5c2n1rc0000gn/T/rust_mozprofiler7Spll/MarionetteActivePort
1747658823641	geckodriver::marionette	TRACE	Retrying in 100ms
1747658823641	Marionette	INFO	Marionette enabled
1747658823683	RemoteAgent	DEBUG	Setting recommended pref apz.content_response_timeout to 60000
1747658823685	RemoteAgent	DEBUG	Setting recommended pref browser.contentblocking.introCount to 99
1747658823685	RemoteAgent	DEBUG	Setting recommended pref browser.download.panel.shown to true
1747658823686	RemoteAgent	DEBUG	Setting recommended pref browser.http.blank_page_with_error_response.enabled to true
1747658823688	RemoteAgent	DEBUG	Setting recommended pref browser.newtabpage.activity-stream.discoverystream.region-weather-config to 
1747658823688	RemoteAgent	DEBUG	Setting recommended pref browser.newtabpage.activity-stream.newtabWallpapers.enabled to false
1747658823688	RemoteAgent	DEBUG	Setting recommended pref browser.newtabpage.activity-stream.newtabWallpapers.v2.enabled to false
1747658823689	RemoteAgent	DEBUG	Setting recommended pref browser.newtabpage.activity-stream.showSponsoredTopSites to false
1747658823689	RemoteAgent	DEBUG	Setting recommended pref browser.newtabpage.enabled to false
1747658823690	RemoteAgent	DEBUG	Setting recommended pref browser.pagethumbnails.capturing_disabled to true
1747658823691	RemoteAgent	DEBUG	Setting recommended pref browser.region.network.url to 
1747658823691	RemoteAgent	DEBUG	Setting recommended pref browser.safebrowsing.blockedURIs.enabled to false
1747658823691	RemoteAgent	DEBUG	Setting recommended pref browser.safebrowsing.downloads.enabled to false
1747658823691	RemoteAgent	DEBUG	Setting recommended pref browser.safebrowsing.malware.enabled to false
1747658823692	RemoteAgent	DEBUG	Setting recommended pref browser.safebrowsing.phishing.enabled to false
1747658823692	RemoteAgent	DEBUG	Setting recommended pref browser.search.update to false
1747658823692	RemoteAgent	DEBUG	Setting recommended pref browser.startup.couldRestoreSession.count to -1
1747658823692	RemoteAgent	DEBUG	Setting recommended pref browser.tabs.remote.unloadDelayMs to 0
1747658823692	RemoteAgent	DEBUG	Setting recommended pref browser.tabs.unloadOnLowMemory to false
1747658823692	RemoteAgent	DEBUG	Setting recommended pref browser.tabs.warnOnClose to false
1747658823692	RemoteAgent	DEBUG	Setting recommended pref browser.tabs.warnOnCloseOtherTabs to false
1747658823693	RemoteAgent	DEBUG	Setting recommended pref browser.tabs.warnOnOpen to false
1747658823693	RemoteAgent	DEBUG	Setting recommended pref browser.toolbars.bookmarks.visibility to never
1747658823693	RemoteAgent	DEBUG	Setting recommended pref browser.topsites.contile.enabled to false
1747658823693	RemoteAgent	DEBUG	Setting recommended pref browser.usedOnWindows10.introURL to 
1747658823693	RemoteAgent	DEBUG	Setting recommended pref browser.urlbar.merino.endpointURL to 
1747658823693	RemoteAgent	DEBUG	Setting recommended pref browser.urlbar.suggest.searches to false
1747658823694	RemoteAgent	DEBUG	Setting recommended pref datareporting.policy.dataSubmissionPolicyAccepted to false
1747658823694	RemoteAgent	DEBUG	Setting recommended pref dom.disable_open_during_load to false
1747658823694	RemoteAgent	DEBUG	Setting recommended pref dom.file.createInChild to true
1747658823694	RemoteAgent	DEBUG	Setting recommended pref dom.input_events.security.minNumTicks to 0
1747658823695	RemoteAgent	DEBUG	Setting recommended pref dom.input_events.security.minTimeElapsedInMS to 0
1747658823695	RemoteAgent	DEBUG	Setting recommended pref dom.max_chrome_script_run_time to 0
1747658823695	RemoteAgent	DEBUG	Setting recommended pref dom.max_script_run_time to 0
1747658823696	RemoteAgent	DEBUG	Setting recommended pref dom.navigation.navigationRateLimit.count to 0
1747658823698	RemoteAgent	DEBUG	Setting recommended pref dom.push.connection.enabled to false
1747658823701	RemoteAgent	DEBUG	Setting recommended pref dom.screenorientation.allow-lock to true
1747658823702	RemoteAgent	DEBUG	Setting recommended pref dom.successive_dialog_time_limit to 0
1747658823702	RemoteAgent	DEBUG	Setting recommended pref extensions.getAddons.cache.enabled to false
1747658823710	RemoteAgent	DEBUG	Setting recommended pref extensions.getAddons.discovery.api_url to data:, 
1747658823710	RemoteAgent	DEBUG	Setting recommended pref extensions.blocklist.detailsURL to http://%(server)s/extensions-dummy/blocklistDetailsURL
1747658823711	RemoteAgent	DEBUG	Setting recommended pref extensions.blocklist.itemURL to http://%(server)s/extensions-dummy/blocklistItemURL
1747658823712	RemoteAgent	DEBUG	Setting recommended pref extensions.hotfix.url to http://%(server)s/extensions-dummy/hotfixURL
1747658823712	RemoteAgent	DEBUG	Setting recommended pref extensions.systemAddon.update.enabled to false
1747658823712	RemoteAgent	DEBUG	Setting recommended pref extensions.update.background.url to http://%(server)s/extensions-dummy/updateBackgroundURL
1747658823712	RemoteAgent	DEBUG	Setting recommended pref extensions.update.url to http://%(server)s/extensions-dummy/updateURL
1747658823713	RemoteAgent	DEBUG	Setting recommended pref extensions.getAddons.get.url to http://%(server)s/extensions-dummy/repositoryGetURL
1747658823713	RemoteAgent	DEBUG	Setting recommended pref extensions.getAddons.search.browseURL to http://%(server)s/extensions-dummy/repositoryBrowseURL
1747658823714	RemoteAgent	DEBUG	Setting recommended pref geo.provider.network.url to 
1747658823715	RemoteAgent	DEBUG	Setting recommended pref identity.fxaccounts.auth.uri to https://{server}/dummy/fxa
1747658823715	RemoteAgent	DEBUG	Setting recommended pref network.connectivity-service.enabled to false
1747658823715	RemoteAgent	DEBUG	Setting recommended pref network.http.phishy-userpass-length to 255
1747658823716	RemoteAgent	DEBUG	Setting recommended pref network.http.prompt-temp-redirect to false
1747658823716	RemoteAgent	DEBUG	Setting recommended pref privacy.trackingprotection.enabled to false
1747658823716	RemoteAgent	DEBUG	Setting recommended pref remote.prefs.recommended.applied to true
1747658823716	RemoteAgent	DEBUG	Setting recommended pref security.fileuri.strict_origin_policy to false
1747658823717	RemoteAgent	DEBUG	Setting recommended pref security.notification_enable_delay to 0
1747658823718	RemoteAgent	DEBUG	Setting recommended pref security.remote_settings.intermediates.enabled to false
1747658823718	RemoteAgent	DEBUG	Setting recommended pref services.settings.loglevel to off
1747658823719	RemoteAgent	DEBUG	Setting recommended pref signon.autofillForms to false
1747658823719	RemoteAgent	DEBUG	Setting recommended pref signon.rememberSignons to false
1747658823719	RemoteAgent	DEBUG	Setting recommended pref toolkit.telemetry.server to https://%(server)s/telemetry-dummy/
1747658823719	RemoteAgent	DEBUG	Setting recommended pref widget.windows.window_occlusion_tracking.enabled to false
1747658823745	geckodriver::browser	TRACE	Failed to open /var/folders/m0/2grp25fj0sxf1t4lx5c2n1rc0000gn/T/rust_mozprofiler7Spll/MarionetteActivePort
1747658823745	geckodriver::marionette	TRACE	Retrying in 100ms
1747658823848	geckodriver::browser	TRACE	Failed to open /var/folders/m0/2grp25fj0sxf1t4lx5c2n1rc0000gn/T/rust_mozprofiler7Spll/MarionetteActivePort
1747658823848	geckodriver::marionette	TRACE	Retrying in 100ms
1747658823956	geckodriver::browser	TRACE	Failed to open /var/folders/m0/2grp25fj0sxf1t4lx5c2n1rc0000gn/T/rust_mozprofiler7Spll/MarionetteActivePort
1747658823956	geckodriver::marionette	TRACE	Retrying in 100ms
1747658824062	geckodriver::browser	TRACE	Failed to open /var/folders/m0/2grp25fj0sxf1t4lx5c2n1rc0000gn/T/rust_mozprofiler7Spll/MarionetteActivePort
1747658824063	geckodriver::marionette	TRACE	Retrying in 100ms
1747658824246	geckodriver::browser	TRACE	Failed to open /var/folders/m0/2grp25fj0sxf1t4lx5c2n1rc0000gn/T/rust_mozprofiler7Spll/MarionetteActivePort
1747658824246	geckodriver::marionette	TRACE	Retrying in 100ms
1747658824350	geckodriver::browser	TRACE	Failed to open /var/folders/m0/2grp25fj0sxf1t4lx5c2n1rc0000gn/T/rust_mozprofiler7Spll/MarionetteActivePort
1747658824350	geckodriver::marionette	TRACE	Retrying in 100ms
1747658824455	geckodriver::browser	TRACE	Failed to open /var/folders/m0/2grp25fj0sxf1t4lx5c2n1rc0000gn/T/rust_mozprofiler7Spll/MarionetteActivePort
1747658824456	geckodriver::marionette	TRACE	Retrying in 100ms
1747658824563	geckodriver::browser	TRACE	Failed to open /var/folders/m0/2grp25fj0sxf1t4lx5c2n1rc0000gn/T/rust_mozprofiler7Spll/MarionetteActivePort
1747658824563	geckodriver::marionette	TRACE	Retrying in 100ms
1747658824672	geckodriver::browser	TRACE	Failed to open /var/folders/m0/2grp25fj0sxf1t4lx5c2n1rc0000gn/T/rust_mozprofiler7Spll/MarionetteActivePort
1747658824672	geckodriver::marionette	TRACE	Retrying in 100ms
1747658824786	geckodriver::browser	TRACE	Failed to open /var/folders/m0/2grp25fj0sxf1t4lx5c2n1rc0000gn/T/rust_mozprofiler7Spll/MarionetteActivePort
1747658824786	geckodriver::marionette	TRACE	Retrying in 100ms
1747658824889	geckodriver::browser	TRACE	Failed to open /var/folders/m0/2grp25fj0sxf1t4lx5c2n1rc0000gn/T/rust_mozprofiler7Spll/MarionetteActivePort
1747658824889	geckodriver::marionette	TRACE	Retrying in 100ms
1747658824997	geckodriver::browser	TRACE	Failed to open /var/folders/m0/2grp25fj0sxf1t4lx5c2n1rc0000gn/T/rust_mozprofiler7Spll/MarionetteActivePort
1747658824998	geckodriver::marionette	TRACE	Retrying in 100ms
1747658825105	geckodriver::browser	TRACE	Failed to open /var/folders/m0/2grp25fj0sxf1t4lx5c2n1rc0000gn/T/rust_mozprofiler7Spll/MarionetteActivePort
1747658825105	geckodriver::marionette	TRACE	Retrying in 100ms
1747658825211	geckodriver::browser	TRACE	Failed to open /var/folders/m0/2grp25fj0sxf1t4lx5c2n1rc0000gn/T/rust_mozprofiler7Spll/MarionetteActivePort
1747658825211	geckodriver::marionette	TRACE	Retrying in 100ms
1747658825345	geckodriver::browser	TRACE	Failed to open /var/folders/m0/2grp25fj0sxf1t4lx5c2n1rc0000gn/T/rust_mozprofiler7Spll/MarionetteActivePort
1747658825346	geckodriver::marionette	TRACE	Retrying in 100ms
1747658825451	geckodriver::browser	TRACE	Failed to open /var/folders/m0/2grp25fj0sxf1t4lx5c2n1rc0000gn/T/rust_mozprofiler7Spll/MarionetteActivePort
1747658825454	geckodriver::marionette	TRACE	Retrying in 100ms
1747658825590	geckodriver::browser	TRACE	Failed to open /var/folders/m0/2grp25fj0sxf1t4lx5c2n1rc0000gn/T/rust_mozprofiler7Spll/MarionetteActivePort
1747658825591	geckodriver::marionette	TRACE	Retrying in 100ms
1747658825695	geckodriver::browser	TRACE	Failed to open /var/folders/m0/2grp25fj0sxf1t4lx5c2n1rc0000gn/T/rust_mozprofiler7Spll/MarionetteActivePort
1747658825696	geckodriver::marionette	TRACE	Retrying in 100ms
1747658825800	geckodriver::browser	TRACE	Failed to open /var/folders/m0/2grp25fj0sxf1t4lx5c2n1rc0000gn/T/rust_mozprofiler7Spll/MarionetteActivePort
1747658825800	geckodriver::marionette	TRACE	Retrying in 100ms
1747658825909	geckodriver::browser	TRACE	Failed to open /var/folders/m0/2grp25fj0sxf1t4lx5c2n1rc0000gn/T/rust_mozprofiler7Spll/MarionetteActivePort
1747658825910	geckodriver::marionette	TRACE	Retrying in 100ms
1747658826015	geckodriver::browser	TRACE	Failed to open /var/folders/m0/2grp25fj0sxf1t4lx5c2n1rc0000gn/T/rust_mozprofiler7Spll/MarionetteActivePort
1747658826016	geckodriver::marionette	TRACE	Retrying in 100ms
1747658826123	geckodriver::browser	TRACE	Failed to open /var/folders/m0/2grp25fj0sxf1t4lx5c2n1rc0000gn/T/rust_mozprofiler7Spll/MarionetteActivePort
1747658826123	geckodriver::marionette	TRACE	Retrying in 100ms
1747658826238	geckodriver::browser	TRACE	Failed to open /var/folders/m0/2grp25fj0sxf1t4lx5c2n1rc0000gn/T/rust_mozprofiler7Spll/MarionetteActivePort
1747658826240	geckodriver::marionette	TRACE	Retrying in 100ms
1747658826356	geckodriver::browser	TRACE	Failed to open /var/folders/m0/2grp25fj0sxf1t4lx5c2n1rc0000gn/T/rust_mozprofiler7Spll/MarionetteActivePort
1747658826357	geckodriver::marionette	TRACE	Retrying in 100ms
1747658826465	geckodriver::browser	TRACE	Failed to open /var/folders/m0/2grp25fj0sxf1t4lx5c2n1rc0000gn/T/rust_mozprofiler7Spll/MarionetteActivePort
1747658826465	geckodriver::marionette	TRACE	Retrying in 100ms
1747658826580	geckodriver::browser	TRACE	Failed to open /var/folders/m0/2grp25fj0sxf1t4lx5c2n1rc0000gn/T/rust_mozprofiler7Spll/MarionetteActivePort
1747658826580	geckodriver::marionette	TRACE	Retrying in 100ms
1747658826721	geckodriver::browser	TRACE	Failed to open /var/folders/m0/2grp25fj0sxf1t4lx5c2n1rc0000gn/T/rust_mozprofiler7Spll/MarionetteActivePort
1747658826721	geckodriver::marionette	TRACE	Retrying in 100ms
1747658826822	geckodriver::browser	TRACE	Failed to open /var/folders/m0/2grp25fj0sxf1t4lx5c2n1rc0000gn/T/rust_mozprofiler7Spll/MarionetteActivePort
1747658826824	geckodriver::marionette	TRACE	Retrying in 100ms
1747658826926	geckodriver::browser	TRACE	Failed to open /var/folders/m0/2grp25fj0sxf1t4lx5c2n1rc0000gn/T/rust_mozprofiler7Spll/MarionetteActivePort
1747658826926	geckodriver::marionette	TRACE	Retrying in 100ms
1747658827029	geckodriver::browser	TRACE	Failed to open /var/folders/m0/2grp25fj0sxf1t4lx5c2n1rc0000gn/T/rust_mozprofiler7Spll/MarionetteActivePort
1747658827029	geckodriver::marionette	TRACE	Retrying in 100ms
1747658827175	geckodriver::browser	TRACE	Failed to open /var/folders/m0/2grp25fj0sxf1t4lx5c2n1rc0000gn/T/rust_mozprofiler7Spll/MarionetteActivePort
1747658827175	geckodriver::marionette	TRACE	Retrying in 100ms
1747658827179	Marionette	TRACE	Received observer notification final-ui-startup
1747658827276	geckodriver::browser	TRACE	Failed to open /var/folders/m0/2grp25fj0sxf1t4lx5c2n1rc0000gn/T/rust_mozprofiler7Spll/MarionetteActivePort
1747658827276	geckodriver::marionette	TRACE	Retrying in 100ms
1747658827377	geckodriver::browser	TRACE	Failed to open /var/folders/m0/2grp25fj0sxf1t4lx5c2n1rc0000gn/T/rust_mozprofiler7Spll/MarionetteActivePort
1747658827377	geckodriver::marionette	TRACE	Retrying in 100ms
1747658827480	geckodriver::browser	TRACE	Failed to open /var/folders/m0/2grp25fj0sxf1t4lx5c2n1rc0000gn/T/rust_mozprofiler7Spll/MarionetteActivePort
1747658827480	geckodriver::marionette	TRACE	Retrying in 100ms
1747658827581	geckodriver::browser	TRACE	Failed to open /var/folders/m0/2grp25fj0sxf1t4lx5c2n1rc0000gn/T/rust_mozprofiler7Spll/MarionetteActivePort
1747658827582	geckodriver::marionette	TRACE	Retrying in 100ms
1747658827685	geckodriver::browser	TRACE	Failed to open /var/folders/m0/2grp25fj0sxf1t4lx5c2n1rc0000gn/T/rust_mozprofiler7Spll/MarionetteActivePort
1747658827685	geckodriver::marionette	TRACE	Retrying in 100ms
1747658827909	geckodriver::browser	TRACE	Failed to open /var/folders/m0/2grp25fj0sxf1t4lx5c2n1rc0000gn/T/rust_mozprofiler7Spll/MarionetteActivePort
1747658827910	geckodriver::marionette	TRACE	Retrying in 100ms
1747658828011	geckodriver::browser	TRACE	Failed to open /var/folders/m0/2grp25fj0sxf1t4lx5c2n1rc0000gn/T/rust_mozprofiler7Spll/MarionetteActivePort
1747658828012	geckodriver::marionette	TRACE	Retrying in 100ms
1747658828113	geckodriver::browser	TRACE	Failed to open /var/folders/m0/2grp25fj0sxf1t4lx5c2n1rc0000gn/T/rust_mozprofiler7Spll/MarionetteActivePort
1747658828113	geckodriver::marionette	TRACE	Retrying in 100ms
1747658828214	geckodriver::browser	TRACE	Failed to open /var/folders/m0/2grp25fj0sxf1t4lx5c2n1rc0000gn/T/rust_mozprofiler7Spll/MarionetteActivePort
1747658828214	geckodriver::marionette	TRACE	Retrying in 100ms
1747658828321	geckodriver::browser	TRACE	Failed to open /var/folders/m0/2grp25fj0sxf1t4lx5c2n1rc0000gn/T/rust_mozprofiler7Spll/MarionetteActivePort
1747658828322	geckodriver::marionette	TRACE	Retrying in 100ms
1747658828426	geckodriver::browser	TRACE	Failed to open /var/folders/m0/2grp25fj0sxf1t4lx5c2n1rc0000gn/T/rust_mozprofiler7Spll/MarionetteActivePort
1747658828426	geckodriver::marionette	TRACE	Retrying in 100ms
1747658828528	geckodriver::browser	TRACE	Failed to open /var/folders/m0/2grp25fj0sxf1t4lx5c2n1rc0000gn/T/rust_mozprofiler7Spll/MarionetteActivePort
1747658828528	geckodriver::marionette	TRACE	Retrying in 100ms
1747658828639	geckodriver::browser	TRACE	Failed to open /var/folders/m0/2grp25fj0sxf1t4lx5c2n1rc0000gn/T/rust_mozprofiler7Spll/MarionetteActivePort
1747658828639	geckodriver::marionette	TRACE	Retrying in 100ms
1747658828744	geckodriver::browser	TRACE	Failed to open /var/folders/m0/2grp25fj0sxf1t4lx5c2n1rc0000gn/T/rust_mozprofiler7Spll/MarionetteActivePort
1747658828744	geckodriver::marionette	TRACE	Retrying in 100ms
1747658828846	geckodriver::browser	TRACE	Failed to open /var/folders/m0/2grp25fj0sxf1t4lx5c2n1rc0000gn/T/rust_mozprofiler7Spll/MarionetteActivePort
1747658828846	geckodriver::marionette	TRACE	Retrying in 100ms
1747658828953	geckodriver::browser	TRACE	Failed to open /var/folders/m0/2grp25fj0sxf1t4lx5c2n1rc0000gn/T/rust_mozprofiler7Spll/MarionetteActivePort
1747658828953	geckodriver::marionette	TRACE	Retrying in 100ms
1747658829058	geckodriver::browser	TRACE	Failed to open /var/folders/m0/2grp25fj0sxf1t4lx5c2n1rc0000gn/T/rust_mozprofiler7Spll/MarionetteActivePort
1747658829058	geckodriver::marionette	TRACE	Retrying in 100ms
1747658829164	geckodriver::browser	TRACE	Failed to open /var/folders/m0/2grp25fj0sxf1t4lx5c2n1rc0000gn/T/rust_mozprofiler7Spll/MarionetteActivePort
1747658829164	geckodriver::marionette	TRACE	Retrying in 100ms
1747658829266	geckodriver::browser	TRACE	Failed to open /var/folders/m0/2grp25fj0sxf1t4lx5c2n1rc0000gn/T/rust_mozprofiler7Spll/MarionetteActivePort
1747658829266	geckodriver::marionette	TRACE	Retrying in 100ms
1747658829377	geckodriver::browser	TRACE	Failed to open /var/folders/m0/2grp25fj0sxf1t4lx5c2n1rc0000gn/T/rust_mozprofiler7Spll/MarionetteActivePort
1747658829377	geckodriver::marionette	TRACE	Retrying in 100ms
1747658829482	geckodriver::browser	TRACE	Failed to open /var/folders/m0/2grp25fj0sxf1t4lx5c2n1rc0000gn/T/rust_mozprofiler7Spll/MarionetteActivePort
1747658829482	geckodriver::marionette	TRACE	Retrying in 100ms
1747658829591	geckodriver::browser	TRACE	Failed to open /var/folders/m0/2grp25fj0sxf1t4lx5c2n1rc0000gn/T/rust_mozprofiler7Spll/MarionetteActivePort
1747658829592	geckodriver::marionette	TRACE	Retrying in 100ms
1747658829666	Marionette	INFO	Listening on port 51309
1747658829684	Marionette	DEBUG	Marionette is listening
1747658829700	geckodriver::browser	TRACE	Failed to open /var/folders/m0/2grp25fj0sxf1t4lx5c2n1rc0000gn/T/rust_mozprofiler7Spll/MarionetteActivePort
1747658829700	geckodriver::marionette	TRACE	Retrying in 100ms
Read port: 51309
2025-05-19 09:47:10.231 plugin-container[39004:449446] nil host used in call to allowsSpecificHTTPSCertificateForHost
2025-05-19 09:47:10.233 plugin-container[39004:449446] nil host used in call to allowsAnyHTTPSCertificateForHost:
2025-05-19 09:47:10.309 plugin-container[39004:449446] nil host used in call to allowsSpecificHTTPSCertificateForHost
2025-05-19 09:47:10.310 plugin-container[39004:449446] nil host used in call to allowsAnyHTTPSCertificateForHost:
2025-05-19 09:47:10.312 plugin-container[39004:449428] nil host used in call to allowsSpecificHTTPSCertificateForHost
2025-05-19 09:47:10.312 plugin-container[39004:449428] nil host used in call to allowsAnyHTTPSCertificateForHost:
1747658830809	geckodriver::marionette	TRACE	Retrying in 100ms
Read port: 51309
1747658831689	Marionette	DEBUG	Accepted connection 0 from 127.0.0.1:51310
1747658831697	Marionette	DEBUG	Accepted connection 1 from 127.0.0.1:51311
1747658831871	Marionette	DEBUG	Closed connection 0
1747658831874	geckodriver::marionette	DEBUG	Connection to Marionette established on 127.0.0.1:51309.
1747658832589	Marionette	DEBUG	1 -> [0,1,"WebDriver:NewSession",{"browserName":"firefox"}]
1747658832614	Marionette	DEBUG	Waiting for initial application window
[GFX1-]: Calling WaitFlushedEvent::Run: is delayed: 4254
2025-05-19 12:47:53.467 plugin-container[39028:449930] nil host used in call to allowsSpecificHTTPSCertificateForHost
2025-05-19 12:47:53.470 plugin-container[39028:449930] nil host used in call to allowsAnyHTTPSCertificateForHost:
2025-05-19 12:47:53.520 plugin-container[39028:449930] nil host used in call to allowsSpecificHTTPSCertificateForHost
2025-05-19 12:47:53.523 plugin-container[39028:449930] nil host used in call to allowsAnyHTTPSCertificateForHost:
2025-05-19 12:47:53.528 plugin-container[39028:449947] nil host used in call to allowsSpecificHTTPSCertificateForHost
2025-05-19 12:47:53.528 plugin-container[39028:449947] nil host used in call to allowsAnyHTTPSCertificateForHost:
1747658874026	Marionette	TRACE	Received observer notification browser-idle-startup-tasks-finished
1747658874211	RemoteAgent	TRACE	[9] ProgressListener Start: expectNavigation=false resolveWhenStarted=false unloadTimeout=5000 waitForExplicitStart=false
1747658874212	RemoteAgent	TRACE	[9] ProgressListener Setting unload timer (5000ms)
1747658874218	RemoteAgent	TRACE	[9] Wait for initial navigation: isInitial=false, isLoadingDocument=false
1747658874218	RemoteAgent	TRACE	[9] Document already finished loading: about:blank
1747658874219	RemoteAgent	TRACE	[9] ProgressListener Stop: has error=false url=about:blank
1747658874626	Marionette	DEBUG	1 <- [1,1,null,{"sessionId":"7f573636-984b-4f80-be33-88c9442662b6","capabilities":{"acceptInsecureCerts":false,"browserName":"firefox","browserVersion":"138.0.4","platformName":"mac","unhandledPromptBehavior":"dismiss and notify","userAgent":"Mozilla/5.0 (Macintosh; Intel Mac OS X 10.15; rv:138.0) Gecko/20100101 Firefox/138.0","moz:buildID":"20250517143237","moz:headless":false,"moz:platformVersion":"21.6.0","moz:processID":38997,"moz:profile":"/var/folders/m0/2grp25fj0sxf1t4lx5c2n1rc0000gn/T/rust_mozprofiler7Spll","moz:shutdownTimeout":60000,"pageLoadStrategy":"normal","timeouts":{"implicit":0,"pageLoad":300000,"script":30000},"setWindowRect":true,"strictFileInteractability":false,"moz:accessibilityChecks":false,"moz:webdriverClick":true,"moz:windowless":false,"proxy":{}}}]
1747658874838	webdriver::server	DEBUG	<- 200 OK {"value":{"sessionId":"7f573636-984b-4f80-be33-88c9442662b6","capabilities":{"acceptInsecureCerts":false,"browserNa ... r":"dismiss and notify","userAgent":"Mozilla/5.0 (Macintosh; Intel Mac OS X 10.15; rv:138.0) Gecko/20100101 Firefox/138.0"}}}
1747658875568	webdriver::server	DEBUG	-> POST /session/7f573636-984b-4f80-be33-88c9442662b6/url {"url":"http://127.0.0.1:3000/login/login.html"}
1747658877678	Marionette	DEBUG	1 -> [0,2,"WebDriver:Navigate",{"url":"http://127.0.0.1:3000/login/login.html"}]
1747658877914	Marionette	TRACE	[9] Received event beforeunload for about:blank
1747658878235	Marionette	TRACE	Remoteness change detected. Set new top-level browsing context to 10
1747658878649	Marionette	TRACE	[10] Received event beforeunload for about:blank
1747658878829	Marionette	TRACE	[10] Received event pagehide for about:blank
1747658882009	Marionette	TRACE	[10] Received event DOMContentLoaded for http://127.0.0.1:3000/login/login.html
1747658885408	Marionette	TRACE	[10] Received event pageshow for http://127.0.0.1:3000/login/login.html
1747658885412	Marionette	DEBUG	1 <- [1,2,null,{"value":null}]
1747658886421	webdriver::server	DEBUG	<- 200 OK {"value":null}
1747658886600	webdriver::server	DEBUG	-> POST /session/7f573636-984b-4f80-be33-88c9442662b6/elements {"using":"css selector","value":"body"}
1747658886959	Marionette	DEBUG	1 -> [0,3,"WebDriver:FindElements",{"using":"css selector","value":"body"}]
1747658887066	RemoteAgent	TRACE	WebDriverProcessData actor created for PID 39024
1747658887082	Marionette	TRACE	[10] MarionetteCommands actor created for window id 10737418241
1747658887191	Marionette	DEBUG	1 <- [1,3,null,[{"element-6066-11e4-a52e-4f735466cecf":"3b9f6176-56af-48d3-be78-8d7019ed801d"}]]
1747658887199	webdriver::server	DEBUG	<- 200 OK {"value":[{"element-6066-11e4-a52e-4f735466cecf":"3b9f6176-56af-48d3-be78-8d7019ed801d"}]}
1747658887231	webdriver::server	DEBUG	-> POST /session/7f573636-984b-4f80-be33-88c9442662b6/execute/sync {"script":"/* isDisplayed */return (function(){return (fun ... ement-6066-11e4-a52e-4f735466cecf":"3b9f6176-56af-48d3-be78-8d7019ed801d","ELEMENT":"3b9f6176-56af-48d3-be78-8d7019ed801d"}]}
1747658887291	Marionette	DEBUG	1 -> [0,4,"WebDriver:ExecuteScript",{"args":[{"ELEMENT":"3b9f6176-56af-48d3-be78-8d7019ed801d","element-6066-11e4-a52e-4f735466cecf":"3b9f6176-56af-48d3-be78-8d7019ed801d"}],"script":"/* isDisplayed */return (function(){return (function(){var g=this||self;\nfunction aa(a){var b=typeof a;if(\"object\"==b)if(a){i ... efined'?window.navigator:null,document:typeof window!='undefined'?window.document:null}, arguments);}).apply(null, arguments)"}]
1747658887399	Marionette	DEBUG	1 <- [1,4,null,{"value":true}]
1747658887482	webdriver::server	DEBUG	<- 200 OK {"value":true}
1747658887551	webdriver::server	DEBUG	-> GET /session/7f573636-984b-4f80-be33-88c9442662b6/title 
1747658887623	Marionette	DEBUG	1 -> [0,5,"WebDriver:GetTitle",{}]
1747658887625	Marionette	DEBUG	1 <- [1,5,null,{"value":"Login"}]
1747658887631	webdriver::server	DEBUG	<- 200 OK {"value":"Login"}
1747658887726	webdriver::server	DEBUG	-> POST /session/7f573636-984b-4f80-be33-88c9442662b6/elements {"using":"css selector","value":"#userLogin"}
1747658887747	Marionette	DEBUG	1 -> [0,6,"WebDriver:FindElements",{"using":"css selector","value":"#userLogin"}]
1747658887760	Marionette	DEBUG	1 <- [1,6,null,[{"element-6066-11e4-a52e-4f735466cecf":"4efb8405-0db5-4c23-9344-c5f4e5d0dbbf"}]]
1747658887773	webdriver::server	DEBUG	<- 200 OK {"value":[{"element-6066-11e4-a52e-4f735466cecf":"4efb8405-0db5-4c23-9344-c5f4e5d0dbbf"}]}
1747658887801	webdriver::server	DEBUG	-> POST /session/7f573636-984b-4f80-be33-88c9442662b6/execute/sync {"script":"/* isDisplayed */return (function(){return (fun ... ement-6066-11e4-a52e-4f735466cecf":"4efb8405-0db5-4c23-9344-c5f4e5d0dbbf","ELEMENT":"4efb8405-0db5-4c23-9344-c5f4e5d0dbbf"}]}
1747658887813	Marionette	DEBUG	1 -> [0,7,"WebDriver:ExecuteScript",{"args":[{"ELEMENT":"4efb8405-0db5-4c23-9344-c5f4e5d0dbbf","element-6066-11e4-a52e-4f735466cecf":"4efb8405-0db5-4c23-9344-c5f4e5d0dbbf"}],"script":"/* isDisplayed */return (function(){return (function(){var g=this||self;\nfunction aa(a){var b=typeof a;if(\"object\"==b)if(a){i ... efined'?window.navigator:null,document:typeof window!='undefined'?window.document:null}, arguments);}).apply(null, arguments)"}]
1747658887879	Marionette	DEBUG	1 <- [1,7,null,{"value":true}]
1747658887884	webdriver::server	DEBUG	<- 200 OK {"value":true}
1747658887991	webdriver::server	DEBUG	-> POST /session/7f573636-984b-4f80-be33-88c9442662b6/elements {"using":"css selector","value":"#adminLogin"}
1747658888029	Marionette	DEBUG	1 -> [0,8,"WebDriver:FindElements",{"using":"css selector","value":"#adminLogin"}]
1747658888068	Marionette	DEBUG	1 <- [1,8,null,[{"element-6066-11e4-a52e-4f735466cecf":"a6c3b663-4859-4b57-9b15-baa37c096eb7"}]]
1747658888073	webdriver::server	DEBUG	<- 200 OK {"value":[{"element-6066-11e4-a52e-4f735466cecf":"a6c3b663-4859-4b57-9b15-baa37c096eb7"}]}
1747658888135	webdriver::server	DEBUG	-> POST /session/7f573636-984b-4f80-be33-88c9442662b6/execute/sync {"script":"/* isDisplayed */return (function(){return (fun ... ement-6066-11e4-a52e-4f735466cecf":"a6c3b663-4859-4b57-9b15-baa37c096eb7","ELEMENT":"a6c3b663-4859-4b57-9b15-baa37c096eb7"}]}
1747658888153	Marionette	DEBUG	1 -> [0,9,"WebDriver:ExecuteScript",{"args":[{"ELEMENT":"a6c3b663-4859-4b57-9b15-baa37c096eb7","element-6066-11e4-a52e-4f735466cecf":"a6c3b663-4859-4b57-9b15-baa37c096eb7"}],"script":"/* isDisplayed */return (function(){return (function(){var g=this||self;\nfunction aa(a){var b=typeof a;if(\"object\"==b)if(a){i ... efined'?window.navigator:null,document:typeof window!='undefined'?window.document:null}, arguments);}).apply(null, arguments)"}]
1747658888180	Marionette	DEBUG	1 <- [1,9,null,{"value":false}]
1747658888183	webdriver::server	DEBUG	<- 200 OK {"value":false}
1747658888273	webdriver::server	DEBUG	-> POST /session/7f573636-984b-4f80-be33-88c9442662b6/elements {"using":"css selector","value":"#registerForm"}
1747658888298	Marionette	DEBUG	1 -> [0,10,"WebDriver:FindElements",{"using":"css selector","value":"#registerForm"}]
1747658888722	Marionette	DEBUG	1 <- [1,10,null,[{"element-6066-11e4-a52e-4f735466cecf":"31a38437-7ac4-471a-983d-8d7986c80d46"}]]
1747658888738	webdriver::server	DEBUG	<- 200 OK {"value":[{"element-6066-11e4-a52e-4f735466cecf":"31a38437-7ac4-471a-983d-8d7986c80d46"}]}
1747658888776	webdriver::server	DEBUG	-> POST /session/7f573636-984b-4f80-be33-88c9442662b6/execute/sync {"script":"/* isDisplayed */return (function(){return (fun ... ement-6066-11e4-a52e-4f735466cecf":"31a38437-7ac4-471a-983d-8d7986c80d46","ELEMENT":"31a38437-7ac4-471a-983d-8d7986c80d46"}]}
1747658888838	Marionette	DEBUG	1 -> [0,11,"WebDriver:ExecuteScript",{"args":[{"ELEMENT":"31a38437-7ac4-471a-983d-8d7986c80d46","element-6066-11e4-a52e-4f735466cecf":"31a38437-7ac4-471a-983d-8d7986c80d46"}],"script":"/* isDisplayed */return (function(){return (function(){var g=this||self;\nfunction aa(a){var b=typeof a;if(\"object\"==b)if(a){i ... efined'?window.navigator:null,document:typeof window!='undefined'?window.document:null}, arguments);}).apply(null, arguments)"}]
1747658888928	Marionette	DEBUG	1 <- [1,11,null,{"value":false}]
1747658888940	webdriver::server	DEBUG	<- 200 OK {"value":false}
1747658888984	webdriver::server	DEBUG	-> POST /session/7f573636-984b-4f80-be33-88c9442662b6/elements {"using":"css selector","value":"#admin-toggle"}
1747658889036	Marionette	DEBUG	1 -> [0,12,"WebDriver:FindElements",{"using":"css selector","value":"#admin-toggle"}]
1747658889061	Marionette	DEBUG	1 <- [1,12,null,[{"element-6066-11e4-a52e-4f735466cecf":"c4fb2e06-e786-4e25-ac36-2d8af692d187"}]]
1747658889065	webdriver::server	DEBUG	<- 200 OK {"value":[{"element-6066-11e4-a52e-4f735466cecf":"c4fb2e06-e786-4e25-ac36-2d8af692d187"}]}
1747658889079	webdriver::server	DEBUG	-> POST /session/7f573636-984b-4f80-be33-88c9442662b6/element/c4fb2e06-e786-4e25-ac36-2d8af692d187/click {}
1747658889100	Marionette	DEBUG	1 -> [0,13,"WebDriver:ElementClick",{"id":"c4fb2e06-e786-4e25-ac36-2d8af692d187"}]
1747658889401	Marionette	TRACE	Received DOM event click for http://127.0.0.1:3000/login/login.html#
1747658889817	Marionette	TRACE	Canceled page load listener because no navigation has been detected
1747658889818	Marionette	DEBUG	1 <- [1,13,null,{"value":null}]
1747658889829	webdriver::server	DEBUG	<- 200 OK {"value":null}
1747658890383	webdriver::server	DEBUG	-> POST /session/7f573636-984b-4f80-be33-88c9442662b6/elements {"using":"css selector","value":"#userLogin"}
1747658890421	Marionette	DEBUG	1 -> [0,14,"WebDriver:FindElements",{"using":"css selector","value":"#userLogin"}]
1747658890485	Marionette	DEBUG	1 <- [1,14,null,[{"element-6066-11e4-a52e-4f735466cecf":"4efb8405-0db5-4c23-9344-c5f4e5d0dbbf"}]]
1747658890487	webdriver::server	DEBUG	<- 200 OK {"value":[{"element-6066-11e4-a52e-4f735466cecf":"4efb8405-0db5-4c23-9344-c5f4e5d0dbbf"}]}
1747658890504	webdriver::server	DEBUG	-> POST /session/7f573636-984b-4f80-be33-88c9442662b6/execute/sync {"script":"/* isDisplayed */return (function(){return (fun ... ement-6066-11e4-a52e-4f735466cecf":"4efb8405-0db5-4c23-9344-c5f4e5d0dbbf","ELEMENT":"4efb8405-0db5-4c23-9344-c5f4e5d0dbbf"}]}
1747658890523	Marionette	DEBUG	1 -> [0,15,"WebDriver:ExecuteScript",{"args":[{"ELEMENT":"4efb8405-0db5-4c23-9344-c5f4e5d0dbbf","element-6066-11e4-a52e-4f735466cecf":"4efb8405-0db5-4c23-9344-c5f4e5d0dbbf"}],"script":"/* isDisplayed */return (function(){return (function(){var g=this||self;\nfunction aa(a){var b=typeof a;if(\"object\"==b)if(a){i ... efined'?window.navigator:null,document:typeof window!='undefined'?window.document:null}, arguments);}).apply(null, arguments)"}]
1747658890553	Marionette	DEBUG	1 <- [1,15,null,{"value":false}]
1747658890555	webdriver::server	DEBUG	<- 200 OK {"value":false}
1747658890619	webdriver::server	DEBUG	-> POST /session/7f573636-984b-4f80-be33-88c9442662b6/elements {"using":"css selector","value":"#adminLogin"}
1747658890649	Marionette	DEBUG	1 -> [0,16,"WebDriver:FindElements",{"using":"css selector","value":"#adminLogin"}]
1747658890656	Marionette	DEBUG	1 <- [1,16,null,[{"element-6066-11e4-a52e-4f735466cecf":"a6c3b663-4859-4b57-9b15-baa37c096eb7"}]]
1747658890683	webdriver::server	DEBUG	<- 200 OK {"value":[{"element-6066-11e4-a52e-4f735466cecf":"a6c3b663-4859-4b57-9b15-baa37c096eb7"}]}
1747658890722	webdriver::server	DEBUG	-> POST /session/7f573636-984b-4f80-be33-88c9442662b6/execute/sync {"script":"/* isDisplayed */return (function(){return (fun ... ement-6066-11e4-a52e-4f735466cecf":"a6c3b663-4859-4b57-9b15-baa37c096eb7","ELEMENT":"a6c3b663-4859-4b57-9b15-baa37c096eb7"}]}
1747658890744	Marionette	DEBUG	1 -> [0,17,"WebDriver:ExecuteScript",{"args":[{"ELEMENT":"a6c3b663-4859-4b57-9b15-baa37c096eb7","element-6066-11e4-a52e-4f735466cecf":"a6c3b663-4859-4b57-9b15-baa37c096eb7"}],"script":"/* isDisplayed */return (function(){return (function(){var g=this||self;\nfunction aa(a){var b=typeof a;if(\"object\"==b)if(a){i ... efined'?window.navigator:null,document:typeof window!='undefined'?window.document:null}, arguments);}).apply(null, arguments)"}]
1747658890810	Marionette	DEBUG	1 <- [1,17,null,{"value":true}]
1747658890821	webdriver::server	DEBUG	<- 200 OK {"value":true}
1747658890846	webdriver::server	DEBUG	-> POST /session/7f573636-984b-4f80-be33-88c9442662b6/elements {"using":"css selector","value":"#registerForm"}
1747658890879	Marionette	DEBUG	1 -> [0,18,"WebDriver:FindElements",{"using":"css selector","value":"#registerForm"}]
1747658890925	Marionette	DEBUG	1 <- [1,18,null,[{"element-6066-11e4-a52e-4f735466cecf":"31a38437-7ac4-471a-983d-8d7986c80d46"}]]
1747658890931	webdriver::server	DEBUG	<- 200 OK {"value":[{"element-6066-11e4-a52e-4f735466cecf":"31a38437-7ac4-471a-983d-8d7986c80d46"}]}
1747658890949	webdriver::server	DEBUG	-> POST /session/7f573636-984b-4f80-be33-88c9442662b6/execute/sync {"script":"/* isDisplayed */return (function(){return (fun ... ement-6066-11e4-a52e-4f735466cecf":"31a38437-7ac4-471a-983d-8d7986c80d46","ELEMENT":"31a38437-7ac4-471a-983d-8d7986c80d46"}]}
1747658890963	Marionette	DEBUG	1 -> [0,19,"WebDriver:ExecuteScript",{"args":[{"ELEMENT":"31a38437-7ac4-471a-983d-8d7986c80d46","element-6066-11e4-a52e-4f735466cecf":"31a38437-7ac4-471a-983d-8d7986c80d46"}],"script":"/* isDisplayed */return (function(){return (function(){var g=this||self;\nfunction aa(a){var b=typeof a;if(\"object\"==b)if(a){i ... efined'?window.navigator:null,document:typeof window!='undefined'?window.document:null}, arguments);}).apply(null, arguments)"}]
1747658890988	Marionette	DEBUG	1 <- [1,19,null,{"value":false}]
1747658890997	webdriver::server	DEBUG	<- 200 OK {"value":false}
1747658891098	webdriver::server	DEBUG	-> POST /session/7f573636-984b-4f80-be33-88c9442662b6/elements {"using":"css selector","value":"#adminPassword"}
1747658891131	Marionette	DEBUG	1 -> [0,20,"WebDriver:FindElements",{"using":"css selector","value":"#adminPassword"}]
1747658891149	Marionette	DEBUG	1 <- [1,20,null,[{"element-6066-11e4-a52e-4f735466cecf":"526da3d1-1f89-4e9d-8cd6-3e526e9f1201"}]]
1747658891156	webdriver::server	DEBUG	<- 200 OK {"value":[{"element-6066-11e4-a52e-4f735466cecf":"526da3d1-1f89-4e9d-8cd6-3e526e9f1201"}]}
1747658891176	webdriver::server	DEBUG	-> POST /session/7f573636-984b-4f80-be33-88c9442662b6/element/526da3d1-1f89-4e9d-8cd6-3e526e9f1201/clear {}
1747658891197	Marionette	DEBUG	1 -> [0,21,"WebDriver:ElementClear",{"id":"526da3d1-1f89-4e9d-8cd6-3e526e9f1201"}]
1747658891301	Marionette	DEBUG	1 <- [1,21,null,{"value":null}]
1747658891309	webdriver::server	DEBUG	<- 200 OK {"value":null}
1747658891326	webdriver::server	DEBUG	-> GET /session/7f573636-984b-4f80-be33-88c9442662b6/element/526da3d1-1f89-4e9d-8cd6-3e526e9f1201/property/value 
1747658891364	Marionette	DEBUG	1 -> [0,22,"WebDriver:GetElementProperty",{"id":"526da3d1-1f89-4e9d-8cd6-3e526e9f1201","name":"value"}]
1747658891377	Marionette	DEBUG	1 <- [1,22,null,{"value":""}]
1747658891380	webdriver::server	DEBUG	<- 200 OK {"value":""}
1747658891399	webdriver::server	DEBUG	-> POST /session/7f573636-984b-4f80-be33-88c9442662b6/element/526da3d1-1f89-4e9d-8cd6-3e526e9f1201/value {"text":"suaSenhaAdministrativa","value":["s","u","a","S","e","n","h","a","A","d","m","i","n","i","s","t","r","a","t","i","v","a"]}
1747658891422	Marionette	DEBUG	1 -> [0,23,"WebDriver:ElementSendKeys",{"id":"526da3d1-1f89-4e9d-8cd6-3e526e9f1201","text":"suaSenhaAdministrativa","value":["s","u","a","S","e","n","h","a","A","d","m","i","n","i","s","t","r","a","t","i","v","a"]}]
1747658891563	Marionette	DEBUG	1 <- [1,23,null,{"value":null}]
1747658891578	webdriver::server	DEBUG	<- 200 OK {"value":null}
1747658891615	webdriver::server	DEBUG	-> POST /session/7f573636-984b-4f80-be33-88c9442662b6/elements {"using":"css selector","value":"#adminLoginForm button[type=\"submit\"]"}
1747658891631	Marionette	DEBUG	1 -> [0,24,"WebDriver:FindElements",{"using":"css selector","value":"#adminLoginForm button[type=\"submit\"]"}]
1747658891684	Marionette	DEBUG	1 <- [1,24,null,[{"element-6066-11e4-a52e-4f735466cecf":"3a4d569f-d6cf-4f50-8ec2-23caf0870001"}]]
1747658891694	webdriver::server	DEBUG	<- 200 OK {"value":[{"element-6066-11e4-a52e-4f735466cecf":"3a4d569f-d6cf-4f50-8ec2-23caf0870001"}]}
1747658891715	webdriver::server	DEBUG	-> POST /session/7f573636-984b-4f80-be33-88c9442662b6/element/3a4d569f-d6cf-4f50-8ec2-23caf0870001/click {}
1747658891726	Marionette	DEBUG	1 -> [0,25,"WebDriver:ElementClick",{"id":"3a4d569f-d6cf-4f50-8ec2-23caf0870001"}]
1747658891858	Marionette	TRACE	Received DOM event click for [object HTMLButtonElement]
console.warn: LoginRecipes: "Falling back to a synchronous message for: http://127.0.0.1:3000."
1747658892191	Marionette	TRACE	Canceled page load listener because no navigation has been detected
1747658892197	Marionette	DEBUG	1 <- [1,25,null,{"value":null}]
1747658892200	webdriver::server	DEBUG	<- 200 OK {"value":null}
1747658892817	RemoteAgent	TRACE	Received observer notification common-dialog-loaded
1747658893723	webdriver::server	DEBUG	-> GET /session/7f573636-984b-4f80-be33-88c9442662b6/url 
1747658893726	Marionette	DEBUG	1 -> [0,26,"WebDriver:GetCurrentURL",{}]
1747658893759	RemoteAgent	TRACE	Received event DOMModalDialogClosed
1747658893772	Marionette	DEBUG	1 <- [1,26,{"error":"unexpected alert open","message":"Unexpected alert dialog detected. Performed handler \"dismiss\". Dialog text: Login administrativo realizado com sucesso!","stacktrace":"RemoteError@chrome://remote/content/shared/RemoteError.sys.mjs:8:8\nWebDriverError@chrome://remote/content/shared/webdriver/Er ... iver/Errors.sys.mjs:876:5\nGeckoDriver.prototype._handleUserPrompts@chrome://remote/content/marionette/driver.sys.mjs:3123:11\n","data":{"text":"Login administrativo realizado com sucesso!"}},null]
console.warn: LoginRecipes: "Falling back to a synchronous message for: http://127.0.0.1:3000."
1747658893784	webdriver::server	DEBUG	<- 500 Internal Server Error {"value":{"error":"unexpected alert open","message":"Unexpected alert dialog detected. Performed ... @chrome://remote/content/marionette/driver.sys.mjs:3123:11\n","data":{"text":"Login administrativo realizado com sucesso!"}}}
1747658894177	Marionette	TRACE	[10] MarionetteCommands actor destroyed for window id 10737418241
1747658894852	webdriver::server	DEBUG	-> GET /session/7f573636-984b-4f80-be33-88c9442662b6/url 
1747658894855	Marionette	DEBUG	1 -> [0,27,"WebDriver:GetCurrentURL",{}]
1747658894858	Marionette	DEBUG	1 <- [1,27,null,{"value":"http://127.0.0.1:3000/admin/admin.html"}]
1747658894860	webdriver::server	DEBUG	<- 200 OK {"value":"http://127.0.0.1:3000/admin/admin.html"}
1747658895375	webdriver::server	DEBUG	-> GET /session/7f573636-984b-4f80-be33-88c9442662b6/url 
1747658895380	Marionette	DEBUG	1 -> [0,28,"WebDriver:GetCurrentURL",{}]
1747658895384	Marionette	DEBUG	1 <- [1,28,null,{"value":"http://127.0.0.1:3000/admin/admin.html"}]
1747658895386	webdriver::server	DEBUG	<- 200 OK {"value":"http://127.0.0.1:3000/admin/admin.html"}
1747658895898	webdriver::server	DEBUG	-> GET /session/7f573636-984b-4f80-be33-88c9442662b6/url 
1747658895900	Marionette	DEBUG	1 -> [0,29,"WebDriver:GetCurrentURL",{}]
1747658895902	Marionette	DEBUG	1 <- [1,29,null,{"value":"http://127.0.0.1:3000/admin/admin.html"}]
1747658895903	webdriver::server	DEBUG	<- 200 OK {"value":"http://127.0.0.1:3000/admin/admin.html"}
1747658896424	webdriver::server	DEBUG	-> GET /session/7f573636-984b-4f80-be33-88c9442662b6/url 
1747658896435	Marionette	DEBUG	1 -> [0,30,"WebDriver:GetCurrentURL",{}]
1747658896436	Marionette	DEBUG	1 <- [1,30,null,{"value":"http://127.0.0.1:3000/admin/admin.html"}]
1747658896439	webdriver::server	DEBUG	<- 200 OK {"value":"http://127.0.0.1:3000/admin/admin.html"}
1747658896961	webdriver::server	DEBUG	-> GET /session/7f573636-984b-4f80-be33-88c9442662b6/url 
1747658896970	Marionette	DEBUG	1 -> [0,31,"WebDriver:GetCurrentURL",{}]
1747658896972	Marionette	DEBUG	1 <- [1,31,null,{"value":"http://127.0.0.1:3000/admin/admin.html"}]
1747658896995	webdriver::server	DEBUG	<- 200 OK {"value":"http://127.0.0.1:3000/admin/admin.html"}
1747658897511	webdriver::server	DEBUG	-> GET /session/7f573636-984b-4f80-be33-88c9442662b6/url 
1747658897515	Marionette	DEBUG	1 -> [0,32,"WebDriver:GetCurrentURL",{}]
1747658897516	Marionette	DEBUG	1 <- [1,32,null,{"value":"http://127.0.0.1:3000/admin/admin.html"}]
1747658897519	webdriver::server	DEBUG	<- 200 OK {"value":"http://127.0.0.1:3000/admin/admin.html"}
1747658898031	webdriver::server	DEBUG	-> GET /session/7f573636-984b-4f80-be33-88c9442662b6/url 
1747658898046	Marionette	DEBUG	1 -> [0,33,"WebDriver:GetCurrentURL",{}]
1747658898047	Marionette	DEBUG	1 <- [1,33,null,{"value":"http://127.0.0.1:3000/admin/admin.html"}]
1747658898049	webdriver::server	DEBUG	<- 200 OK {"value":"http://127.0.0.1:3000/admin/admin.html"}
1747658898561	webdriver::server	DEBUG	-> GET /session/7f573636-984b-4f80-be33-88c9442662b6/url 
1747658898563	Marionette	DEBUG	1 -> [0,34,"WebDriver:GetCurrentURL",{}]
1747658898564	Marionette	DEBUG	1 <- [1,34,null,{"value":"http://127.0.0.1:3000/admin/admin.html"}]
1747658898565	webdriver::server	DEBUG	<- 200 OK {"value":"http://127.0.0.1:3000/admin/admin.html"}
1747658899075	webdriver::server	DEBUG	-> GET /session/7f573636-984b-4f80-be33-88c9442662b6/url 
1747658899088	Marionette	DEBUG	1 -> [0,35,"WebDriver:GetCurrentURL",{}]
1747658899089	Marionette	DEBUG	1 <- [1,35,null,{"value":"http://127.0.0.1:3000/admin/admin.html"}]
1747658899091	webdriver::server	DEBUG	<- 200 OK {"value":"http://127.0.0.1:3000/admin/admin.html"}
1747658899331	webdriver::server	DEBUG	-> DELETE /session/7f573636-984b-4f80-be33-88c9442662b6 
1747658899333	Marionette	DEBUG	1 -> [0,36,"Marionette:Quit",{"flags":["eForceQuit"]}]
1747658899336	Marionette	INFO	Stopped listening on port 51309
1747658902439	Marionette	TRACE	Received observer notification quit-application
1747658902449	Marionette	TRACE	Received observer notification quit-application
1747658902449	RemoteAgent	DEBUG	Resetting recommended pref apz.content_response_timeout
1747658902451	RemoteAgent	DEBUG	Resetting recommended pref browser.contentblocking.introCount
1747658902452	RemoteAgent	DEBUG	Resetting recommended pref browser.download.panel.shown
1747658902453	RemoteAgent	DEBUG	Resetting recommended pref browser.http.blank_page_with_error_response.enabled
1747658902454	RemoteAgent	DEBUG	Resetting recommended pref browser.newtabpage.activity-stream.discoverystream.region-weather-config
1747658902454	RemoteAgent	DEBUG	Resetting recommended pref browser.newtabpage.activity-stream.newtabWallpapers.enabled
1747658902455	RemoteAgent	DEBUG	Resetting recommended pref browser.newtabpage.activity-stream.newtabWallpapers.v2.enabled
1747658902456	RemoteAgent	DEBUG	Resetting recommended pref browser.newtabpage.activity-stream.showSponsoredTopSites
1747658902456	RemoteAgent	DEBUG	Resetting recommended pref browser.newtabpage.enabled
1747658902461	RemoteAgent	DEBUG	Resetting recommended pref browser.pagethumbnails.capturing_disabled
1747658902462	RemoteAgent	DEBUG	Resetting recommended pref browser.region.network.url
1747658902463	RemoteAgent	DEBUG	Resetting recommended pref browser.safebrowsing.blockedURIs.enabled
1747658902480	RemoteAgent	DEBUG	Resetting recommended pref browser.safebrowsing.downloads.enabled
1747658902493	RemoteAgent	DEBUG	Resetting recommended pref browser.safebrowsing.malware.enabled
1747658902505	RemoteAgent	DEBUG	Resetting recommended pref browser.safebrowsing.phishing.enabled
1747658902517	RemoteAgent	DEBUG	Resetting recommended pref browser.search.update
1747658902519	RemoteAgent	DEBUG	Resetting recommended pref browser.startup.couldRestoreSession.count
1747658902519	RemoteAgent	DEBUG	Resetting recommended pref browser.tabs.remote.unloadDelayMs
1747658902520	RemoteAgent	DEBUG	Resetting recommended pref browser.tabs.unloadOnLowMemory
1747658902521	RemoteAgent	DEBUG	Resetting recommended pref browser.tabs.warnOnClose
1747658902521	RemoteAgent	DEBUG	Resetting recommended pref browser.tabs.warnOnCloseOtherTabs
1747658902521	RemoteAgent	DEBUG	Resetting recommended pref browser.tabs.warnOnOpen
1747658902522	RemoteAgent	DEBUG	Resetting recommended pref browser.toolbars.bookmarks.visibility
1747658902523	RemoteAgent	DEBUG	Resetting recommended pref browser.topsites.contile.enabled
1747658902524	RemoteAgent	DEBUG	Resetting recommended pref browser.usedOnWindows10.introURL
1747658902524	RemoteAgent	DEBUG	Resetting recommended pref browser.urlbar.merino.endpointURL
1747658902535	RemoteAgent	DEBUG	Resetting recommended pref browser.urlbar.suggest.searches
1747658902538	RemoteAgent	DEBUG	Resetting recommended pref datareporting.policy.dataSubmissionPolicyAccepted
1747658902539	RemoteAgent	DEBUG	Resetting recommended pref dom.disable_open_during_load
1747658902542	RemoteAgent	DEBUG	Resetting recommended pref dom.file.createInChild
1747658902544	RemoteAgent	DEBUG	Resetting recommended pref dom.input_events.security.minNumTicks
1747658902546	RemoteAgent	DEBUG	Resetting recommended pref dom.input_events.security.minTimeElapsedInMS
1747658902548	RemoteAgent	DEBUG	Resetting recommended pref dom.max_chrome_script_run_time
1747658902548	RemoteAgent	DEBUG	Resetting recommended pref dom.max_script_run_time
1747658902552	RemoteAgent	DEBUG	Resetting recommended pref dom.navigation.navigationRateLimit.count
1747658902554	RemoteAgent	DEBUG	Resetting recommended pref dom.push.connection.enabled
1747658902557	RemoteAgent	DEBUG	Resetting recommended pref dom.screenorientation.allow-lock
1747658902559	RemoteAgent	DEBUG	Resetting recommended pref dom.successive_dialog_time_limit
1747658902560	RemoteAgent	DEBUG	Resetting recommended pref extensions.getAddons.cache.enabled
1747658902562	RemoteAgent	DEBUG	Resetting recommended pref extensions.getAddons.discovery.api_url
1747658902564	RemoteAgent	DEBUG	Resetting recommended pref extensions.blocklist.detailsURL
1747658902566	RemoteAgent	DEBUG	Resetting recommended pref extensions.blocklist.itemURL
1747658902567	RemoteAgent	DEBUG	Resetting recommended pref extensions.hotfix.url
1747658902569	RemoteAgent	DEBUG	Resetting recommended pref extensions.systemAddon.update.enabled
1747658902570	RemoteAgent	DEBUG	Resetting recommended pref extensions.update.background.url
1747658902575	RemoteAgent	DEBUG	Resetting recommended pref extensions.update.url
1747658902578	RemoteAgent	DEBUG	Resetting recommended pref extensions.getAddons.get.url
1747658902580	RemoteAgent	DEBUG	Resetting recommended pref extensions.getAddons.search.browseURL
1747658902583	RemoteAgent	DEBUG	Resetting recommended pref geo.provider.network.url
1747658902586	RemoteAgent	DEBUG	Resetting recommended pref identity.fxaccounts.auth.uri
1747658902588	RemoteAgent	DEBUG	Resetting recommended pref network.connectivity-service.enabled
1747658902588	RemoteAgent	DEBUG	Resetting recommended pref network.http.phishy-userpass-length
1747658902589	RemoteAgent	DEBUG	Resetting recommended pref network.http.prompt-temp-redirect
1747658902589	RemoteAgent	DEBUG	Resetting recommended pref privacy.trackingprotection.enabled
1747658902589	RemoteAgent	DEBUG	Resetting recommended pref remote.prefs.recommended.applied
1747658902591	RemoteAgent	DEBUG	Resetting recommended pref security.fileuri.strict_origin_policy
1747658902592	RemoteAgent	DEBUG	Resetting recommended pref security.notification_enable_delay
1747658902593	RemoteAgent	DEBUG	Resetting recommended pref security.remote_settings.intermediates.enabled
1747658902593	RemoteAgent	DEBUG	Resetting recommended pref services.settings.loglevel
1747658902594	RemoteAgent	DEBUG	Resetting recommended pref signon.autofillForms
1747658902598	RemoteAgent	DEBUG	Resetting recommended pref signon.rememberSignons
1747658902603	RemoteAgent	DEBUG	Resetting recommended pref toolkit.telemetry.server
1747658902604	RemoteAgent	DEBUG	Resetting recommended pref widget.windows.window_occlusion_tracking.enabled
1747658902613	Marionette	DEBUG	Marionette stopped listening
1747658902625	Marionette	DEBUG	1 <- [1,36,null,{"cause":"shutdown","forced":false,"in_app":true}]
1747658902791	RemoteAgent	TRACE	Received DOM event pagehide for [object HTMLDocument]
1747658903005	webdriver::server	DEBUG	Teardown session
1747658903005	geckodriver::marionette	DEBUG	To store minidump files of Firefox crashes the MINIDUMP_SAVE_PATH environment variable needs to be set.
1747658903070	Marionette	DEBUG	Closed connection 1
console.warn: services.settings: main/password-recipes sync interrupted by shutdown
console.error: "Could not download new icon" [Exception... "<no message>"  nsresult: "0x8046001e (<unknown>)"  location: "JS frame :: resource://gre/modules/ServiceRequest.sys.mjs :: open :: line 126"  data: no]
console.warn: services.settings: main/language-dictionaries sync interrupted by shutdown
console.error: "Could not download new icon" [Exception... "<no message>"  nsresult: "0x8046001e (<unknown>)"  location: "JS frame :: resource://gre/modules/ServiceRequest.sys.mjs :: open :: line 126"  data: no]
console.error: "Could not download new icon" [Exception... "<no message>"  nsresult: "0x8046001e (<unknown>)"  location: "JS frame :: resource://gre/modules/ServiceRequest.sys.mjs :: open :: line 126"  data: no]
console.warn: services.settings: main/devtools-devices sync interrupted by shutdown
console.warn: services.settings: main/doh-config sync interrupted by shutdown
console.warn: services.settings: main/doh-providers sync interrupted by shutdown
console.error: "Could not download new icon" [Exception... "<no message>"  nsresult: "0x8046001e (<unknown>)"  location: "JS frame :: resource://gre/modules/ServiceRequest.sys.mjs :: open :: line 126"  data: no]
console.error: (new AbortError("IndexedDB: main/whats-new-panel getLastModified() IndexedDB:  execute() A request was aborted, for example through a call to IDBTransaction.abort.", "resource://services-settings/IDBHelpers.sys.mjs", 16))
1747658904381	geckodriver::browser	DEBUG	Browser process stopped: exit status: 0
1747658904817	webdriver::server	DEBUG	<- 200 OK {"value":null}
