1747666206932	webdriver::server	TRACE	Build standard route for /status
1747666206932	geckodriver	INFO	Listening on 127.0.0.1:4444
1747666206934	webdriver::server	TRACE	Build standard route for /session
1747666206934	webdriver::server	TRACE	Build standard route for /session/{sessionId}
1747666206934	webdriver::server	TRACE	Build standard route for /session/{sessionId}/url
1747666206935	webdriver::server	TRACE	Build standard route for /session/{sessionId}/url
1747666206935	webdriver::server	TRACE	Build standard route for /session/{sessionId}/back
1747666206935	webdriver::server	TRACE	Build standard route for /session/{sessionId}/forward
1747666206935	webdriver::server	TRACE	Build standard route for /session/{sessionId}/refresh
1747666206935	webdriver::server	TRACE	Build standard route for /session/{sessionId}/title
1747666206935	webdriver::server	TRACE	Build standard route for /session/{sessionId}/source
1747666206935	webdriver::server	TRACE	Build standard route for /session/{sessionId}/window
1747666206935	webdriver::server	TRACE	Build standard route for /session/{sessionId}/window/handles
1747666206935	webdriver::server	TRACE	Build standard route for /session/{sessionId}/window/new
1747666206935	webdriver::server	TRACE	Build standard route for /session/{sessionId}/window
1747666206935	webdriver::server	TRACE	Build standard route for /session/{sessionId}/window/size
1747666206935	webdriver::server	TRACE	Build standard route for /session/{sessionId}/window/size
1747666206935	webdriver::server	TRACE	Build standard route for /session/{sessionId}/window/position
1747666206935	webdriver::server	TRACE	Build standard route for /session/{sessionId}/window/position
1747666206935	webdriver::server	TRACE	Build standard route for /session/{sessionId}/window/rect
1747666206935	webdriver::server	TRACE	Build standard route for /session/{sessionId}/window/rect
1747666206935	webdriver::server	TRACE	Build standard route for /session/{sessionId}/window/minimize
1747666206935	webdriver::server	TRACE	Build standard route for /session/{sessionId}/window/maximize
1747666206935	webdriver::server	TRACE	Build standard route for /session/{sessionId}/window/fullscreen
1747666206935	webdriver::server	TRACE	Build standard route for /session/{sessionId}/window
1747666206935	webdriver::server	TRACE	Build standard route for /session/{sessionId}/frame
1747666206935	webdriver::server	TRACE	Build standard route for /session/{sessionId}/frame/parent
1747666206936	webdriver::server	TRACE	Build standard route for /session/{sessionId}/element
1747666206936	webdriver::server	TRACE	Build standard route for /session/{sessionId}/element/{elementId}/element
1747666206936	webdriver::server	TRACE	Build standard route for /session/{sessionId}/elements
1747666206936	webdriver::server	TRACE	Build standard route for /session/{sessionId}/element/{elementId}/elements
1747666206936	webdriver::server	TRACE	Build standard route for /session/{sessionId}/shadow/{shadowId}/element
1747666206936	webdriver::server	TRACE	Build standard route for /session/{sessionId}/shadow/{shadowId}/elements
1747666206936	webdriver::server	TRACE	Build standard route for /session/{sessionId}/element/active
1747666206936	webdriver::server	TRACE	Build standard route for /session/{sessionId}/element/{elementId}/shadow
1747666206936	webdriver::server	TRACE	Build standard route for /session/{sessionId}/element/{elementId}/displayed
1747666206936	webdriver::server	TRACE	Build standard route for /session/{sessionId}/element/{elementId}/selected
1747666206937	webdriver::server	TRACE	Build standard route for /session/{sessionId}/element/{elementId}/attribute/{name}
1747666206937	webdriver::server	TRACE	Build standard route for /session/{sessionId}/element/{elementId}/property/{name}
1747666206937	webdriver::server	TRACE	Build standard route for /session/{sessionId}/element/{elementId}/css/{propertyName}
1747666206937	webdriver::server	TRACE	Build standard route for /session/{sessionId}/element/{elementId}/text
1747666206937	webdriver::server	TRACE	Build standard route for /session/{sessionId}/element/{elementId}/computedlabel
1747666206937	webdriver::server	TRACE	Build standard route for /session/{sessionId}/element/{elementId}/computedrole
1747666206937	webdriver::server	TRACE	Build standard route for /session/{sessionId}/element/{elementId}/name
1747666206937	webdriver::server	TRACE	Build standard route for /session/{sessionId}/element/{elementId}/rect
1747666206937	webdriver::server	TRACE	Build standard route for /session/{sessionId}/element/{elementId}/enabled
1747666206937	webdriver::server	TRACE	Build standard route for /session/{sessionId}/execute/sync
1747666206937	webdriver::server	TRACE	Build standard route for /session/{sessionId}/execute/async
1747666206937	webdriver::server	TRACE	Build standard route for /session/{sessionId}/cookie
1747666206937	webdriver::server	TRACE	Build standard route for /session/{sessionId}/cookie/{name}
1747666206937	webdriver::server	TRACE	Build standard route for /session/{sessionId}/cookie
1747666206937	webdriver::server	TRACE	Build standard route for /session/{sessionId}/cookie
1747666206937	webdriver::server	TRACE	Build standard route for /session/{sessionId}/cookie/{name}
1747666206937	webdriver::server	TRACE	Build standard route for /session/{sessionId}/timeouts
1747666206937	webdriver::server	TRACE	Build standard route for /session/{sessionId}/timeouts
1747666206937	webdriver::server	TRACE	Build standard route for /session/{sessionId}/element/{elementId}/click
1747666206937	webdriver::server	TRACE	Build standard route for /session/{sessionId}/element/{elementId}/clear
1747666206937	webdriver::server	TRACE	Build standard route for /session/{sessionId}/element/{elementId}/value
1747666206938	webdriver::server	TRACE	Build standard route for /session/{sessionId}/alert/dismiss
1747666206938	webdriver::server	TRACE	Build standard route for /session/{sessionId}/alert/accept
1747666206938	webdriver::server	TRACE	Build standard route for /session/{sessionId}/alert/text
1747666206938	webdriver::server	TRACE	Build standard route for /session/{sessionId}/alert/text
1747666206938	webdriver::server	TRACE	Build standard route for /session/{sessionId}/screenshot
1747666206938	webdriver::server	TRACE	Build standard route for /session/{sessionId}/element/{elementId}/screenshot
1747666206938	webdriver::server	TRACE	Build standard route for /session/{sessionId}/actions
1747666206938	webdriver::server	TRACE	Build standard route for /session/{sessionId}/actions
1747666206938	webdriver::server	TRACE	Build standard route for /session/{sessionId}/permissions
1747666206938	webdriver::server	TRACE	Build standard route for /session/{sessionId}/print
1747666206938	webdriver::server	TRACE	Build standard route for /session/{sessionId}/webauthn/authenticator
1747666206938	webdriver::server	TRACE	Build standard route for /session/{sessionId}/webauthn/authenticator/{authenticatorId}
1747666206938	webdriver::server	TRACE	Build standard route for /session/{sessionId}/webauthn/authenticator/{authenticatorId}/credential
1747666206938	webdriver::server	TRACE	Build standard route for /session/{sessionId}/webauthn/authenticator/{authenticatorId}/credentials
1747666206938	webdriver::server	TRACE	Build standard route for /session/{sessionId}/webauthn/authenticator/{authenticatorId}/credentials/{credentialId}
1747666206938	webdriver::server	TRACE	Build standard route for /session/{sessionId}/webauthn/authenticator/{authenticatorId}/credentials
1747666206938	webdriver::server	TRACE	Build standard route for /session/{sessionId}/webauthn/authenticator/{authenticatorId}/uv
1747666206938	webdriver::server	TRACE	Build vendor route for /session/{sessionId}/moz/context
1747666206938	webdriver::server	TRACE	Build vendor route for /session/{sessionId}/moz/context
1747666206938	webdriver::server	TRACE	Build vendor route for /session/{sessionId}/moz/addon/install
1747666206938	webdriver::server	TRACE	Build vendor route for /session/{sessionId}/moz/addon/uninstall
1747666206939	webdriver::server	TRACE	Build vendor route for /session/{sessionId}/moz/screenshot/full
1747666206972	webdriver::server	DEBUG	-> GET /status 
1747666206973	webdriver::server	DEBUG	<- 200 OK {"value":{"message":"","ready":true}}
1747666207089	webdriver::server	DEBUG	-> POST /session {"capabilities":{"firstMatch":[{}],"alwaysMatch":{"browserName":"firefox","moz:firefoxOptions":{"prefs":{"re ... ive-protocols":3},"binary":"/Users/strangebrick/.cache/selenium/firefox/mac64/138.0.4/Firefox.app/Contents/MacOS/firefox"}}}}
1747666207095	geckodriver::capabilities	DEBUG	Trying to read firefox version from ini files
1747666207126	geckodriver::capabilities	DEBUG	Found version 138.0.4
1747666207166	mozrunner::runner	INFO	Running command: MOZ_CRASHREPORTER="1" MOZ_CRASHREPORTER_NO_REPORT="1" MOZ_CRASHREPORTER_SHUTDOWN="1" "/Users/strangebrick/.c ... "--marionette" "-foreground" "-no-remote" "-profile" "/var/folders/m0/2grp25fj0sxf1t4lx5c2n1rc0000gn/T/rust_mozprofilegcidcC"
1747666207168	geckodriver::marionette	DEBUG	Waiting 60s to connect to browser on 127.0.0.1
1747666207169	geckodriver::browser	TRACE	Failed to open /var/folders/m0/2grp25fj0sxf1t4lx5c2n1rc0000gn/T/rust_mozprofilegcidcC/MarionetteActivePort
1747666207169	geckodriver::marionette	TRACE	Retrying in 100ms
1747666207271	geckodriver::browser	TRACE	Failed to open /var/folders/m0/2grp25fj0sxf1t4lx5c2n1rc0000gn/T/rust_mozprofilegcidcC/MarionetteActivePort
1747666207271	geckodriver::marionette	TRACE	Retrying in 100ms
1747666207372	geckodriver::browser	TRACE	Failed to open /var/folders/m0/2grp25fj0sxf1t4lx5c2n1rc0000gn/T/rust_mozprofilegcidcC/MarionetteActivePort
1747666207372	geckodriver::marionette	TRACE	Retrying in 100ms
1747666207473	geckodriver::browser	TRACE	Failed to open /var/folders/m0/2grp25fj0sxf1t4lx5c2n1rc0000gn/T/rust_mozprofilegcidcC/MarionetteActivePort
1747666207473	geckodriver::marionette	TRACE	Retrying in 100ms
1747666207578	geckodriver::browser	TRACE	Failed to open /var/folders/m0/2grp25fj0sxf1t4lx5c2n1rc0000gn/T/rust_mozprofilegcidcC/MarionetteActivePort
1747666207579	geckodriver::marionette	TRACE	Retrying in 100ms
1747666207682	geckodriver::browser	TRACE	Failed to open /var/folders/m0/2grp25fj0sxf1t4lx5c2n1rc0000gn/T/rust_mozprofilegcidcC/MarionetteActivePort
1747666207682	geckodriver::marionette	TRACE	Retrying in 100ms
1747666207783	geckodriver::browser	TRACE	Failed to open /var/folders/m0/2grp25fj0sxf1t4lx5c2n1rc0000gn/T/rust_mozprofilegcidcC/MarionetteActivePort
1747666207783	geckodriver::marionette	TRACE	Retrying in 100ms
1747666207888	geckodriver::browser	TRACE	Failed to open /var/folders/m0/2grp25fj0sxf1t4lx5c2n1rc0000gn/T/rust_mozprofilegcidcC/MarionetteActivePort
1747666207888	geckodriver::marionette	TRACE	Retrying in 100ms
1747666207992	geckodriver::browser	TRACE	Failed to open /var/folders/m0/2grp25fj0sxf1t4lx5c2n1rc0000gn/T/rust_mozprofilegcidcC/MarionetteActivePort
1747666207992	geckodriver::marionette	TRACE	Retrying in 100ms
1747666208097	geckodriver::browser	TRACE	Failed to open /var/folders/m0/2grp25fj0sxf1t4lx5c2n1rc0000gn/T/rust_mozprofilegcidcC/MarionetteActivePort
1747666208097	geckodriver::marionette	TRACE	Retrying in 100ms
1747666208201	geckodriver::browser	TRACE	Failed to open /var/folders/m0/2grp25fj0sxf1t4lx5c2n1rc0000gn/T/rust_mozprofilegcidcC/MarionetteActivePort
1747666208201	geckodriver::marionette	TRACE	Retrying in 100ms
1747666208306	geckodriver::browser	TRACE	Failed to open /var/folders/m0/2grp25fj0sxf1t4lx5c2n1rc0000gn/T/rust_mozprofilegcidcC/MarionetteActivePort
1747666208307	geckodriver::marionette	TRACE	Retrying in 100ms
1747666208422	geckodriver::browser	TRACE	Failed to open /var/folders/m0/2grp25fj0sxf1t4lx5c2n1rc0000gn/T/rust_mozprofilegcidcC/MarionetteActivePort
1747666208422	geckodriver::marionette	TRACE	Retrying in 100ms
1747666208523	geckodriver::browser	TRACE	Failed to open /var/folders/m0/2grp25fj0sxf1t4lx5c2n1rc0000gn/T/rust_mozprofilegcidcC/MarionetteActivePort
1747666208526	geckodriver::marionette	TRACE	Retrying in 100ms
1747666208630	geckodriver::browser	TRACE	Failed to open /var/folders/m0/2grp25fj0sxf1t4lx5c2n1rc0000gn/T/rust_mozprofilegcidcC/MarionetteActivePort
1747666208630	geckodriver::marionette	TRACE	Retrying in 100ms
1747666208732	geckodriver::browser	TRACE	Failed to open /var/folders/m0/2grp25fj0sxf1t4lx5c2n1rc0000gn/T/rust_mozprofilegcidcC/MarionetteActivePort
1747666208735	geckodriver::marionette	TRACE	Retrying in 100ms
1747666208851	geckodriver::browser	TRACE	Failed to open /var/folders/m0/2grp25fj0sxf1t4lx5c2n1rc0000gn/T/rust_mozprofilegcidcC/MarionetteActivePort
1747666208852	geckodriver::marionette	TRACE	Retrying in 100ms
1747666208954	geckodriver::browser	TRACE	Failed to open /var/folders/m0/2grp25fj0sxf1t4lx5c2n1rc0000gn/T/rust_mozprofilegcidcC/MarionetteActivePort
1747666208954	geckodriver::marionette	TRACE	Retrying in 100ms
1747666209071	geckodriver::browser	TRACE	Failed to open /var/folders/m0/2grp25fj0sxf1t4lx5c2n1rc0000gn/T/rust_mozprofilegcidcC/MarionetteActivePort
1747666209072	geckodriver::marionette	TRACE	Retrying in 100ms
1747666209184	geckodriver::browser	TRACE	Failed to open /var/folders/m0/2grp25fj0sxf1t4lx5c2n1rc0000gn/T/rust_mozprofilegcidcC/MarionetteActivePort
1747666209184	geckodriver::marionette	TRACE	Retrying in 100ms
1747666209285	geckodriver::browser	TRACE	Failed to open /var/folders/m0/2grp25fj0sxf1t4lx5c2n1rc0000gn/T/rust_mozprofilegcidcC/MarionetteActivePort
1747666209286	geckodriver::marionette	TRACE	Retrying in 100ms
1747666209389	geckodriver::browser	TRACE	Failed to open /var/folders/m0/2grp25fj0sxf1t4lx5c2n1rc0000gn/T/rust_mozprofilegcidcC/MarionetteActivePort
1747666209390	geckodriver::marionette	TRACE	Retrying in 100ms
1747666209502	geckodriver::browser	TRACE	Failed to open /var/folders/m0/2grp25fj0sxf1t4lx5c2n1rc0000gn/T/rust_mozprofilegcidcC/MarionetteActivePort
1747666209502	geckodriver::marionette	TRACE	Retrying in 100ms
1747666209603	geckodriver::browser	TRACE	Failed to open /var/folders/m0/2grp25fj0sxf1t4lx5c2n1rc0000gn/T/rust_mozprofilegcidcC/MarionetteActivePort
1747666209604	geckodriver::marionette	TRACE	Retrying in 100ms
1747666209707	geckodriver::browser	TRACE	Failed to open /var/folders/m0/2grp25fj0sxf1t4lx5c2n1rc0000gn/T/rust_mozprofilegcidcC/MarionetteActivePort
1747666209708	geckodriver::marionette	TRACE	Retrying in 100ms
1747666209811	geckodriver::browser	TRACE	Failed to open /var/folders/m0/2grp25fj0sxf1t4lx5c2n1rc0000gn/T/rust_mozprofilegcidcC/MarionetteActivePort
1747666209812	geckodriver::marionette	TRACE	Retrying in 100ms
1747666209915	geckodriver::browser	TRACE	Failed to open /var/folders/m0/2grp25fj0sxf1t4lx5c2n1rc0000gn/T/rust_mozprofilegcidcC/MarionetteActivePort
1747666209916	geckodriver::marionette	TRACE	Retrying in 100ms
1747666210017	geckodriver::browser	TRACE	Failed to open /var/folders/m0/2grp25fj0sxf1t4lx5c2n1rc0000gn/T/rust_mozprofilegcidcC/MarionetteActivePort
1747666210017	geckodriver::marionette	TRACE	Retrying in 100ms
1747666210127	geckodriver::browser	TRACE	Failed to open /var/folders/m0/2grp25fj0sxf1t4lx5c2n1rc0000gn/T/rust_mozprofilegcidcC/MarionetteActivePort
1747666210127	geckodriver::marionette	TRACE	Retrying in 100ms
1747666210229	geckodriver::browser	TRACE	Failed to open /var/folders/m0/2grp25fj0sxf1t4lx5c2n1rc0000gn/T/rust_mozprofilegcidcC/MarionetteActivePort
1747666210229	geckodriver::marionette	TRACE	Retrying in 100ms
1747666210340	geckodriver::browser	TRACE	Failed to open /var/folders/m0/2grp25fj0sxf1t4lx5c2n1rc0000gn/T/rust_mozprofilegcidcC/MarionetteActivePort
1747666210340	geckodriver::marionette	TRACE	Retrying in 100ms
1747666210457	geckodriver::browser	TRACE	Failed to open /var/folders/m0/2grp25fj0sxf1t4lx5c2n1rc0000gn/T/rust_mozprofilegcidcC/MarionetteActivePort
1747666210457	geckodriver::marionette	TRACE	Retrying in 100ms
1747666210569	geckodriver::browser	TRACE	Failed to open /var/folders/m0/2grp25fj0sxf1t4lx5c2n1rc0000gn/T/rust_mozprofilegcidcC/MarionetteActivePort
1747666210570	geckodriver::marionette	TRACE	Retrying in 100ms
1747666210688	geckodriver::browser	TRACE	Failed to open /var/folders/m0/2grp25fj0sxf1t4lx5c2n1rc0000gn/T/rust_mozprofilegcidcC/MarionetteActivePort
1747666210702	geckodriver::marionette	TRACE	Retrying in 100ms
1747666210808	geckodriver::browser	TRACE	Failed to open /var/folders/m0/2grp25fj0sxf1t4lx5c2n1rc0000gn/T/rust_mozprofilegcidcC/MarionetteActivePort
1747666210808	geckodriver::marionette	TRACE	Retrying in 100ms
1747666210922	geckodriver::browser	TRACE	Failed to open /var/folders/m0/2grp25fj0sxf1t4lx5c2n1rc0000gn/T/rust_mozprofilegcidcC/MarionetteActivePort
1747666210926	geckodriver::marionette	TRACE	Retrying in 100ms
1747666211031	geckodriver::browser	TRACE	Failed to open /var/folders/m0/2grp25fj0sxf1t4lx5c2n1rc0000gn/T/rust_mozprofilegcidcC/MarionetteActivePort
1747666211033	geckodriver::marionette	TRACE	Retrying in 100ms
1747666211135	geckodriver::browser	TRACE	Failed to open /var/folders/m0/2grp25fj0sxf1t4lx5c2n1rc0000gn/T/rust_mozprofilegcidcC/MarionetteActivePort
1747666211135	geckodriver::marionette	TRACE	Retrying in 100ms
1747666211249	geckodriver::browser	TRACE	Failed to open /var/folders/m0/2grp25fj0sxf1t4lx5c2n1rc0000gn/T/rust_mozprofilegcidcC/MarionetteActivePort
1747666211250	geckodriver::marionette	TRACE	Retrying in 100ms
1747666211371	geckodriver::browser	TRACE	Failed to open /var/folders/m0/2grp25fj0sxf1t4lx5c2n1rc0000gn/T/rust_mozprofilegcidcC/MarionetteActivePort
1747666211371	geckodriver::marionette	TRACE	Retrying in 100ms
1747666211473	geckodriver::browser	TRACE	Failed to open /var/folders/m0/2grp25fj0sxf1t4lx5c2n1rc0000gn/T/rust_mozprofilegcidcC/MarionetteActivePort
1747666211474	geckodriver::marionette	TRACE	Retrying in 100ms
1747666211591	geckodriver::browser	TRACE	Failed to open /var/folders/m0/2grp25fj0sxf1t4lx5c2n1rc0000gn/T/rust_mozprofilegcidcC/MarionetteActivePort
1747666211593	geckodriver::marionette	TRACE	Retrying in 100ms
1747666211702	geckodriver::browser	TRACE	Failed to open /var/folders/m0/2grp25fj0sxf1t4lx5c2n1rc0000gn/T/rust_mozprofilegcidcC/MarionetteActivePort
1747666211702	geckodriver::marionette	TRACE	Retrying in 100ms
1747666211823	geckodriver::browser	TRACE	Failed to open /var/folders/m0/2grp25fj0sxf1t4lx5c2n1rc0000gn/T/rust_mozprofilegcidcC/MarionetteActivePort
1747666211824	geckodriver::marionette	TRACE	Retrying in 100ms
1747666211930	geckodriver::browser	TRACE	Failed to open /var/folders/m0/2grp25fj0sxf1t4lx5c2n1rc0000gn/T/rust_mozprofilegcidcC/MarionetteActivePort
1747666211930	geckodriver::marionette	TRACE	Retrying in 100ms
1747666212033	geckodriver::browser	TRACE	Failed to open /var/folders/m0/2grp25fj0sxf1t4lx5c2n1rc0000gn/T/rust_mozprofilegcidcC/MarionetteActivePort
1747666212033	geckodriver::marionette	TRACE	Retrying in 100ms
1747666212219	geckodriver::browser	TRACE	Failed to open /var/folders/m0/2grp25fj0sxf1t4lx5c2n1rc0000gn/T/rust_mozprofilegcidcC/MarionetteActivePort
1747666212220	geckodriver::marionette	TRACE	Retrying in 100ms
1747666212362	geckodriver::browser	TRACE	Failed to open /var/folders/m0/2grp25fj0sxf1t4lx5c2n1rc0000gn/T/rust_mozprofilegcidcC/MarionetteActivePort
1747666212363	geckodriver::marionette	TRACE	Retrying in 100ms
1747666212468	geckodriver::browser	TRACE	Failed to open /var/folders/m0/2grp25fj0sxf1t4lx5c2n1rc0000gn/T/rust_mozprofilegcidcC/MarionetteActivePort
1747666212469	geckodriver::marionette	TRACE	Retrying in 100ms
1747666212575	geckodriver::browser	TRACE	Failed to open /var/folders/m0/2grp25fj0sxf1t4lx5c2n1rc0000gn/T/rust_mozprofilegcidcC/MarionetteActivePort
1747666212575	geckodriver::marionette	TRACE	Retrying in 100ms
1747666212676	geckodriver::browser	TRACE	Failed to open /var/folders/m0/2grp25fj0sxf1t4lx5c2n1rc0000gn/T/rust_mozprofilegcidcC/MarionetteActivePort
1747666212677	geckodriver::marionette	TRACE	Retrying in 100ms
1747666212781	geckodriver::browser	TRACE	Failed to open /var/folders/m0/2grp25fj0sxf1t4lx5c2n1rc0000gn/T/rust_mozprofilegcidcC/MarionetteActivePort
1747666212781	geckodriver::marionette	TRACE	Retrying in 100ms
1747666212908	geckodriver::browser	TRACE	Failed to open /var/folders/m0/2grp25fj0sxf1t4lx5c2n1rc0000gn/T/rust_mozprofilegcidcC/MarionetteActivePort
1747666212909	geckodriver::marionette	TRACE	Retrying in 100ms
1747666213009	geckodriver::browser	TRACE	Failed to open /var/folders/m0/2grp25fj0sxf1t4lx5c2n1rc0000gn/T/rust_mozprofilegcidcC/MarionetteActivePort
1747666213010	geckodriver::marionette	TRACE	Retrying in 100ms
1747666213115	geckodriver::browser	TRACE	Failed to open /var/folders/m0/2grp25fj0sxf1t4lx5c2n1rc0000gn/T/rust_mozprofilegcidcC/MarionetteActivePort
1747666213116	geckodriver::marionette	TRACE	Retrying in 100ms
1747666213217	geckodriver::browser	TRACE	Failed to open /var/folders/m0/2grp25fj0sxf1t4lx5c2n1rc0000gn/T/rust_mozprofilegcidcC/MarionetteActivePort
1747666213217	geckodriver::marionette	TRACE	Retrying in 100ms
1747666213353	geckodriver::browser	TRACE	Failed to open /var/folders/m0/2grp25fj0sxf1t4lx5c2n1rc0000gn/T/rust_mozprofilegcidcC/MarionetteActivePort
1747666213355	geckodriver::marionette	TRACE	Retrying in 100ms
1747666213460	geckodriver::browser	TRACE	Failed to open /var/folders/m0/2grp25fj0sxf1t4lx5c2n1rc0000gn/T/rust_mozprofilegcidcC/MarionetteActivePort
1747666213461	geckodriver::marionette	TRACE	Retrying in 100ms
1747666213566	geckodriver::browser	TRACE	Failed to open /var/folders/m0/2grp25fj0sxf1t4lx5c2n1rc0000gn/T/rust_mozprofilegcidcC/MarionetteActivePort
1747666213566	geckodriver::marionette	TRACE	Retrying in 100ms
1747666213671	geckodriver::browser	TRACE	Failed to open /var/folders/m0/2grp25fj0sxf1t4lx5c2n1rc0000gn/T/rust_mozprofilegcidcC/MarionetteActivePort
1747666213671	geckodriver::marionette	TRACE	Retrying in 100ms
1747666213773	geckodriver::browser	TRACE	Failed to open /var/folders/m0/2grp25fj0sxf1t4lx5c2n1rc0000gn/T/rust_mozprofilegcidcC/MarionetteActivePort
1747666213773	geckodriver::marionette	TRACE	Retrying in 100ms
1747666213875	geckodriver::browser	TRACE	Failed to open /var/folders/m0/2grp25fj0sxf1t4lx5c2n1rc0000gn/T/rust_mozprofilegcidcC/MarionetteActivePort
1747666213876	geckodriver::marionette	TRACE	Retrying in 100ms
1747666213980	geckodriver::browser	TRACE	Failed to open /var/folders/m0/2grp25fj0sxf1t4lx5c2n1rc0000gn/T/rust_mozprofilegcidcC/MarionetteActivePort
1747666213980	geckodriver::marionette	TRACE	Retrying in 100ms
1747666214085	geckodriver::browser	TRACE	Failed to open /var/folders/m0/2grp25fj0sxf1t4lx5c2n1rc0000gn/T/rust_mozprofilegcidcC/MarionetteActivePort
1747666214086	geckodriver::marionette	TRACE	Retrying in 100ms
1747666214201	geckodriver::browser	TRACE	Failed to open /var/folders/m0/2grp25fj0sxf1t4lx5c2n1rc0000gn/T/rust_mozprofilegcidcC/MarionetteActivePort
1747666214201	geckodriver::marionette	TRACE	Retrying in 100ms
1747666214304	geckodriver::browser	TRACE	Failed to open /var/folders/m0/2grp25fj0sxf1t4lx5c2n1rc0000gn/T/rust_mozprofilegcidcC/MarionetteActivePort
1747666214304	geckodriver::marionette	TRACE	Retrying in 100ms
1747666214406	geckodriver::browser	TRACE	Failed to open /var/folders/m0/2grp25fj0sxf1t4lx5c2n1rc0000gn/T/rust_mozprofilegcidcC/MarionetteActivePort
1747666214407	geckodriver::marionette	TRACE	Retrying in 100ms
1747666214512	geckodriver::browser	TRACE	Failed to open /var/folders/m0/2grp25fj0sxf1t4lx5c2n1rc0000gn/T/rust_mozprofilegcidcC/MarionetteActivePort
1747666214512	geckodriver::marionette	TRACE	Retrying in 100ms
1747666214614	geckodriver::browser	TRACE	Failed to open /var/folders/m0/2grp25fj0sxf1t4lx5c2n1rc0000gn/T/rust_mozprofilegcidcC/MarionetteActivePort
1747666214614	geckodriver::marionette	TRACE	Retrying in 100ms
1747666214716	geckodriver::browser	TRACE	Failed to open /var/folders/m0/2grp25fj0sxf1t4lx5c2n1rc0000gn/T/rust_mozprofilegcidcC/MarionetteActivePort
1747666214716	geckodriver::marionette	TRACE	Retrying in 100ms
1747666214934	geckodriver::browser	TRACE	Failed to open /var/folders/m0/2grp25fj0sxf1t4lx5c2n1rc0000gn/T/rust_mozprofilegcidcC/MarionetteActivePort
1747666214934	geckodriver::marionette	TRACE	Retrying in 100ms
1747666215041	geckodriver::browser	TRACE	Failed to open /var/folders/m0/2grp25fj0sxf1t4lx5c2n1rc0000gn/T/rust_mozprofilegcidcC/MarionetteActivePort
1747666215041	geckodriver::marionette	TRACE	Retrying in 100ms
console.warn: services.settings: Ignoring preference override of remote settings server
console.warn: services.settings: Allow by setting MOZ_REMOTE_SETTINGS_DEVTOOLS=1 in the environment
1747666215144	geckodriver::browser	TRACE	Failed to open /var/folders/m0/2grp25fj0sxf1t4lx5c2n1rc0000gn/T/rust_mozprofilegcidcC/MarionetteActivePort
1747666215144	geckodriver::marionette	TRACE	Retrying in 100ms
1747666215245	geckodriver::browser	TRACE	Failed to open /var/folders/m0/2grp25fj0sxf1t4lx5c2n1rc0000gn/T/rust_mozprofilegcidcC/MarionetteActivePort
1747666215245	geckodriver::marionette	TRACE	Retrying in 100ms
1747666215347	geckodriver::browser	TRACE	Failed to open /var/folders/m0/2grp25fj0sxf1t4lx5c2n1rc0000gn/T/rust_mozprofilegcidcC/MarionetteActivePort
1747666215348	geckodriver::marionette	TRACE	Retrying in 100ms
1747666215464	geckodriver::browser	TRACE	Failed to open /var/folders/m0/2grp25fj0sxf1t4lx5c2n1rc0000gn/T/rust_mozprofilegcidcC/MarionetteActivePort
1747666215464	geckodriver::marionette	TRACE	Retrying in 100ms
1747666215565	geckodriver::browser	TRACE	Failed to open /var/folders/m0/2grp25fj0sxf1t4lx5c2n1rc0000gn/T/rust_mozprofilegcidcC/MarionetteActivePort
1747666215565	geckodriver::marionette	TRACE	Retrying in 100ms
1747666215670	geckodriver::browser	TRACE	Failed to open /var/folders/m0/2grp25fj0sxf1t4lx5c2n1rc0000gn/T/rust_mozprofilegcidcC/MarionetteActivePort
1747666215670	geckodriver::marionette	TRACE	Retrying in 100ms
1747666215772	geckodriver::browser	TRACE	Failed to open /var/folders/m0/2grp25fj0sxf1t4lx5c2n1rc0000gn/T/rust_mozprofilegcidcC/MarionetteActivePort
1747666215772	geckodriver::marionette	TRACE	Retrying in 100ms
1747666215877	geckodriver::browser	TRACE	Failed to open /var/folders/m0/2grp25fj0sxf1t4lx5c2n1rc0000gn/T/rust_mozprofilegcidcC/MarionetteActivePort
1747666215877	geckodriver::marionette	TRACE	Retrying in 100ms
1747666215982	geckodriver::browser	TRACE	Failed to open /var/folders/m0/2grp25fj0sxf1t4lx5c2n1rc0000gn/T/rust_mozprofilegcidcC/MarionetteActivePort
1747666215983	geckodriver::marionette	TRACE	Retrying in 100ms
1747666216089	geckodriver::browser	TRACE	Failed to open /var/folders/m0/2grp25fj0sxf1t4lx5c2n1rc0000gn/T/rust_mozprofilegcidcC/MarionetteActivePort
1747666216089	geckodriver::marionette	TRACE	Retrying in 100ms
1747666216190	geckodriver::browser	TRACE	Failed to open /var/folders/m0/2grp25fj0sxf1t4lx5c2n1rc0000gn/T/rust_mozprofilegcidcC/MarionetteActivePort
1747666216190	geckodriver::marionette	TRACE	Retrying in 100ms
1747666216295	geckodriver::browser	TRACE	Failed to open /var/folders/m0/2grp25fj0sxf1t4lx5c2n1rc0000gn/T/rust_mozprofilegcidcC/MarionetteActivePort
1747666216295	geckodriver::marionette	TRACE	Retrying in 100ms
1747666216397	geckodriver::browser	TRACE	Failed to open /var/folders/m0/2grp25fj0sxf1t4lx5c2n1rc0000gn/T/rust_mozprofilegcidcC/MarionetteActivePort
1747666216397	geckodriver::marionette	TRACE	Retrying in 100ms
1747666216499	geckodriver::browser	TRACE	Failed to open /var/folders/m0/2grp25fj0sxf1t4lx5c2n1rc0000gn/T/rust_mozprofilegcidcC/MarionetteActivePort
1747666216500	geckodriver::marionette	TRACE	Retrying in 100ms
1747666216601	geckodriver::browser	TRACE	Failed to open /var/folders/m0/2grp25fj0sxf1t4lx5c2n1rc0000gn/T/rust_mozprofilegcidcC/MarionetteActivePort
1747666216601	geckodriver::marionette	TRACE	Retrying in 100ms
1747666216707	geckodriver::browser	TRACE	Failed to open /var/folders/m0/2grp25fj0sxf1t4lx5c2n1rc0000gn/T/rust_mozprofilegcidcC/MarionetteActivePort
1747666216707	geckodriver::marionette	TRACE	Retrying in 100ms
1747666216827	geckodriver::browser	TRACE	Failed to open /var/folders/m0/2grp25fj0sxf1t4lx5c2n1rc0000gn/T/rust_mozprofilegcidcC/MarionetteActivePort
1747666216827	geckodriver::marionette	TRACE	Retrying in 100ms
1747666216928	geckodriver::browser	TRACE	Failed to open /var/folders/m0/2grp25fj0sxf1t4lx5c2n1rc0000gn/T/rust_mozprofilegcidcC/MarionetteActivePort
1747666216928	geckodriver::marionette	TRACE	Retrying in 100ms
1747666217031	geckodriver::browser	TRACE	Failed to open /var/folders/m0/2grp25fj0sxf1t4lx5c2n1rc0000gn/T/rust_mozprofilegcidcC/MarionetteActivePort
1747666217031	geckodriver::marionette	TRACE	Retrying in 100ms
1747666217135	geckodriver::browser	TRACE	Failed to open /var/folders/m0/2grp25fj0sxf1t4lx5c2n1rc0000gn/T/rust_mozprofilegcidcC/MarionetteActivePort
1747666217135	geckodriver::marionette	TRACE	Retrying in 100ms
1747666217238	geckodriver::browser	TRACE	Failed to open /var/folders/m0/2grp25fj0sxf1t4lx5c2n1rc0000gn/T/rust_mozprofilegcidcC/MarionetteActivePort
1747666217238	geckodriver::marionette	TRACE	Retrying in 100ms
1747666217338	geckodriver::browser	TRACE	Failed to open /var/folders/m0/2grp25fj0sxf1t4lx5c2n1rc0000gn/T/rust_mozprofilegcidcC/MarionetteActivePort
1747666217339	geckodriver::marionette	TRACE	Retrying in 100ms
1747666217441	geckodriver::browser	TRACE	Failed to open /var/folders/m0/2grp25fj0sxf1t4lx5c2n1rc0000gn/T/rust_mozprofilegcidcC/MarionetteActivePort
1747666217441	geckodriver::marionette	TRACE	Retrying in 100ms
1747666217545	geckodriver::browser	TRACE	Failed to open /var/folders/m0/2grp25fj0sxf1t4lx5c2n1rc0000gn/T/rust_mozprofilegcidcC/MarionetteActivePort
1747666217545	geckodriver::marionette	TRACE	Retrying in 100ms
1747666217664	geckodriver::browser	TRACE	Failed to open /var/folders/m0/2grp25fj0sxf1t4lx5c2n1rc0000gn/T/rust_mozprofilegcidcC/MarionetteActivePort
1747666217664	geckodriver::marionette	TRACE	Retrying in 100ms
1747666217765	geckodriver::browser	TRACE	Failed to open /var/folders/m0/2grp25fj0sxf1t4lx5c2n1rc0000gn/T/rust_mozprofilegcidcC/MarionetteActivePort
1747666217765	geckodriver::marionette	TRACE	Retrying in 100ms
1747666217867	geckodriver::browser	TRACE	Failed to open /var/folders/m0/2grp25fj0sxf1t4lx5c2n1rc0000gn/T/rust_mozprofilegcidcC/MarionetteActivePort
1747666217867	geckodriver::marionette	TRACE	Retrying in 100ms
1747666217983	geckodriver::browser	TRACE	Failed to open /var/folders/m0/2grp25fj0sxf1t4lx5c2n1rc0000gn/T/rust_mozprofilegcidcC/MarionetteActivePort
1747666217984	geckodriver::marionette	TRACE	Retrying in 100ms
1747666218085	geckodriver::browser	TRACE	Failed to open /var/folders/m0/2grp25fj0sxf1t4lx5c2n1rc0000gn/T/rust_mozprofilegcidcC/MarionetteActivePort
1747666218085	geckodriver::marionette	TRACE	Retrying in 100ms
1747666218188	geckodriver::browser	TRACE	Failed to open /var/folders/m0/2grp25fj0sxf1t4lx5c2n1rc0000gn/T/rust_mozprofilegcidcC/MarionetteActivePort
1747666218188	geckodriver::marionette	TRACE	Retrying in 100ms
1747666218324	geckodriver::browser	TRACE	Failed to open /var/folders/m0/2grp25fj0sxf1t4lx5c2n1rc0000gn/T/rust_mozprofilegcidcC/MarionetteActivePort
1747666218325	geckodriver::marionette	TRACE	Retrying in 100ms
1747666218427	geckodriver::browser	TRACE	Failed to open /var/folders/m0/2grp25fj0sxf1t4lx5c2n1rc0000gn/T/rust_mozprofilegcidcC/MarionetteActivePort
1747666218427	geckodriver::marionette	TRACE	Retrying in 100ms
1747666218530	geckodriver::browser	TRACE	Failed to open /var/folders/m0/2grp25fj0sxf1t4lx5c2n1rc0000gn/T/rust_mozprofilegcidcC/MarionetteActivePort
1747666218530	geckodriver::marionette	TRACE	Retrying in 100ms
1747666218644	geckodriver::browser	TRACE	Failed to open /var/folders/m0/2grp25fj0sxf1t4lx5c2n1rc0000gn/T/rust_mozprofilegcidcC/MarionetteActivePort
1747666218646	geckodriver::marionette	TRACE	Retrying in 100ms
1747666218748	geckodriver::browser	TRACE	Failed to open /var/folders/m0/2grp25fj0sxf1t4lx5c2n1rc0000gn/T/rust_mozprofilegcidcC/MarionetteActivePort
1747666218748	geckodriver::marionette	TRACE	Retrying in 100ms
1747666218856	geckodriver::browser	TRACE	Failed to open /var/folders/m0/2grp25fj0sxf1t4lx5c2n1rc0000gn/T/rust_mozprofilegcidcC/MarionetteActivePort
1747666218856	geckodriver::marionette	TRACE	Retrying in 100ms
1747666218859	Marionette	INFO	Marionette enabled
1747666218932	RemoteAgent	DEBUG	Setting recommended pref apz.content_response_timeout to 60000
1747666218933	RemoteAgent	DEBUG	Setting recommended pref browser.contentblocking.introCount to 99
1747666218934	RemoteAgent	DEBUG	Setting recommended pref browser.download.panel.shown to true
1747666218934	RemoteAgent	DEBUG	Setting recommended pref browser.http.blank_page_with_error_response.enabled to true
1747666218935	RemoteAgent	DEBUG	Setting recommended pref browser.newtabpage.activity-stream.discoverystream.region-weather-config to 
1747666218941	RemoteAgent	DEBUG	Setting recommended pref browser.newtabpage.activity-stream.newtabWallpapers.enabled to false
1747666218942	RemoteAgent	DEBUG	Setting recommended pref browser.newtabpage.activity-stream.newtabWallpapers.v2.enabled to false
1747666218943	RemoteAgent	DEBUG	Setting recommended pref browser.newtabpage.activity-stream.showSponsoredTopSites to false
1747666218984	geckodriver::browser	TRACE	Failed to open /var/folders/m0/2grp25fj0sxf1t4lx5c2n1rc0000gn/T/rust_mozprofilegcidcC/MarionetteActivePort
1747666218985	geckodriver::marionette	TRACE	Retrying in 100ms
1747666218990	RemoteAgent	DEBUG	Setting recommended pref browser.newtabpage.enabled to false
1747666218993	RemoteAgent	DEBUG	Setting recommended pref browser.pagethumbnails.capturing_disabled to true
1747666218994	RemoteAgent	DEBUG	Setting recommended pref browser.region.network.url to 
1747666218995	RemoteAgent	DEBUG	Setting recommended pref browser.safebrowsing.blockedURIs.enabled to false
1747666218997	RemoteAgent	DEBUG	Setting recommended pref browser.safebrowsing.downloads.enabled to false
1747666219007	RemoteAgent	DEBUG	Setting recommended pref browser.safebrowsing.malware.enabled to false
1747666219009	RemoteAgent	DEBUG	Setting recommended pref browser.safebrowsing.phishing.enabled to false
1747666219011	RemoteAgent	DEBUG	Setting recommended pref browser.search.update to false
1747666219011	RemoteAgent	DEBUG	Setting recommended pref browser.startup.couldRestoreSession.count to -1
1747666219012	RemoteAgent	DEBUG	Setting recommended pref browser.tabs.remote.unloadDelayMs to 0
1747666219012	RemoteAgent	DEBUG	Setting recommended pref browser.tabs.unloadOnLowMemory to false
1747666219012	RemoteAgent	DEBUG	Setting recommended pref browser.tabs.warnOnClose to false
1747666219012	RemoteAgent	DEBUG	Setting recommended pref browser.tabs.warnOnCloseOtherTabs to false
1747666219014	RemoteAgent	DEBUG	Setting recommended pref browser.tabs.warnOnOpen to false
1747666219015	RemoteAgent	DEBUG	Setting recommended pref browser.toolbars.bookmarks.visibility to never
1747666219015	RemoteAgent	DEBUG	Setting recommended pref browser.topsites.contile.enabled to false
1747666219044	RemoteAgent	DEBUG	Setting recommended pref browser.usedOnWindows10.introURL to 
1747666219069	RemoteAgent	DEBUG	Setting recommended pref browser.urlbar.merino.endpointURL to 
1747666219072	RemoteAgent	DEBUG	Setting recommended pref browser.urlbar.suggest.searches to false
1747666219073	RemoteAgent	DEBUG	Setting recommended pref datareporting.policy.dataSubmissionPolicyAccepted to false
1747666219073	RemoteAgent	DEBUG	Setting recommended pref dom.disable_open_during_load to false
1747666219073	RemoteAgent	DEBUG	Setting recommended pref dom.file.createInChild to true
1747666219073	RemoteAgent	DEBUG	Setting recommended pref dom.input_events.security.minNumTicks to 0
1747666219074	RemoteAgent	DEBUG	Setting recommended pref dom.input_events.security.minTimeElapsedInMS to 0
1747666219074	RemoteAgent	DEBUG	Setting recommended pref dom.max_chrome_script_run_time to 0
1747666219074	RemoteAgent	DEBUG	Setting recommended pref dom.max_script_run_time to 0
1747666219074	RemoteAgent	DEBUG	Setting recommended pref dom.navigation.navigationRateLimit.count to 0
1747666219074	RemoteAgent	DEBUG	Setting recommended pref dom.push.connection.enabled to false
1747666219074	RemoteAgent	DEBUG	Setting recommended pref dom.screenorientation.allow-lock to true
1747666219076	RemoteAgent	DEBUG	Setting recommended pref dom.successive_dialog_time_limit to 0
1747666219077	RemoteAgent	DEBUG	Setting recommended pref extensions.getAddons.cache.enabled to false
1747666219077	RemoteAgent	DEBUG	Setting recommended pref extensions.getAddons.discovery.api_url to data:, 
1747666219078	RemoteAgent	DEBUG	Setting recommended pref extensions.blocklist.detailsURL to http://%(server)s/extensions-dummy/blocklistDetailsURL
1747666219079	RemoteAgent	DEBUG	Setting recommended pref extensions.blocklist.itemURL to http://%(server)s/extensions-dummy/blocklistItemURL
1747666219079	RemoteAgent	DEBUG	Setting recommended pref extensions.hotfix.url to http://%(server)s/extensions-dummy/hotfixURL
1747666219080	RemoteAgent	DEBUG	Setting recommended pref extensions.systemAddon.update.enabled to false
1747666219081	RemoteAgent	DEBUG	Setting recommended pref extensions.update.background.url to http://%(server)s/extensions-dummy/updateBackgroundURL
1747666219081	RemoteAgent	DEBUG	Setting recommended pref extensions.update.url to http://%(server)s/extensions-dummy/updateURL
1747666219081	RemoteAgent	DEBUG	Setting recommended pref extensions.getAddons.get.url to http://%(server)s/extensions-dummy/repositoryGetURL
1747666219081	RemoteAgent	DEBUG	Setting recommended pref extensions.getAddons.search.browseURL to http://%(server)s/extensions-dummy/repositoryBrowseURL
1747666219082	RemoteAgent	DEBUG	Setting recommended pref geo.provider.network.url to 
1747666219082	RemoteAgent	DEBUG	Setting recommended pref identity.fxaccounts.auth.uri to https://{server}/dummy/fxa
1747666219082	RemoteAgent	DEBUG	Setting recommended pref network.connectivity-service.enabled to false
1747666219082	RemoteAgent	DEBUG	Setting recommended pref network.http.phishy-userpass-length to 255
1747666219083	RemoteAgent	DEBUG	Setting recommended pref network.http.prompt-temp-redirect to false
1747666219083	RemoteAgent	DEBUG	Setting recommended pref privacy.trackingprotection.enabled to false
1747666219083	RemoteAgent	DEBUG	Setting recommended pref remote.prefs.recommended.applied to true
1747666219083	RemoteAgent	DEBUG	Setting recommended pref security.fileuri.strict_origin_policy to false
1747666219083	RemoteAgent	DEBUG	Setting recommended pref security.notification_enable_delay to 0
1747666219083	RemoteAgent	DEBUG	Setting recommended pref security.remote_settings.intermediates.enabled to false
1747666219084	RemoteAgent	DEBUG	Setting recommended pref services.settings.loglevel to off
1747666219084	RemoteAgent	DEBUG	Setting recommended pref signon.autofillForms to false
1747666219084	RemoteAgent	DEBUG	Setting recommended pref signon.rememberSignons to false
1747666219084	RemoteAgent	DEBUG	Setting recommended pref toolkit.telemetry.server to https://%(server)s/telemetry-dummy/
1747666219085	RemoteAgent	DEBUG	Setting recommended pref widget.windows.window_occlusion_tracking.enabled to false
1747666219086	geckodriver::browser	TRACE	Failed to open /var/folders/m0/2grp25fj0sxf1t4lx5c2n1rc0000gn/T/rust_mozprofilegcidcC/MarionetteActivePort
1747666219086	geckodriver::marionette	TRACE	Retrying in 100ms
1747666219188	geckodriver::browser	TRACE	Failed to open /var/folders/m0/2grp25fj0sxf1t4lx5c2n1rc0000gn/T/rust_mozprofilegcidcC/MarionetteActivePort
1747666219188	geckodriver::marionette	TRACE	Retrying in 100ms
1747666219306	geckodriver::browser	TRACE	Failed to open /var/folders/m0/2grp25fj0sxf1t4lx5c2n1rc0000gn/T/rust_mozprofilegcidcC/MarionetteActivePort
1747666219307	geckodriver::marionette	TRACE	Retrying in 100ms
1747666219410	geckodriver::browser	TRACE	Failed to open /var/folders/m0/2grp25fj0sxf1t4lx5c2n1rc0000gn/T/rust_mozprofilegcidcC/MarionetteActivePort
1747666219412	geckodriver::marionette	TRACE	Retrying in 100ms
1747666219515	geckodriver::browser	TRACE	Failed to open /var/folders/m0/2grp25fj0sxf1t4lx5c2n1rc0000gn/T/rust_mozprofilegcidcC/MarionetteActivePort
1747666219515	geckodriver::marionette	TRACE	Retrying in 100ms
1747666219627	geckodriver::browser	TRACE	Failed to open /var/folders/m0/2grp25fj0sxf1t4lx5c2n1rc0000gn/T/rust_mozprofilegcidcC/MarionetteActivePort
1747666219628	geckodriver::marionette	TRACE	Retrying in 100ms
1747666219731	geckodriver::browser	TRACE	Failed to open /var/folders/m0/2grp25fj0sxf1t4lx5c2n1rc0000gn/T/rust_mozprofilegcidcC/MarionetteActivePort
1747666219731	geckodriver::marionette	TRACE	Retrying in 100ms
1747666219837	geckodriver::browser	TRACE	Failed to open /var/folders/m0/2grp25fj0sxf1t4lx5c2n1rc0000gn/T/rust_mozprofilegcidcC/MarionetteActivePort
1747666219838	geckodriver::marionette	TRACE	Retrying in 100ms
1747666219951	geckodriver::browser	TRACE	Failed to open /var/folders/m0/2grp25fj0sxf1t4lx5c2n1rc0000gn/T/rust_mozprofilegcidcC/MarionetteActivePort
1747666219952	geckodriver::marionette	TRACE	Retrying in 100ms
1747666220055	geckodriver::browser	TRACE	Failed to open /var/folders/m0/2grp25fj0sxf1t4lx5c2n1rc0000gn/T/rust_mozprofilegcidcC/MarionetteActivePort
1747666220055	geckodriver::marionette	TRACE	Retrying in 100ms
1747666220162	geckodriver::browser	TRACE	Failed to open /var/folders/m0/2grp25fj0sxf1t4lx5c2n1rc0000gn/T/rust_mozprofilegcidcC/MarionetteActivePort
1747666220163	geckodriver::marionette	TRACE	Retrying in 100ms
1747666220282	geckodriver::browser	TRACE	Failed to open /var/folders/m0/2grp25fj0sxf1t4lx5c2n1rc0000gn/T/rust_mozprofilegcidcC/MarionetteActivePort
1747666220283	geckodriver::marionette	TRACE	Retrying in 100ms
1747666220384	geckodriver::browser	TRACE	Failed to open /var/folders/m0/2grp25fj0sxf1t4lx5c2n1rc0000gn/T/rust_mozprofilegcidcC/MarionetteActivePort
1747666220384	geckodriver::marionette	TRACE	Retrying in 100ms
1747666220489	geckodriver::browser	TRACE	Failed to open /var/folders/m0/2grp25fj0sxf1t4lx5c2n1rc0000gn/T/rust_mozprofilegcidcC/MarionetteActivePort
1747666220489	geckodriver::marionette	TRACE	Retrying in 100ms
1747666220619	geckodriver::browser	TRACE	Failed to open /var/folders/m0/2grp25fj0sxf1t4lx5c2n1rc0000gn/T/rust_mozprofilegcidcC/MarionetteActivePort
1747666220620	geckodriver::marionette	TRACE	Retrying in 100ms
1747666220724	geckodriver::browser	TRACE	Failed to open /var/folders/m0/2grp25fj0sxf1t4lx5c2n1rc0000gn/T/rust_mozprofilegcidcC/MarionetteActivePort
1747666220725	geckodriver::marionette	TRACE	Retrying in 100ms
1747666220884	geckodriver::browser	TRACE	Failed to open /var/folders/m0/2grp25fj0sxf1t4lx5c2n1rc0000gn/T/rust_mozprofilegcidcC/MarionetteActivePort
1747666220886	geckodriver::marionette	TRACE	Retrying in 100ms
1747666221021	geckodriver::browser	TRACE	Failed to open /var/folders/m0/2grp25fj0sxf1t4lx5c2n1rc0000gn/T/rust_mozprofilegcidcC/MarionetteActivePort
1747666221021	geckodriver::marionette	TRACE	Retrying in 100ms
1747666221122	geckodriver::browser	TRACE	Failed to open /var/folders/m0/2grp25fj0sxf1t4lx5c2n1rc0000gn/T/rust_mozprofilegcidcC/MarionetteActivePort
1747666221122	geckodriver::marionette	TRACE	Retrying in 100ms
1747666221224	geckodriver::browser	TRACE	Failed to open /var/folders/m0/2grp25fj0sxf1t4lx5c2n1rc0000gn/T/rust_mozprofilegcidcC/MarionetteActivePort
1747666221224	geckodriver::marionette	TRACE	Retrying in 100ms
1747666221298	Marionette	TRACE	Received observer notification final-ui-startup
1747666221326	geckodriver::browser	TRACE	Failed to open /var/folders/m0/2grp25fj0sxf1t4lx5c2n1rc0000gn/T/rust_mozprofilegcidcC/MarionetteActivePort
1747666221338	geckodriver::marionette	TRACE	Retrying in 100ms
1747666221442	geckodriver::browser	TRACE	Failed to open /var/folders/m0/2grp25fj0sxf1t4lx5c2n1rc0000gn/T/rust_mozprofilegcidcC/MarionetteActivePort
1747666221444	geckodriver::marionette	TRACE	Retrying in 100ms
1747666221555	geckodriver::browser	TRACE	Failed to open /var/folders/m0/2grp25fj0sxf1t4lx5c2n1rc0000gn/T/rust_mozprofilegcidcC/MarionetteActivePort
1747666221555	geckodriver::marionette	TRACE	Retrying in 100ms
1747666221660	geckodriver::browser	TRACE	Failed to open /var/folders/m0/2grp25fj0sxf1t4lx5c2n1rc0000gn/T/rust_mozprofilegcidcC/MarionetteActivePort
1747666221660	geckodriver::marionette	TRACE	Retrying in 100ms
1747666221773	geckodriver::browser	TRACE	Failed to open /var/folders/m0/2grp25fj0sxf1t4lx5c2n1rc0000gn/T/rust_mozprofilegcidcC/MarionetteActivePort
1747666221774	geckodriver::marionette	TRACE	Retrying in 100ms
1747666221882	geckodriver::browser	TRACE	Failed to open /var/folders/m0/2grp25fj0sxf1t4lx5c2n1rc0000gn/T/rust_mozprofilegcidcC/MarionetteActivePort
1747666221882	geckodriver::marionette	TRACE	Retrying in 100ms
1747666221990	geckodriver::browser	TRACE	Failed to open /var/folders/m0/2grp25fj0sxf1t4lx5c2n1rc0000gn/T/rust_mozprofilegcidcC/MarionetteActivePort
1747666221990	geckodriver::marionette	TRACE	Retrying in 100ms
1747666222096	geckodriver::browser	TRACE	Failed to open /var/folders/m0/2grp25fj0sxf1t4lx5c2n1rc0000gn/T/rust_mozprofilegcidcC/MarionetteActivePort
1747666222096	geckodriver::marionette	TRACE	Retrying in 100ms
1747666222199	geckodriver::browser	TRACE	Failed to open /var/folders/m0/2grp25fj0sxf1t4lx5c2n1rc0000gn/T/rust_mozprofilegcidcC/MarionetteActivePort
1747666222199	geckodriver::marionette	TRACE	Retrying in 100ms
1747666222300	geckodriver::browser	TRACE	Failed to open /var/folders/m0/2grp25fj0sxf1t4lx5c2n1rc0000gn/T/rust_mozprofilegcidcC/MarionetteActivePort
1747666222300	geckodriver::marionette	TRACE	Retrying in 100ms
1747666222401	geckodriver::browser	TRACE	Failed to open /var/folders/m0/2grp25fj0sxf1t4lx5c2n1rc0000gn/T/rust_mozprofilegcidcC/MarionetteActivePort
1747666222401	geckodriver::marionette	TRACE	Retrying in 100ms
1747666222506	geckodriver::browser	TRACE	Failed to open /var/folders/m0/2grp25fj0sxf1t4lx5c2n1rc0000gn/T/rust_mozprofilegcidcC/MarionetteActivePort
1747666222506	geckodriver::marionette	TRACE	Retrying in 100ms
1747666222609	geckodriver::browser	TRACE	Failed to open /var/folders/m0/2grp25fj0sxf1t4lx5c2n1rc0000gn/T/rust_mozprofilegcidcC/MarionetteActivePort
1747666222609	geckodriver::marionette	TRACE	Retrying in 100ms
1747666222720	geckodriver::browser	TRACE	Failed to open /var/folders/m0/2grp25fj0sxf1t4lx5c2n1rc0000gn/T/rust_mozprofilegcidcC/MarionetteActivePort
1747666222722	geckodriver::marionette	TRACE	Retrying in 100ms
1747666222834	geckodriver::browser	TRACE	Failed to open /var/folders/m0/2grp25fj0sxf1t4lx5c2n1rc0000gn/T/rust_mozprofilegcidcC/MarionetteActivePort
1747666222840	geckodriver::marionette	TRACE	Retrying in 100ms
1747666222946	geckodriver::browser	TRACE	Failed to open /var/folders/m0/2grp25fj0sxf1t4lx5c2n1rc0000gn/T/rust_mozprofilegcidcC/MarionetteActivePort
1747666222946	geckodriver::marionette	TRACE	Retrying in 100ms
1747666223049	geckodriver::browser	TRACE	Failed to open /var/folders/m0/2grp25fj0sxf1t4lx5c2n1rc0000gn/T/rust_mozprofilegcidcC/MarionetteActivePort
1747666223049	geckodriver::marionette	TRACE	Retrying in 100ms
1747666223150	geckodriver::browser	TRACE	Failed to open /var/folders/m0/2grp25fj0sxf1t4lx5c2n1rc0000gn/T/rust_mozprofilegcidcC/MarionetteActivePort
1747666223152	geckodriver::marionette	TRACE	Retrying in 100ms
1747666223257	geckodriver::browser	TRACE	Failed to open /var/folders/m0/2grp25fj0sxf1t4lx5c2n1rc0000gn/T/rust_mozprofilegcidcC/MarionetteActivePort
1747666223257	geckodriver::marionette	TRACE	Retrying in 100ms
1747666223365	geckodriver::browser	TRACE	Failed to open /var/folders/m0/2grp25fj0sxf1t4lx5c2n1rc0000gn/T/rust_mozprofilegcidcC/MarionetteActivePort
1747666223378	geckodriver::marionette	TRACE	Retrying in 100ms
1747666223487	geckodriver::browser	TRACE	Failed to open /var/folders/m0/2grp25fj0sxf1t4lx5c2n1rc0000gn/T/rust_mozprofilegcidcC/MarionetteActivePort
1747666223487	geckodriver::marionette	TRACE	Retrying in 100ms
1747666223589	geckodriver::browser	TRACE	Failed to open /var/folders/m0/2grp25fj0sxf1t4lx5c2n1rc0000gn/T/rust_mozprofilegcidcC/MarionetteActivePort
1747666223589	geckodriver::marionette	TRACE	Retrying in 100ms
1747666223695	geckodriver::browser	TRACE	Failed to open /var/folders/m0/2grp25fj0sxf1t4lx5c2n1rc0000gn/T/rust_mozprofilegcidcC/MarionetteActivePort
1747666223695	geckodriver::marionette	TRACE	Retrying in 100ms
1747666223718	Marionette	INFO	Listening on port 51776
1747666223733	Marionette	DEBUG	Marionette is listening
Read port: 51776
2025-05-19 11:50:24.630 plugin-container[43731:504390] nil host used in call to allowsSpecificHTTPSCertificateForHost
2025-05-19 11:50:24.632 plugin-container[43731:504390] nil host used in call to allowsAnyHTTPSCertificateForHost:
2025-05-19 11:50:24.790 plugin-container[43731:504390] nil host used in call to allowsSpecificHTTPSCertificateForHost
2025-05-19 11:50:24.790 plugin-container[43731:504390] nil host used in call to allowsAnyHTTPSCertificateForHost:
2025-05-19 11:50:24.792 plugin-container[43731:504447] nil host used in call to allowsSpecificHTTPSCertificateForHost
2025-05-19 11:50:24.792 plugin-container[43731:504447] nil host used in call to allowsAnyHTTPSCertificateForHost:
1747666224805	geckodriver::marionette	TRACE	Retrying in 100ms
Read port: 51776
1747666225683	Marionette	DEBUG	Accepted connection 0 from 127.0.0.1:51777
1747666225692	Marionette	DEBUG	Accepted connection 1 from 127.0.0.1:51778
1747666225763	Marionette	DEBUG	Closed connection 0
1747666225780	geckodriver::marionette	DEBUG	Connection to Marionette established on 127.0.0.1:51776.
1747666226745	Marionette	DEBUG	1 -> [0,1,"WebDriver:NewSession",{"browserName":"firefox"}]
1747666226765	Marionette	DEBUG	Waiting for initial application window
[GFX1-]: Calling WaitFlushedEvent::Run: is delayed: 3770
2025-05-19 14:51:00.863 plugin-container[43750:504847] nil host used in call to allowsSpecificHTTPSCertificateForHost
2025-05-19 14:51:00.872 plugin-container[43750:504847] nil host used in call to allowsAnyHTTPSCertificateForHost:
2025-05-19 14:51:01.077 plugin-container[43750:504847] nil host used in call to allowsSpecificHTTPSCertificateForHost
2025-05-19 14:51:01.086 plugin-container[43750:504847] nil host used in call to allowsAnyHTTPSCertificateForHost:
2025-05-19 14:51:01.097 plugin-container[43750:504891] nil host used in call to allowsSpecificHTTPSCertificateForHost
2025-05-19 14:51:01.097 plugin-container[43750:504891] nil host used in call to allowsAnyHTTPSCertificateForHost:
1747666264995	Marionette	TRACE	Received observer notification browser-idle-startup-tasks-finished
1747666265237	RemoteAgent	TRACE	[9] ProgressListener Start: expectNavigation=false resolveWhenStarted=false unloadTimeout=5000 waitForExplicitStart=false
1747666265239	RemoteAgent	TRACE	[9] ProgressListener Setting unload timer (5000ms)
1747666265245	RemoteAgent	TRACE	[9] Wait for initial navigation: isInitial=false, isLoadingDocument=false
1747666265246	RemoteAgent	TRACE	[9] Document already finished loading: about:blank
1747666265246	RemoteAgent	TRACE	[9] ProgressListener Stop: has error=false url=about:blank
1747666265456	Marionette	DEBUG	1 <- [1,1,null,{"sessionId":"b8345f36-204e-40bb-823e-8ccb61f677a8","capabilities":{"acceptInsecureCerts":false,"browserName":"firefox","browserVersion":"138.0.4","platformName":"mac","unhandledPromptBehavior":"dismiss and notify","userAgent":"Mozilla/5.0 (Macintosh; Intel Mac OS X 10.15; rv:138.0) Gecko/20100101 Firefox/138.0","moz:buildID":"20250517143237","moz:headless":false,"moz:platformVersion":"21.6.0","moz:processID":43724,"moz:profile":"/var/folders/m0/2grp25fj0sxf1t4lx5c2n1rc0000gn/T/rust_mozprofilegcidcC","moz:shutdownTimeout":60000,"pageLoadStrategy":"normal","timeouts":{"implicit":0,"pageLoad":300000,"script":30000},"setWindowRect":true,"strictFileInteractability":false,"moz:accessibilityChecks":false,"moz:webdriverClick":true,"moz:windowless":false,"proxy":{}}}]
1747666265616	webdriver::server	DEBUG	<- 200 OK {"value":{"sessionId":"b8345f36-204e-40bb-823e-8ccb61f677a8","capabilities":{"acceptInsecureCerts":false,"browserNa ... r":"dismiss and notify","userAgent":"Mozilla/5.0 (Macintosh; Intel Mac OS X 10.15; rv:138.0) Gecko/20100101 Firefox/138.0"}}}
1747666266137	webdriver::server	DEBUG	-> POST /session/b8345f36-204e-40bb-823e-8ccb61f677a8/url {"url":"http://127.0.0.1:3000/login/login.html"}
1747666266983	Marionette	DEBUG	1 -> [0,2,"WebDriver:Navigate",{"url":"http://127.0.0.1:3000/login/login.html"}]
1747666267101	Marionette	TRACE	[9] Received event beforeunload for about:blank
1747666267202	Marionette	TRACE	Remoteness change detected. Set new top-level browsing context to 10
1747666267574	Marionette	TRACE	[10] Received event beforeunload for about:blank
1747666267657	Marionette	TRACE	[10] Received event pagehide for about:blank
1747666270367	Marionette	TRACE	[10] Received event DOMContentLoaded for http://127.0.0.1:3000/login/login.html
1747666272488	Marionette	TRACE	[10] Received event pageshow for http://127.0.0.1:3000/login/login.html
1747666272490	Marionette	DEBUG	1 <- [1,2,null,{"value":null}]
1747666272662	webdriver::server	DEBUG	<- 200 OK {"value":null}
1747666272914	webdriver::server	DEBUG	-> POST /session/b8345f36-204e-40bb-823e-8ccb61f677a8/elements {"using":"css selector","value":"body"}
1747666273475	Marionette	DEBUG	1 -> [0,3,"WebDriver:FindElements",{"using":"css selector","value":"body"}]
1747666273507	RemoteAgent	TRACE	WebDriverProcessData actor created for PID 43747
1747666273515	Marionette	TRACE	[10] MarionetteCommands actor created for window id 10737418241
1747666273556	Marionette	DEBUG	1 <- [1,3,null,[{"element-6066-11e4-a52e-4f735466cecf":"681332cb-c26e-461c-be72-b8e826765a3f"}]]
1747666273571	webdriver::server	DEBUG	<- 200 OK {"value":[{"element-6066-11e4-a52e-4f735466cecf":"681332cb-c26e-461c-be72-b8e826765a3f"}]}
1747666273604	webdriver::server	DEBUG	-> POST /session/b8345f36-204e-40bb-823e-8ccb61f677a8/execute/sync {"script":"/* isDisplayed */return (function(){return (fun ... ement-6066-11e4-a52e-4f735466cecf":"681332cb-c26e-461c-be72-b8e826765a3f","ELEMENT":"681332cb-c26e-461c-be72-b8e826765a3f"}]}
1747666273630	Marionette	DEBUG	1 -> [0,4,"WebDriver:ExecuteScript",{"args":[{"ELEMENT":"681332cb-c26e-461c-be72-b8e826765a3f","element-6066-11e4-a52e-4f735466cecf":"681332cb-c26e-461c-be72-b8e826765a3f"}],"script":"/* isDisplayed */return (function(){return (function(){var g=this||self;\nfunction aa(a){var b=typeof a;if(\"object\"==b)if(a){i ... efined'?window.navigator:null,document:typeof window!='undefined'?window.document:null}, arguments);}).apply(null, arguments)"}]
1747666273685	Marionette	DEBUG	1 <- [1,4,null,{"value":true}]
1747666273703	webdriver::server	DEBUG	<- 200 OK {"value":true}
1747666273760	webdriver::server	DEBUG	-> GET /session/b8345f36-204e-40bb-823e-8ccb61f677a8/title 
1747666273794	Marionette	DEBUG	1 -> [0,5,"WebDriver:GetTitle",{}]
1747666273807	Marionette	DEBUG	1 <- [1,5,null,{"value":"Login"}]
1747666273810	webdriver::server	DEBUG	<- 200 OK {"value":"Login"}
1747666273882	webdriver::server	DEBUG	-> POST /session/b8345f36-204e-40bb-823e-8ccb61f677a8/elements {"using":"css selector","value":"#userLogin"}
1747666273890	Marionette	DEBUG	1 -> [0,6,"WebDriver:FindElements",{"using":"css selector","value":"#userLogin"}]
1747666273906	Marionette	DEBUG	1 <- [1,6,null,[{"element-6066-11e4-a52e-4f735466cecf":"e99cb088-1c5a-4d51-9928-f5d740fc8386"}]]
1747666273908	webdriver::server	DEBUG	<- 200 OK {"value":[{"element-6066-11e4-a52e-4f735466cecf":"e99cb088-1c5a-4d51-9928-f5d740fc8386"}]}
1747666273956	webdriver::server	DEBUG	-> POST /session/b8345f36-204e-40bb-823e-8ccb61f677a8/execute/sync {"script":"/* isDisplayed */return (function(){return (fun ... ement-6066-11e4-a52e-4f735466cecf":"e99cb088-1c5a-4d51-9928-f5d740fc8386","ELEMENT":"e99cb088-1c5a-4d51-9928-f5d740fc8386"}]}
1747666273984	Marionette	DEBUG	1 -> [0,7,"WebDriver:ExecuteScript",{"args":[{"ELEMENT":"e99cb088-1c5a-4d51-9928-f5d740fc8386","element-6066-11e4-a52e-4f735466cecf":"e99cb088-1c5a-4d51-9928-f5d740fc8386"}],"script":"/* isDisplayed */return (function(){return (function(){var g=this||self;\nfunction aa(a){var b=typeof a;if(\"object\"==b)if(a){i ... efined'?window.navigator:null,document:typeof window!='undefined'?window.document:null}, arguments);}).apply(null, arguments)"}]
1747666274046	Marionette	DEBUG	1 <- [1,7,null,{"value":true}]
1747666274048	webdriver::server	DEBUG	<- 200 OK {"value":true}
1747666274169	webdriver::server	DEBUG	-> POST /session/b8345f36-204e-40bb-823e-8ccb61f677a8/elements {"using":"css selector","value":"#adminLogin"}
1747666274211	Marionette	DEBUG	1 -> [0,8,"WebDriver:FindElements",{"using":"css selector","value":"#adminLogin"}]
1747666274221	Marionette	DEBUG	1 <- [1,8,null,[{"element-6066-11e4-a52e-4f735466cecf":"867b1ecf-c9a1-4ed7-ab59-8b46a70a38c6"}]]
1747666274224	webdriver::server	DEBUG	<- 200 OK {"value":[{"element-6066-11e4-a52e-4f735466cecf":"867b1ecf-c9a1-4ed7-ab59-8b46a70a38c6"}]}
1747666274249	webdriver::server	DEBUG	-> POST /session/b8345f36-204e-40bb-823e-8ccb61f677a8/execute/sync {"script":"/* isDisplayed */return (function(){return (fun ... ement-6066-11e4-a52e-4f735466cecf":"867b1ecf-c9a1-4ed7-ab59-8b46a70a38c6","ELEMENT":"867b1ecf-c9a1-4ed7-ab59-8b46a70a38c6"}]}
1747666274256	Marionette	DEBUG	1 -> [0,9,"WebDriver:ExecuteScript",{"args":[{"ELEMENT":"867b1ecf-c9a1-4ed7-ab59-8b46a70a38c6","element-6066-11e4-a52e-4f735466cecf":"867b1ecf-c9a1-4ed7-ab59-8b46a70a38c6"}],"script":"/* isDisplayed */return (function(){return (function(){var g=this||self;\nfunction aa(a){var b=typeof a;if(\"object\"==b)if(a){i ... efined'?window.navigator:null,document:typeof window!='undefined'?window.document:null}, arguments);}).apply(null, arguments)"}]
1747666274287	Marionette	DEBUG	1 <- [1,9,null,{"value":false}]
1747666274291	webdriver::server	DEBUG	<- 200 OK {"value":false}
1747666274353	webdriver::server	DEBUG	-> POST /session/b8345f36-204e-40bb-823e-8ccb61f677a8/elements {"using":"css selector","value":"#registerForm"}
1747666274386	Marionette	DEBUG	1 -> [0,10,"WebDriver:FindElements",{"using":"css selector","value":"#registerForm"}]
1747666274423	Marionette	DEBUG	1 <- [1,10,null,[{"element-6066-11e4-a52e-4f735466cecf":"ebb88075-6e72-44cf-9d0f-3b11f0063e2e"}]]
1747666274426	webdriver::server	DEBUG	<- 200 OK {"value":[{"element-6066-11e4-a52e-4f735466cecf":"ebb88075-6e72-44cf-9d0f-3b11f0063e2e"}]}
1747666274444	webdriver::server	DEBUG	-> POST /session/b8345f36-204e-40bb-823e-8ccb61f677a8/execute/sync {"script":"/* isDisplayed */return (function(){return (fun ... ement-6066-11e4-a52e-4f735466cecf":"ebb88075-6e72-44cf-9d0f-3b11f0063e2e","ELEMENT":"ebb88075-6e72-44cf-9d0f-3b11f0063e2e"}]}
1747666274458	Marionette	DEBUG	1 -> [0,11,"WebDriver:ExecuteScript",{"args":[{"ELEMENT":"ebb88075-6e72-44cf-9d0f-3b11f0063e2e","element-6066-11e4-a52e-4f735466cecf":"ebb88075-6e72-44cf-9d0f-3b11f0063e2e"}],"script":"/* isDisplayed */return (function(){return (function(){var g=this||self;\nfunction aa(a){var b=typeof a;if(\"object\"==b)if(a){i ... efined'?window.navigator:null,document:typeof window!='undefined'?window.document:null}, arguments);}).apply(null, arguments)"}]
1747666274539	Marionette	DEBUG	1 <- [1,11,null,{"value":false}]
1747666274541	webdriver::server	DEBUG	<- 200 OK {"value":false}
1747666274604	webdriver::server	DEBUG	-> POST /session/b8345f36-204e-40bb-823e-8ccb61f677a8/elements {"using":"css selector","value":"#userEmail"}
1747666274642	Marionette	DEBUG	1 -> [0,12,"WebDriver:FindElements",{"using":"css selector","value":"#userEmail"}]
1747666274672	Marionette	DEBUG	1 <- [1,12,null,[{"element-6066-11e4-a52e-4f735466cecf":"9023956a-3410-4549-993c-9dbd2ee895b4"}]]
1747666274673	webdriver::server	DEBUG	<- 200 OK {"value":[{"element-6066-11e4-a52e-4f735466cecf":"9023956a-3410-4549-993c-9dbd2ee895b4"}]}
1747666274694	webdriver::server	DEBUG	-> POST /session/b8345f36-204e-40bb-823e-8ccb61f677a8/execute/sync {"script":"/* isDisplayed */return (function(){return (fun ... ement-6066-11e4-a52e-4f735466cecf":"9023956a-3410-4549-993c-9dbd2ee895b4","ELEMENT":"9023956a-3410-4549-993c-9dbd2ee895b4"}]}
1747666274722	Marionette	DEBUG	1 -> [0,13,"WebDriver:ExecuteScript",{"args":[{"ELEMENT":"9023956a-3410-4549-993c-9dbd2ee895b4","element-6066-11e4-a52e-4f735466cecf":"9023956a-3410-4549-993c-9dbd2ee895b4"}],"script":"/* isDisplayed */return (function(){return (function(){var g=this||self;\nfunction aa(a){var b=typeof a;if(\"object\"==b)if(a){i ... efined'?window.navigator:null,document:typeof window!='undefined'?window.document:null}, arguments);}).apply(null, arguments)"}]
1747666274787	Marionette	DEBUG	1 <- [1,13,null,{"value":true}]
1747666274790	webdriver::server	DEBUG	<- 200 OK {"value":true}
1747666274810	webdriver::server	DEBUG	-> POST /session/b8345f36-204e-40bb-823e-8ccb61f677a8/elements {"using":"css selector","value":"#userPassword"}
1747666274877	Marionette	DEBUG	1 -> [0,14,"WebDriver:FindElements",{"using":"css selector","value":"#userPassword"}]
1747666274886	Marionette	DEBUG	1 <- [1,14,null,[{"element-6066-11e4-a52e-4f735466cecf":"0694207c-56e0-4995-bd62-192391a902ed"}]]
1747666274888	webdriver::server	DEBUG	<- 200 OK {"value":[{"element-6066-11e4-a52e-4f735466cecf":"0694207c-56e0-4995-bd62-192391a902ed"}]}
1747666274909	webdriver::server	DEBUG	-> POST /session/b8345f36-204e-40bb-823e-8ccb61f677a8/execute/sync {"script":"/* isDisplayed */return (function(){return (fun ... ement-6066-11e4-a52e-4f735466cecf":"0694207c-56e0-4995-bd62-192391a902ed","ELEMENT":"0694207c-56e0-4995-bd62-192391a902ed"}]}
1747666274930	Marionette	DEBUG	1 -> [0,15,"WebDriver:ExecuteScript",{"args":[{"ELEMENT":"0694207c-56e0-4995-bd62-192391a902ed","element-6066-11e4-a52e-4f735466cecf":"0694207c-56e0-4995-bd62-192391a902ed"}],"script":"/* isDisplayed */return (function(){return (function(){var g=this||self;\nfunction aa(a){var b=typeof a;if(\"object\"==b)if(a){i ... efined'?window.navigator:null,document:typeof window!='undefined'?window.document:null}, arguments);}).apply(null, arguments)"}]
1747666274981	Marionette	DEBUG	1 <- [1,15,null,{"value":true}]
1747666274993	webdriver::server	DEBUG	<- 200 OK {"value":true}
1747666275022	webdriver::server	DEBUG	-> POST /session/b8345f36-204e-40bb-823e-8ccb61f677a8/elements {"using":"css selector","value":"#userEmail"}
1747666275355	Marionette	DEBUG	1 -> [0,16,"WebDriver:FindElements",{"using":"css selector","value":"#userEmail"}]
1747666275530	Marionette	DEBUG	1 <- [1,16,null,[{"element-6066-11e4-a52e-4f735466cecf":"9023956a-3410-4549-993c-9dbd2ee895b4"}]]
1747666275536	webdriver::server	DEBUG	<- 200 OK {"value":[{"element-6066-11e4-a52e-4f735466cecf":"9023956a-3410-4549-993c-9dbd2ee895b4"}]}
1747666275556	webdriver::server	DEBUG	-> POST /session/b8345f36-204e-40bb-823e-8ccb61f677a8/element/9023956a-3410-4549-993c-9dbd2ee895b4/clear {}
1747666275572	Marionette	DEBUG	1 -> [0,17,"WebDriver:ElementClear",{"id":"9023956a-3410-4549-993c-9dbd2ee895b4"}]
1747666275843	Marionette	DEBUG	1 <- [1,17,null,{"value":null}]
1747666275880	webdriver::server	DEBUG	<- 200 OK {"value":null}
1747666275895	webdriver::server	DEBUG	-> GET /session/b8345f36-204e-40bb-823e-8ccb61f677a8/element/9023956a-3410-4549-993c-9dbd2ee895b4/property/value 
1747666275922	Marionette	DEBUG	1 -> [0,18,"WebDriver:GetElementProperty",{"id":"9023956a-3410-4549-993c-9dbd2ee895b4","name":"value"}]
1747666275941	Marionette	DEBUG	1 <- [1,18,null,{"value":""}]
1747666275954	webdriver::server	DEBUG	<- 200 OK {"value":""}
1747666275972	webdriver::server	DEBUG	-> POST /session/b8345f36-204e-40bb-823e-8ccb61f677a8/element/9023956a-3410-4549-993c-9dbd2ee895b4/value {"text":"user1747666 ... value":["u","s","e","r","1","7","4","7","6","6","6","2","6","5","8","2","2","@","e","x","a","m","p","l","e",".","c","o","m"]}
1747666275993	Marionette	DEBUG	1 -> [0,19,"WebDriver:ElementSendKeys",{"id":"9023956a-3410-4549-993c-9dbd2ee895b4","text":"user1747666265822@example.com","value":["u","s","e","r","1","7","4","7","6","6","6","2","6","5","8","2","2","@","e","x","a","m","p","l","e",".","c","o","m"]}]
1747666276311	Marionette	DEBUG	1 <- [1,19,null,{"value":null}]
1747666276323	webdriver::server	DEBUG	<- 200 OK {"value":null}
1747666276347	webdriver::server	DEBUG	-> POST /session/b8345f36-204e-40bb-823e-8ccb61f677a8/elements {"using":"css selector","value":"#userPassword"}
1747666276361	Marionette	DEBUG	1 -> [0,20,"WebDriver:FindElements",{"using":"css selector","value":"#userPassword"}]
1747666276491	Marionette	DEBUG	1 <- [1,20,null,[{"element-6066-11e4-a52e-4f735466cecf":"0694207c-56e0-4995-bd62-192391a902ed"}]]
1747666276502	webdriver::server	DEBUG	<- 200 OK {"value":[{"element-6066-11e4-a52e-4f735466cecf":"0694207c-56e0-4995-bd62-192391a902ed"}]}
1747666276514	webdriver::server	DEBUG	-> POST /session/b8345f36-204e-40bb-823e-8ccb61f677a8/element/0694207c-56e0-4995-bd62-192391a902ed/clear {}
1747666276536	Marionette	DEBUG	1 -> [0,21,"WebDriver:ElementClear",{"id":"0694207c-56e0-4995-bd62-192391a902ed"}]
1747666276629	Marionette	DEBUG	1 <- [1,21,null,{"value":null}]
1747666276653	webdriver::server	DEBUG	<- 200 OK {"value":null}
1747666276672	webdriver::server	DEBUG	-> GET /session/b8345f36-204e-40bb-823e-8ccb61f677a8/element/0694207c-56e0-4995-bd62-192391a902ed/property/value 
1747666276720	Marionette	DEBUG	1 -> [0,22,"WebDriver:GetElementProperty",{"id":"0694207c-56e0-4995-bd62-192391a902ed","name":"value"}]
1747666276832	Marionette	DEBUG	1 <- [1,22,null,{"value":""}]
1747666276837	webdriver::server	DEBUG	<- 200 OK {"value":""}
1747666276849	webdriver::server	DEBUG	-> POST /session/b8345f36-204e-40bb-823e-8ccb61f677a8/element/0694207c-56e0-4995-bd62-192391a902ed/value {"text":"Pass1747666265822","value":["P","a","s","s","1","7","4","7","6","6","6","2","6","5","8","2","2"]}
1747666276884	Marionette	DEBUG	1 -> [0,23,"WebDriver:ElementSendKeys",{"id":"0694207c-56e0-4995-bd62-192391a902ed","text":"Pass1747666265822","value":["P","a","s","s","1","7","4","7","6","6","6","2","6","5","8","2","2"]}]
1747666277010	Marionette	DEBUG	1 <- [1,23,null,{"value":null}]
1747666277031	webdriver::server	DEBUG	<- 200 OK {"value":null}
1747666277046	webdriver::server	DEBUG	-> POST /session/b8345f36-204e-40bb-823e-8ccb61f677a8/elements {"using":"css selector","value":"#userLoginForm button[type=\"submit\"]"}
1747666277114	Marionette	DEBUG	1 -> [0,24,"WebDriver:FindElements",{"using":"css selector","value":"#userLoginForm button[type=\"submit\"]"}]
1747666277144	Marionette	DEBUG	1 <- [1,24,null,[{"element-6066-11e4-a52e-4f735466cecf":"707c0454-2a66-46e6-b424-75c7f83b579f"}]]
1747666277155	webdriver::server	DEBUG	<- 200 OK {"value":[{"element-6066-11e4-a52e-4f735466cecf":"707c0454-2a66-46e6-b424-75c7f83b579f"}]}
1747666277171	webdriver::server	DEBUG	-> POST /session/b8345f36-204e-40bb-823e-8ccb61f677a8/element/707c0454-2a66-46e6-b424-75c7f83b579f/click {}
1747666277232	Marionette	DEBUG	1 -> [0,25,"WebDriver:ElementClick",{"id":"707c0454-2a66-46e6-b424-75c7f83b579f"}]
1747666277295	Marionette	TRACE	Received DOM event click for [object HTMLButtonElement]
console.warn: LoginRecipes: "Falling back to a synchronous message for: http://127.0.0.1:3000."
1747666277632	Marionette	TRACE	Canceled page load listener because no navigation has been detected
1747666277633	Marionette	DEBUG	1 <- [1,25,null,{"value":null}]
1747666277641	webdriver::server	DEBUG	<- 200 OK {"value":null}
1747666278674	webdriver::server	DEBUG	-> POST /session/b8345f36-204e-40bb-823e-8ccb61f677a8/elements {"using":"css selector","value":"#admin-toggle"}
1747666278734	Marionette	DEBUG	1 -> [0,26,"WebDriver:FindElements",{"using":"css selector","value":"#admin-toggle"}]
1747666278757	Marionette	DEBUG	1 <- [1,26,null,[{"element-6066-11e4-a52e-4f735466cecf":"eb233977-9a94-48d3-9bae-e032c6e184b3"}]]
1747666278776	webdriver::server	DEBUG	<- 200 OK {"value":[{"element-6066-11e4-a52e-4f735466cecf":"eb233977-9a94-48d3-9bae-e032c6e184b3"}]}
1747666278812	webdriver::server	DEBUG	-> POST /session/b8345f36-204e-40bb-823e-8ccb61f677a8/element/eb233977-9a94-48d3-9bae-e032c6e184b3/click {}
1747666278853	Marionette	DEBUG	1 -> [0,27,"WebDriver:ElementClick",{"id":"eb233977-9a94-48d3-9bae-e032c6e184b3"}]
1747666279404	Marionette	WARN	TimedPromise timed out after 500 ms: stacktrace:
TimedPromise/<@chrome://remote/content/marionette/sync.sys.mjs:205:24
TimedPromise@chrome://remote/content/marionette/sync.sys.mjs:189:10
interaction.flushEventLoop@chrome://remote/content/marionette/interaction.sys.mjs:467:10
webdriverClickElement@chrome://remote/content/marionette/interaction.sys.mjs:220:33
openPromptSync@resource://gre/modules/Prompter.sys.mjs:1082:17
alert@resource://gre/modules/Prompter.sys.mjs:1375:17
@http://127.0.0.1:3000/login/login.js:113:18
1747666279459	RemoteAgent	TRACE	Received observer notification common-dialog-loaded
1747666279461	Marionette	TRACE	Canceled page load listener because a alert prompt opened
1747666279463	Marionette	DEBUG	1 <- [1,27,null,{"value":null}]
1747666279504	webdriver::server	DEBUG	<- 200 OK {"value":null}
1747666279683	Marionette	TRACE	Canceled page load listener because no navigation has been detected
1747666280024	webdriver::server	DEBUG	-> POST /session/b8345f36-204e-40bb-823e-8ccb61f677a8/elements {"using":"css selector","value":"#userLogin"}
1747666280037	Marionette	DEBUG	1 -> [0,28,"WebDriver:FindElements",{"using":"css selector","value":"#userLogin"}]
1747666280120	RemoteAgent	TRACE	Received event DOMModalDialogClosed
1747666280133	Marionette	DEBUG	1 <- [1,28,{"error":"unexpected alert open","message":"Unexpected alert dialog detected. Performed handler \"dismiss\". Dialog text: Erro: Erro ao autenticar usurio: Internal Server Error","stacktrace":"RemoteError@chrome://remote/content/shared/RemoteError.sys.mjs:8:8\nWebDriverError@chrome://remote/content/shared/webdriver/Er ... iver/Errors.sys.mjs:876:5\nGeckoDriver.prototype._handleUserPrompts@chrome://remote/content/marionette/driver.sys.mjs:3123:11\n","data":{"text":"Erro: Erro ao autenticar usurio: Internal Server Error"}},null]
1747666280144	webdriver::server	DEBUG	<- 500 Internal Server Error {"value":{"error":"unexpected alert open","message":"Unexpected alert dialog detected. Performed ... mote/content/marionette/driver.sys.mjs:3123:11\n","data":{"text":"Erro: Erro ao autenticar usurio: Internal Server Error"}}}
1747666281163	webdriver::server	DEBUG	-> POST /session/b8345f36-204e-40bb-823e-8ccb61f677a8/elements {"using":"css selector","value":"#userLogin"}
1747666281169	Marionette	DEBUG	1 -> [0,29,"WebDriver:FindElements",{"using":"css selector","value":"#userLogin"}]
1747666281192	Marionette	DEBUG	1 <- [1,29,null,[{"element-6066-11e4-a52e-4f735466cecf":"e99cb088-1c5a-4d51-9928-f5d740fc8386"}]]
1747666281195	webdriver::server	DEBUG	<- 200 OK {"value":[{"element-6066-11e4-a52e-4f735466cecf":"e99cb088-1c5a-4d51-9928-f5d740fc8386"}]}
1747666281210	webdriver::server	DEBUG	-> POST /session/b8345f36-204e-40bb-823e-8ccb61f677a8/execute/sync {"script":"/* isDisplayed */return (function(){return (fun ... ement-6066-11e4-a52e-4f735466cecf":"e99cb088-1c5a-4d51-9928-f5d740fc8386","ELEMENT":"e99cb088-1c5a-4d51-9928-f5d740fc8386"}]}
1747666281223	Marionette	DEBUG	1 -> [0,30,"WebDriver:ExecuteScript",{"args":[{"ELEMENT":"e99cb088-1c5a-4d51-9928-f5d740fc8386","element-6066-11e4-a52e-4f735466cecf":"e99cb088-1c5a-4d51-9928-f5d740fc8386"}],"script":"/* isDisplayed */return (function(){return (function(){var g=this||self;\nfunction aa(a){var b=typeof a;if(\"object\"==b)if(a){i ... efined'?window.navigator:null,document:typeof window!='undefined'?window.document:null}, arguments);}).apply(null, arguments)"}]
1747666281331	Marionette	DEBUG	1 <- [1,30,null,{"value":true}]
1747666281333	webdriver::server	DEBUG	<- 200 OK {"value":true}
1747666281860	webdriver::server	DEBUG	-> POST /session/b8345f36-204e-40bb-823e-8ccb61f677a8/elements {"using":"css selector","value":"#userLogin"}
1747666281867	Marionette	DEBUG	1 -> [0,31,"WebDriver:FindElements",{"using":"css selector","value":"#userLogin"}]
1747666281906	Marionette	DEBUG	1 <- [1,31,null,[{"element-6066-11e4-a52e-4f735466cecf":"e99cb088-1c5a-4d51-9928-f5d740fc8386"}]]
1747666281908	webdriver::server	DEBUG	<- 200 OK {"value":[{"element-6066-11e4-a52e-4f735466cecf":"e99cb088-1c5a-4d51-9928-f5d740fc8386"}]}
1747666281922	webdriver::server	DEBUG	-> POST /session/b8345f36-204e-40bb-823e-8ccb61f677a8/execute/sync {"script":"/* isDisplayed */return (function(){return (fun ... ement-6066-11e4-a52e-4f735466cecf":"e99cb088-1c5a-4d51-9928-f5d740fc8386","ELEMENT":"e99cb088-1c5a-4d51-9928-f5d740fc8386"}]}
1747666281959	Marionette	DEBUG	1 -> [0,32,"WebDriver:ExecuteScript",{"args":[{"ELEMENT":"e99cb088-1c5a-4d51-9928-f5d740fc8386","element-6066-11e4-a52e-4f735466cecf":"e99cb088-1c5a-4d51-9928-f5d740fc8386"}],"script":"/* isDisplayed */return (function(){return (function(){var g=this||self;\nfunction aa(a){var b=typeof a;if(\"object\"==b)if(a){i ... efined'?window.navigator:null,document:typeof window!='undefined'?window.document:null}, arguments);}).apply(null, arguments)"}]
1747666282016	Marionette	DEBUG	1 <- [1,32,null,{"value":true}]
1747666282022	webdriver::server	DEBUG	<- 200 OK {"value":true}
1747666282535	webdriver::server	DEBUG	-> POST /session/b8345f36-204e-40bb-823e-8ccb61f677a8/elements {"using":"css selector","value":"#userLogin"}
1747666282537	Marionette	DEBUG	1 -> [0,33,"WebDriver:FindElements",{"using":"css selector","value":"#userLogin"}]
1747666282542	Marionette	DEBUG	1 <- [1,33,null,[{"element-6066-11e4-a52e-4f735466cecf":"e99cb088-1c5a-4d51-9928-f5d740fc8386"}]]
1747666282546	webdriver::server	DEBUG	<- 200 OK {"value":[{"element-6066-11e4-a52e-4f735466cecf":"e99cb088-1c5a-4d51-9928-f5d740fc8386"}]}
1747666282563	webdriver::server	DEBUG	-> POST /session/b8345f36-204e-40bb-823e-8ccb61f677a8/execute/sync {"script":"/* isDisplayed */return (function(){return (fun ... ement-6066-11e4-a52e-4f735466cecf":"e99cb088-1c5a-4d51-9928-f5d740fc8386","ELEMENT":"e99cb088-1c5a-4d51-9928-f5d740fc8386"}]}
1747666282568	Marionette	DEBUG	1 -> [0,34,"WebDriver:ExecuteScript",{"args":[{"ELEMENT":"e99cb088-1c5a-4d51-9928-f5d740fc8386","element-6066-11e4-a52e-4f735466cecf":"e99cb088-1c5a-4d51-9928-f5d740fc8386"}],"script":"/* isDisplayed */return (function(){return (function(){var g=this||self;\nfunction aa(a){var b=typeof a;if(\"object\"==b)if(a){i ... efined'?window.navigator:null,document:typeof window!='undefined'?window.document:null}, arguments);}).apply(null, arguments)"}]
1747666282668	Marionette	DEBUG	1 <- [1,34,null,{"value":true}]
1747666282715	webdriver::server	DEBUG	<- 200 OK {"value":true}
1747666283235	webdriver::server	DEBUG	-> POST /session/b8345f36-204e-40bb-823e-8ccb61f677a8/elements {"using":"css selector","value":"#userLogin"}
1747666283238	Marionette	DEBUG	1 -> [0,35,"WebDriver:FindElements",{"using":"css selector","value":"#userLogin"}]
1747666283244	Marionette	DEBUG	1 <- [1,35,null,[{"element-6066-11e4-a52e-4f735466cecf":"e99cb088-1c5a-4d51-9928-f5d740fc8386"}]]
1747666283247	webdriver::server	DEBUG	<- 200 OK {"value":[{"element-6066-11e4-a52e-4f735466cecf":"e99cb088-1c5a-4d51-9928-f5d740fc8386"}]}
1747666283264	webdriver::server	DEBUG	-> POST /session/b8345f36-204e-40bb-823e-8ccb61f677a8/execute/sync {"script":"/* isDisplayed */return (function(){return (fun ... ement-6066-11e4-a52e-4f735466cecf":"e99cb088-1c5a-4d51-9928-f5d740fc8386","ELEMENT":"e99cb088-1c5a-4d51-9928-f5d740fc8386"}]}
1747666283278	Marionette	DEBUG	1 -> [0,36,"WebDriver:ExecuteScript",{"args":[{"ELEMENT":"e99cb088-1c5a-4d51-9928-f5d740fc8386","element-6066-11e4-a52e-4f735466cecf":"e99cb088-1c5a-4d51-9928-f5d740fc8386"}],"script":"/* isDisplayed */return (function(){return (function(){var g=this||self;\nfunction aa(a){var b=typeof a;if(\"object\"==b)if(a){i ... efined'?window.navigator:null,document:typeof window!='undefined'?window.document:null}, arguments);}).apply(null, arguments)"}]
1747666283320	Marionette	DEBUG	1 <- [1,36,null,{"value":true}]
1747666283322	webdriver::server	DEBUG	<- 200 OK {"value":true}
1747666283833	webdriver::server	DEBUG	-> POST /session/b8345f36-204e-40bb-823e-8ccb61f677a8/elements {"using":"css selector","value":"#userLogin"}
1747666283837	Marionette	DEBUG	1 -> [0,37,"WebDriver:FindElements",{"using":"css selector","value":"#userLogin"}]
1747666283843	Marionette	DEBUG	1 <- [1,37,null,[{"element-6066-11e4-a52e-4f735466cecf":"e99cb088-1c5a-4d51-9928-f5d740fc8386"}]]
1747666283849	webdriver::server	DEBUG	<- 200 OK {"value":[{"element-6066-11e4-a52e-4f735466cecf":"e99cb088-1c5a-4d51-9928-f5d740fc8386"}]}
1747666283864	webdriver::server	DEBUG	-> POST /session/b8345f36-204e-40bb-823e-8ccb61f677a8/execute/sync {"script":"/* isDisplayed */return (function(){return (fun ... ement-6066-11e4-a52e-4f735466cecf":"e99cb088-1c5a-4d51-9928-f5d740fc8386","ELEMENT":"e99cb088-1c5a-4d51-9928-f5d740fc8386"}]}
1747666283871	Marionette	DEBUG	1 -> [0,38,"WebDriver:ExecuteScript",{"args":[{"ELEMENT":"e99cb088-1c5a-4d51-9928-f5d740fc8386","element-6066-11e4-a52e-4f735466cecf":"e99cb088-1c5a-4d51-9928-f5d740fc8386"}],"script":"/* isDisplayed */return (function(){return (function(){var g=this||self;\nfunction aa(a){var b=typeof a;if(\"object\"==b)if(a){i ... efined'?window.navigator:null,document:typeof window!='undefined'?window.document:null}, arguments);}).apply(null, arguments)"}]
1747666283894	Marionette	DEBUG	1 <- [1,38,null,{"value":true}]
1747666283896	webdriver::server	DEBUG	<- 200 OK {"value":true}
1747666284413	webdriver::server	DEBUG	-> POST /session/b8345f36-204e-40bb-823e-8ccb61f677a8/elements {"using":"css selector","value":"#userLogin"}
1747666284436	Marionette	DEBUG	1 -> [0,39,"WebDriver:FindElements",{"using":"css selector","value":"#userLogin"}]
1747666284445	Marionette	DEBUG	1 <- [1,39,null,[{"element-6066-11e4-a52e-4f735466cecf":"e99cb088-1c5a-4d51-9928-f5d740fc8386"}]]
1747666284447	webdriver::server	DEBUG	<- 200 OK {"value":[{"element-6066-11e4-a52e-4f735466cecf":"e99cb088-1c5a-4d51-9928-f5d740fc8386"}]}
1747666284465	webdriver::server	DEBUG	-> POST /session/b8345f36-204e-40bb-823e-8ccb61f677a8/execute/sync {"script":"/* isDisplayed */return (function(){return (fun ... ement-6066-11e4-a52e-4f735466cecf":"e99cb088-1c5a-4d51-9928-f5d740fc8386","ELEMENT":"e99cb088-1c5a-4d51-9928-f5d740fc8386"}]}
1747666284469	Marionette	DEBUG	1 -> [0,40,"WebDriver:ExecuteScript",{"args":[{"ELEMENT":"e99cb088-1c5a-4d51-9928-f5d740fc8386","element-6066-11e4-a52e-4f735466cecf":"e99cb088-1c5a-4d51-9928-f5d740fc8386"}],"script":"/* isDisplayed */return (function(){return (function(){var g=this||self;\nfunction aa(a){var b=typeof a;if(\"object\"==b)if(a){i ... efined'?window.navigator:null,document:typeof window!='undefined'?window.document:null}, arguments);}).apply(null, arguments)"}]
1747666284495	Marionette	DEBUG	1 <- [1,40,null,{"value":true}]
1747666284498	webdriver::server	DEBUG	<- 200 OK {"value":true}
1747666285012	webdriver::server	DEBUG	-> POST /session/b8345f36-204e-40bb-823e-8ccb61f677a8/elements {"using":"css selector","value":"#userLogin"}
1747666285018	Marionette	DEBUG	1 -> [0,41,"WebDriver:FindElements",{"using":"css selector","value":"#userLogin"}]
1747666285027	Marionette	DEBUG	1 <- [1,41,null,[{"element-6066-11e4-a52e-4f735466cecf":"e99cb088-1c5a-4d51-9928-f5d740fc8386"}]]
1747666285029	webdriver::server	DEBUG	<- 200 OK {"value":[{"element-6066-11e4-a52e-4f735466cecf":"e99cb088-1c5a-4d51-9928-f5d740fc8386"}]}
1747666285044	webdriver::server	DEBUG	-> POST /session/b8345f36-204e-40bb-823e-8ccb61f677a8/execute/sync {"script":"/* isDisplayed */return (function(){return (fun ... ement-6066-11e4-a52e-4f735466cecf":"e99cb088-1c5a-4d51-9928-f5d740fc8386","ELEMENT":"e99cb088-1c5a-4d51-9928-f5d740fc8386"}]}
1747666285056	Marionette	DEBUG	1 -> [0,42,"WebDriver:ExecuteScript",{"args":[{"ELEMENT":"e99cb088-1c5a-4d51-9928-f5d740fc8386","element-6066-11e4-a52e-4f735466cecf":"e99cb088-1c5a-4d51-9928-f5d740fc8386"}],"script":"/* isDisplayed */return (function(){return (function(){var g=this||self;\nfunction aa(a){var b=typeof a;if(\"object\"==b)if(a){i ... efined'?window.navigator:null,document:typeof window!='undefined'?window.document:null}, arguments);}).apply(null, arguments)"}]
1747666285083	Marionette	DEBUG	1 <- [1,42,null,{"value":true}]
1747666285085	webdriver::server	DEBUG	<- 200 OK {"value":true}
1747666285274	webdriver::server	DEBUG	-> DELETE /session/b8345f36-204e-40bb-823e-8ccb61f677a8 
1747666285281	Marionette	DEBUG	1 -> [0,43,"Marionette:Quit",{"flags":["eForceQuit"]}]
1747666285285	Marionette	INFO	Stopped listening on port 51776
1747666285316	Marionette	TRACE	[10] MarionetteCommands actor destroyed for window id 10737418241
1747666288393	Marionette	TRACE	Received observer notification quit-application
1747666288401	Marionette	TRACE	Received observer notification quit-application
1747666288402	RemoteAgent	DEBUG	Resetting recommended pref apz.content_response_timeout
1747666288403	RemoteAgent	DEBUG	Resetting recommended pref browser.contentblocking.introCount
1747666288404	RemoteAgent	DEBUG	Resetting recommended pref browser.download.panel.shown
1747666288405	RemoteAgent	DEBUG	Resetting recommended pref browser.http.blank_page_with_error_response.enabled
1747666288406	RemoteAgent	DEBUG	Resetting recommended pref browser.newtabpage.activity-stream.discoverystream.region-weather-config
1747666288406	RemoteAgent	DEBUG	Resetting recommended pref browser.newtabpage.activity-stream.newtabWallpapers.enabled
1747666288407	RemoteAgent	DEBUG	Resetting recommended pref browser.newtabpage.activity-stream.newtabWallpapers.v2.enabled
1747666288408	RemoteAgent	DEBUG	Resetting recommended pref browser.newtabpage.activity-stream.showSponsoredTopSites
1747666288408	RemoteAgent	DEBUG	Resetting recommended pref browser.newtabpage.enabled
1747666288412	RemoteAgent	DEBUG	Resetting recommended pref browser.pagethumbnails.capturing_disabled
1747666288414	RemoteAgent	DEBUG	Resetting recommended pref browser.region.network.url
1747666288415	RemoteAgent	DEBUG	Resetting recommended pref browser.safebrowsing.blockedURIs.enabled
1747666288433	RemoteAgent	DEBUG	Resetting recommended pref browser.safebrowsing.downloads.enabled
1747666288446	RemoteAgent	DEBUG	Resetting recommended pref browser.safebrowsing.malware.enabled
1747666288459	RemoteAgent	DEBUG	Resetting recommended pref browser.safebrowsing.phishing.enabled
1747666288471	RemoteAgent	DEBUG	Resetting recommended pref browser.search.update
1747666288472	RemoteAgent	DEBUG	Resetting recommended pref browser.startup.couldRestoreSession.count
1747666288473	RemoteAgent	DEBUG	Resetting recommended pref browser.tabs.remote.unloadDelayMs
1747666288474	RemoteAgent	DEBUG	Resetting recommended pref browser.tabs.unloadOnLowMemory
1747666288474	RemoteAgent	DEBUG	Resetting recommended pref browser.tabs.warnOnClose
1747666288474	RemoteAgent	DEBUG	Resetting recommended pref browser.tabs.warnOnCloseOtherTabs
1747666288475	RemoteAgent	DEBUG	Resetting recommended pref browser.tabs.warnOnOpen
1747666288475	RemoteAgent	DEBUG	Resetting recommended pref browser.toolbars.bookmarks.visibility
1747666288476	RemoteAgent	DEBUG	Resetting recommended pref browser.topsites.contile.enabled
1747666288477	RemoteAgent	DEBUG	Resetting recommended pref browser.usedOnWindows10.introURL
1747666288477	RemoteAgent	DEBUG	Resetting recommended pref browser.urlbar.merino.endpointURL
1747666288487	RemoteAgent	DEBUG	Resetting recommended pref browser.urlbar.suggest.searches
1747666288491	RemoteAgent	DEBUG	Resetting recommended pref datareporting.policy.dataSubmissionPolicyAccepted
1747666288492	RemoteAgent	DEBUG	Resetting recommended pref dom.disable_open_during_load
1747666288493	RemoteAgent	DEBUG	Resetting recommended pref dom.file.createInChild
1747666288494	RemoteAgent	DEBUG	Resetting recommended pref dom.input_events.security.minNumTicks
1747666288495	RemoteAgent	DEBUG	Resetting recommended pref dom.input_events.security.minTimeElapsedInMS
1747666288497	RemoteAgent	DEBUG	Resetting recommended pref dom.max_chrome_script_run_time
1747666288497	RemoteAgent	DEBUG	Resetting recommended pref dom.max_script_run_time
1747666288500	RemoteAgent	DEBUG	Resetting recommended pref dom.navigation.navigationRateLimit.count
1747666288501	RemoteAgent	DEBUG	Resetting recommended pref dom.push.connection.enabled
1747666288502	RemoteAgent	DEBUG	Resetting recommended pref dom.screenorientation.allow-lock
1747666288502	RemoteAgent	DEBUG	Resetting recommended pref dom.successive_dialog_time_limit
1747666288503	RemoteAgent	DEBUG	Resetting recommended pref extensions.getAddons.cache.enabled
1747666288504	RemoteAgent	DEBUG	Resetting recommended pref extensions.getAddons.discovery.api_url
1747666288505	RemoteAgent	DEBUG	Resetting recommended pref extensions.blocklist.detailsURL
1747666288505	RemoteAgent	DEBUG	Resetting recommended pref extensions.blocklist.itemURL
1747666288506	RemoteAgent	DEBUG	Resetting recommended pref extensions.hotfix.url
1747666288507	RemoteAgent	DEBUG	Resetting recommended pref extensions.systemAddon.update.enabled
1747666288507	RemoteAgent	DEBUG	Resetting recommended pref extensions.update.background.url
1747666288510	RemoteAgent	DEBUG	Resetting recommended pref extensions.update.url
1747666288514	RemoteAgent	DEBUG	Resetting recommended pref extensions.getAddons.get.url
1747666288515	RemoteAgent	DEBUG	Resetting recommended pref extensions.getAddons.search.browseURL
1747666288516	RemoteAgent	DEBUG	Resetting recommended pref geo.provider.network.url
1747666288516	RemoteAgent	DEBUG	Resetting recommended pref identity.fxaccounts.auth.uri
1747666288517	RemoteAgent	DEBUG	Resetting recommended pref network.connectivity-service.enabled
1747666288518	RemoteAgent	DEBUG	Resetting recommended pref network.http.phishy-userpass-length
1747666288519	RemoteAgent	DEBUG	Resetting recommended pref network.http.prompt-temp-redirect
1747666288519	RemoteAgent	DEBUG	Resetting recommended pref privacy.trackingprotection.enabled
1747666288519	RemoteAgent	DEBUG	Resetting recommended pref remote.prefs.recommended.applied
1747666288519	RemoteAgent	DEBUG	Resetting recommended pref security.fileuri.strict_origin_policy
1747666288520	RemoteAgent	DEBUG	Resetting recommended pref security.notification_enable_delay
1747666288521	RemoteAgent	DEBUG	Resetting recommended pref security.remote_settings.intermediates.enabled
1747666288522	RemoteAgent	DEBUG	Resetting recommended pref services.settings.loglevel
1747666288524	RemoteAgent	DEBUG	Resetting recommended pref signon.autofillForms
1747666288528	RemoteAgent	DEBUG	Resetting recommended pref signon.rememberSignons
1747666288532	RemoteAgent	DEBUG	Resetting recommended pref toolkit.telemetry.server
1747666288533	RemoteAgent	DEBUG	Resetting recommended pref widget.windows.window_occlusion_tracking.enabled
1747666288540	Marionette	DEBUG	Marionette stopped listening
1747666288550	Marionette	DEBUG	1 <- [1,43,null,{"cause":"shutdown","forced":false,"in_app":true}]
1747666288645	RemoteAgent	TRACE	Received DOM event pagehide for [object HTMLDocument]
1747666288722	webdriver::server	DEBUG	Teardown session
1747666288722	geckodriver::marionette	DEBUG	To store minidump files of Firefox crashes the MINIDUMP_SAVE_PATH environment variable needs to be set.
1747666288790	Marionette	DEBUG	Closed connection 1
console.error: "Could not download new icon" [Exception... "<no message>"  nsresult: "0x8046001e (<unknown>)"  location: "JS frame :: resource://gre/modules/ServiceRequest.sys.mjs :: open :: line 126"  data: no]
console.log: "RemoteSettingsWorker error: AbortError: IndexedDB:  execute() A request was aborted, for example through a call to IDBTransaction.abort."
console.error: (new RemoteSettingsWorkerError("AbortError: IndexedDB:  execute() A request was aborted, for example through a call to IDBTransaction.abort.", "resource://services-settings/RemoteSettingsWorker.sys.mjs", 34))
console.error: services.settings: 
Object
  - prototype Object
    - columnNumber = 0
    - data = null
    - filename = resource://gre/modules/ServiceRequest.sys.mjs
    - lineNumber = 126
    - location = {"name":"open","filename":"resource://gre/modules/ServiceRequest.sys.mjs","sourceId":24,"lineNumber":126,"columnNumber":11,"asyncCause":null,"asyncCaller":null,"caller":{"filename":"resource://services-settings/Utils.sys.mjs","name":"fetch/<","sourceId":23,"lineNumber":268,"columnNumber":15,"asyncCause":null,"asyncCaller":null,"caller":{"filename":"resource://services-settings/Utils.sys.mjs","name":"fetch","sourceId":23,"lineNumber":219,"columnNumber":12,"asyncCause":null,"asyncCaller":null,"caller":{"filename":"resource://services-common/kinto-http-client.sys.mjs","name":"timedFetch/<","sourceId":617,"lineNumber":569,"columnNumber":12,"asyncCause":null,"asyncCaller":null,"caller":{"filename":"resource://services-common/kinto-http-client.sys.mjs","name":"timedFetch","sourceId":617,"lineNumber":544,"columnNumber":12,"asyncCause":null,"asyncCaller":null,"caller":{"filename":"resource://services-common/kinto-http-client.sys.mjs","name":"request","sourceId":617,"lineNumber":634,"columnNumber":33,"asyncCause":null,"asyncCaller":null,"caller":{"filename":"resource://services-common/kinto-http-client.sys.mjs","name":"execute","sourceId":617,"lineNumber":2643,"columnNumber":36,"asyncCause":null,"asyncCaller":null,"caller":{"filename":"resource://services-settings/RemoteSettingsClient.sys.mjs","name":"_fetchChangeset","sourceId":21,"lineNumber":1212,"columnNumber":22,"asyncCause":null,"asyncCaller":null,"caller":{"filename":"resource://services-settings/RemoteSettingsClient.sys.mjs","name":"_importChanges","sourceId":21,"lineNumber":1074,"columnNumber":18,"asyncCause":null,"asyncCaller":null,"caller":{"filename":"resource://services-settings/RemoteSettingsClient.sys.mjs","name":"maybeSync","sourceId":21,"lineNumber":763,"columnNumber":35,"asyncCause":null,"asyncCaller":null,"caller":{"filename":"resource://gre/modules/AsyncShutdown.sys.mjs","name":"observe","sourceId":14,"lineNumber":569,"columnNumber":17,"asyncCause":null,"asyncCaller":null,"caller":null,"formattedStack":"observe@resource://gre/modules/AsyncShutdown.sys.mjs:569:17\n","nativeSavedFrame":{}},"formattedStack":"maybeSync@resource://services-settings/RemoteSettingsClient.sys.mjs:763:35\nobserve@resource://gre/modules/AsyncShutdown.sys.mjs:569:17\n","nativeSavedFrame":{}},"formattedStack":"_importChanges@resource://services-settings/RemoteSettingsClient.sys.mjs:1074:18\nmaybeSync@resource://services-settings/RemoteSettingsClient.sys.mjs:763:35\nobserve@resource://gre/modules/AsyncShutdown.sys.mjs:569:17\n","nativeSavedFrame":{}},"formattedStack":"_fetchChangeset@resource://services-settings/RemoteSettingsClient.sys.mjs:1212:22\n_importChanges@resource://services-settings/RemoteSettingsClient.sys.mjs:1074:18\nmaybeSync@resource://services-settings/RemoteSettingsClient.sys.mjs:763:35\nobserve@resource://gre/modules/AsyncShutdown.sys.mjs:569:17\n","nativeSavedFrame":{}},"formattedStack":"execute@resource://services-common/kinto-http-client.sys.mjs:2643:36\n_fetchChangeset@resource://services-settings/RemoteSettingsClient.sys.mjs:1212:22\n_importChanges@resource://services-settings/RemoteSettingsClient.sys.mjs:1074:18\nmaybeSync@resource://services-settings/RemoteSettingsClient.sys.mjs:763:35\nobserve@resource://gre/modules/AsyncShutdown.sys.mjs:569:17\n","nativeSavedFrame":{}},"formattedStack":"request@resource://services-common/kinto-http-client.sys.mjs:634:33\nexecute@resource://services-common/kinto-http-client.sys.mjs:2643:36\n_fetchChangeset@resource://services-settings/RemoteSettingsClient.sys.mjs:1212:22\n_importChanges@resource://services-settings/RemoteSettingsClient.sys.mjs:1074:18\nmaybeSync@resource://services-settings/RemoteSettingsClient.sys.mjs:763:35\nobserve@resource://gre/modules/AsyncShutdown.sys.mjs:569:17\n","nativeSavedFrame":{}},"formattedStack":"timedFetch@resource://services-common/kinto-http-client.sys.mjs:544:12\nrequest@resource://services-common/kinto-http-client.sys.mjs:634:33\nexecute@resource://services-common/kinto-http-client.sys.mjs:2643:36\n_fetchChangeset@resource://services-settings/RemoteSettingsClient.sys.mjs:1212:22\n_importChanges@resource://services-settings/RemoteSettingsClient.sys.mjs:1074:18\nmaybeSync@resource://services-settings/RemoteSettingsClient.sys.mjs:763:35\nobserve@resource://gre/modules/AsyncShutdown.sys.mjs:569:17\n","nativeSavedFrame":{}},"formattedStack":"timedFetch/<@resource://services-common/kinto-http-client.sys.mjs:569:12\ntimedFetch@resource://services-common/kinto-http-client.sys.mjs:544:12\nrequest@resource://services-common/kinto-http-client.sys.mjs:634:33\nexecute@resource://services-common/kinto-http-client.sys.mjs:2643:36\n_fetchChangeset@resource://services-settings/RemoteSettingsClient.sys.mjs:1212:22\n_importChanges@resource://services-settings/RemoteSettingsClient.sys.mjs:1074:18\nmaybeSync@resource://services-settings/RemoteSettingsClient.sys.mjs:763:35\nobserve@resource://gre/modules/AsyncShutdown.sys.mjs:569:17\n","nativeSavedFrame":{}},"formattedStack":"fetch@resource://services-settings/Utils.sys.mjs:219:12\ntimedFetch/<@resource://services-common/kinto-http-client.sys.mjs:569:12\ntimedFetch@resource://services-common/kinto-http-client.sys.mjs:544:12\nrequest@resource://services-common/kinto-http-client.sys.mjs:634:33\nexecute@resource://services-common/kinto-http-client.sys.mjs:2643:36\n_fetchChangeset@resource://services-settings/RemoteSettingsClient.sys.mjs:1212:22\n_importChanges@resource://services-settings/RemoteSettingsClient.sys.mjs:1074:18\nmaybeSync@resource://services-settings/RemoteSettingsClient.sys.mjs:763:35\nobserve@resource://gre/modules/AsyncShutdown.sys.mjs:569:17\n","nativeSavedFrame":{}},"formattedStack":"fetch/<@resource://services-settings/Utils.sys.mjs:268:15\nfetch@resource://services-settings/Utils.sys.mjs:219:12\ntimedFetch/<@resource://services-common/kinto-http-client.sys.mjs:569:12\ntimedFetch@resource://services-common/kinto-http-client.sys.mjs:544:12\nrequest@resource://services-common/kinto-http-client.sys.mjs:634:33\nexecute@resource://services-common/kinto-http-client.sys.mjs:2643:36\n_fetchChangeset@resource://services-settings/RemoteSettingsClient.sys.mjs:1212:22\n_importChanges@resource://services-settings/RemoteSettingsClient.sys.mjs:1074:18\nmaybeSync@resource://services-settings/RemoteSettingsClient.sys.mjs:763:35\nobserve@resource://gre/modules/AsyncShutdown.sys.mjs:569:17\n","nativeSavedFrame":{}},"formattedStack":"open@resource://gre/modules/ServiceRequest.sys.mjs:126:11\nfetch/<@resource://services-settings/Utils.sys.mjs:268:15\nfetch@resource://services-settings/Utils.sys.mjs:219:12\ntimedFetch/<@resource://services-common/kinto-http-client.sys.mjs:569:12\ntimedFetch@resource://services-common/kinto-http-client.sys.mjs:544:12\nrequest@resource://services-common/kinto-http-client.sys.mjs:634:33\nexecute@resource://services-common/kinto-http-client.sys.mjs:2643:36\n_fetchChangeset@resource://services-settings/RemoteSettingsClient.sys.mjs:1212:22\n_importChanges@resource://services-settings/RemoteSettingsClient.sys.mjs:1074:18\nmaybeSync@resource://services-settings/RemoteSettingsClient.sys.mjs:763:35\nobserve@resource://gre/modules/AsyncShutdown.sys.mjs:569:17\n","nativeSavedFrame":{}}
    - message = 
    - name = 
    - result = 2152071198
    - stack = open@resource://gre/modules/ServiceRequest.sys.mjs:126:11|fetch/<@resource://services-settings/Utils.sys.mjs:268:15|fetch@resource://services-settings/Utils.sys.mjs:219:12|timedFetch/<@resource://services-common/kinto-http-client.sys.mjs:569:12|timedFetch@resource://services-common/kinto-http-client.sys.mjs:544:12|request@resource://services-common/kinto-http-client.sys.mjs:634:33|execute@resource://services-common/kinto-http-client.sys.mjs:2643:36|_fetchChangeset@resource://services-settings/RemoteSettingsClient.sys.mjs:1212:22|_importChanges@resource://services-settings/RemoteSettingsClient.sys.mjs:1074:18|maybeSync@resource://services-settings/RemoteSettingsClient.sys.mjs:763:35|observe@resource://gre/modules/AsyncShutdown.sys.mjs:569:17|
  - prototype Object
console.error: (new Error("IndexedDB: main/rally-studies-v2 getLastModified() IndexedDB:  execute() The application is shutting down", "resource://services-settings/IDBHelpers.sys.mjs", 16))
1747666290164	geckodriver::browser	DEBUG	Browser process stopped: exit status: 0
1747666290677	webdriver::server	DEBUG	<- 200 OK {"value":null}
