1747665495470	webdriver::server	TRACE	Build standard route for /status
1747665495470	geckodriver	INFO	Listening on 127.0.0.1:4444
1747665495472	webdriver::server	TRACE	Build standard route for /session
1747665495472	webdriver::server	TRACE	Build standard route for /session/{sessionId}
1747665495472	webdriver::server	TRACE	Build standard route for /session/{sessionId}/url
1747665495472	webdriver::server	TRACE	Build standard route for /session/{sessionId}/url
1747665495472	webdriver::server	TRACE	Build standard route for /session/{sessionId}/back
1747665495472	webdriver::server	TRACE	Build standard route for /session/{sessionId}/forward
1747665495472	webdriver::server	TRACE	Build standard route for /session/{sessionId}/refresh
1747665495473	webdriver::server	TRACE	Build standard route for /session/{sessionId}/title
1747665495473	webdriver::server	TRACE	Build standard route for /session/{sessionId}/source
1747665495473	webdriver::server	TRACE	Build standard route for /session/{sessionId}/window
1747665495473	webdriver::server	TRACE	Build standard route for /session/{sessionId}/window/handles
1747665495473	webdriver::server	TRACE	Build standard route for /session/{sessionId}/window/new
1747665495473	webdriver::server	TRACE	Build standard route for /session/{sessionId}/window
1747665495473	webdriver::server	TRACE	Build standard route for /session/{sessionId}/window/size
1747665495473	webdriver::server	TRACE	Build standard route for /session/{sessionId}/window/size
1747665495473	webdriver::server	TRACE	Build standard route for /session/{sessionId}/window/position
1747665495473	webdriver::server	TRACE	Build standard route for /session/{sessionId}/window/position
1747665495473	webdriver::server	TRACE	Build standard route for /session/{sessionId}/window/rect
1747665495473	webdriver::server	TRACE	Build standard route for /session/{sessionId}/window/rect
1747665495473	webdriver::server	TRACE	Build standard route for /session/{sessionId}/window/minimize
1747665495473	webdriver::server	TRACE	Build standard route for /session/{sessionId}/window/maximize
1747665495473	webdriver::server	TRACE	Build standard route for /session/{sessionId}/window/fullscreen
1747665495473	webdriver::server	TRACE	Build standard route for /session/{sessionId}/window
1747665495473	webdriver::server	TRACE	Build standard route for /session/{sessionId}/frame
1747665495473	webdriver::server	TRACE	Build standard route for /session/{sessionId}/frame/parent
1747665495473	webdriver::server	TRACE	Build standard route for /session/{sessionId}/element
1747665495473	webdriver::server	TRACE	Build standard route for /session/{sessionId}/element/{elementId}/element
1747665495473	webdriver::server	TRACE	Build standard route for /session/{sessionId}/elements
1747665495473	webdriver::server	TRACE	Build standard route for /session/{sessionId}/element/{elementId}/elements
1747665495473	webdriver::server	TRACE	Build standard route for /session/{sessionId}/shadow/{shadowId}/element
1747665495474	webdriver::server	TRACE	Build standard route for /session/{sessionId}/shadow/{shadowId}/elements
1747665495474	webdriver::server	TRACE	Build standard route for /session/{sessionId}/element/active
1747665495474	webdriver::server	TRACE	Build standard route for /session/{sessionId}/element/{elementId}/shadow
1747665495474	webdriver::server	TRACE	Build standard route for /session/{sessionId}/element/{elementId}/displayed
1747665495474	webdriver::server	TRACE	Build standard route for /session/{sessionId}/element/{elementId}/selected
1747665495474	webdriver::server	TRACE	Build standard route for /session/{sessionId}/element/{elementId}/attribute/{name}
1747665495474	webdriver::server	TRACE	Build standard route for /session/{sessionId}/element/{elementId}/property/{name}
1747665495474	webdriver::server	TRACE	Build standard route for /session/{sessionId}/element/{elementId}/css/{propertyName}
1747665495474	webdriver::server	TRACE	Build standard route for /session/{sessionId}/element/{elementId}/text
1747665495474	webdriver::server	TRACE	Build standard route for /session/{sessionId}/element/{elementId}/computedlabel
1747665495474	webdriver::server	TRACE	Build standard route for /session/{sessionId}/element/{elementId}/computedrole
1747665495474	webdriver::server	TRACE	Build standard route for /session/{sessionId}/element/{elementId}/name
1747665495474	webdriver::server	TRACE	Build standard route for /session/{sessionId}/element/{elementId}/rect
1747665495474	webdriver::server	TRACE	Build standard route for /session/{sessionId}/element/{elementId}/enabled
1747665495474	webdriver::server	TRACE	Build standard route for /session/{sessionId}/execute/sync
1747665495474	webdriver::server	TRACE	Build standard route for /session/{sessionId}/execute/async
1747665495474	webdriver::server	TRACE	Build standard route for /session/{sessionId}/cookie
1747665495474	webdriver::server	TRACE	Build standard route for /session/{sessionId}/cookie/{name}
1747665495474	webdriver::server	TRACE	Build standard route for /session/{sessionId}/cookie
1747665495474	webdriver::server	TRACE	Build standard route for /session/{sessionId}/cookie
1747665495474	webdriver::server	TRACE	Build standard route for /session/{sessionId}/cookie/{name}
1747665495474	webdriver::server	TRACE	Build standard route for /session/{sessionId}/timeouts
1747665495474	webdriver::server	TRACE	Build standard route for /session/{sessionId}/timeouts
1747665495475	webdriver::server	TRACE	Build standard route for /session/{sessionId}/element/{elementId}/click
1747665495475	webdriver::server	TRACE	Build standard route for /session/{sessionId}/element/{elementId}/clear
1747665495475	webdriver::server	TRACE	Build standard route for /session/{sessionId}/element/{elementId}/value
1747665495475	webdriver::server	TRACE	Build standard route for /session/{sessionId}/alert/dismiss
1747665495475	webdriver::server	TRACE	Build standard route for /session/{sessionId}/alert/accept
1747665495475	webdriver::server	TRACE	Build standard route for /session/{sessionId}/alert/text
1747665495475	webdriver::server	TRACE	Build standard route for /session/{sessionId}/alert/text
1747665495475	webdriver::server	TRACE	Build standard route for /session/{sessionId}/screenshot
1747665495475	webdriver::server	TRACE	Build standard route for /session/{sessionId}/element/{elementId}/screenshot
1747665495475	webdriver::server	TRACE	Build standard route for /session/{sessionId}/actions
1747665495475	webdriver::server	TRACE	Build standard route for /session/{sessionId}/actions
1747665495475	webdriver::server	TRACE	Build standard route for /session/{sessionId}/permissions
1747665495475	webdriver::server	TRACE	Build standard route for /session/{sessionId}/print
1747665495475	webdriver::server	TRACE	Build standard route for /session/{sessionId}/webauthn/authenticator
1747665495475	webdriver::server	TRACE	Build standard route for /session/{sessionId}/webauthn/authenticator/{authenticatorId}
1747665495475	webdriver::server	TRACE	Build standard route for /session/{sessionId}/webauthn/authenticator/{authenticatorId}/credential
1747665495475	webdriver::server	TRACE	Build standard route for /session/{sessionId}/webauthn/authenticator/{authenticatorId}/credentials
1747665495475	webdriver::server	TRACE	Build standard route for /session/{sessionId}/webauthn/authenticator/{authenticatorId}/credentials/{credentialId}
1747665495475	webdriver::server	TRACE	Build standard route for /session/{sessionId}/webauthn/authenticator/{authenticatorId}/credentials
1747665495475	webdriver::server	TRACE	Build standard route for /session/{sessionId}/webauthn/authenticator/{authenticatorId}/uv
1747665495475	webdriver::server	TRACE	Build vendor route for /session/{sessionId}/moz/context
1747665495475	webdriver::server	TRACE	Build vendor route for /session/{sessionId}/moz/context
1747665495475	webdriver::server	TRACE	Build vendor route for /session/{sessionId}/moz/addon/install
1747665495476	webdriver::server	TRACE	Build vendor route for /session/{sessionId}/moz/addon/uninstall
1747665495476	webdriver::server	TRACE	Build vendor route for /session/{sessionId}/moz/screenshot/full
1747665495512	webdriver::server	DEBUG	-> GET /status 
1747665495513	webdriver::server	DEBUG	<- 200 OK {"value":{"message":"","ready":true}}
1747665495631	webdriver::server	DEBUG	-> POST /session {"capabilities":{"firstMatch":[{}],"alwaysMatch":{"browserName":"firefox","moz:firefoxOptions":{"prefs":{"re ... ive-protocols":3},"binary":"/Users/strangebrick/.cache/selenium/firefox/mac64/138.0.4/Firefox.app/Contents/MacOS/firefox"}}}}
1747665495634	geckodriver::capabilities	DEBUG	Trying to read firefox version from ini files
1747665495668	geckodriver::capabilities	DEBUG	Found version 138.0.4
1747665495702	mozrunner::runner	INFO	Running command: MOZ_CRASHREPORTER="1" MOZ_CRASHREPORTER_NO_REPORT="1" MOZ_CRASHREPORTER_SHUTDOWN="1" "/Users/strangebrick/.c ... "--marionette" "-foreground" "-no-remote" "-profile" "/var/folders/m0/2grp25fj0sxf1t4lx5c2n1rc0000gn/T/rust_mozprofileRf33to"
1747665495710	geckodriver::marionette	DEBUG	Waiting 60s to connect to browser on 127.0.0.1
1747665495711	geckodriver::browser	TRACE	Failed to open /var/folders/m0/2grp25fj0sxf1t4lx5c2n1rc0000gn/T/rust_mozprofileRf33to/MarionetteActivePort
1747665495711	geckodriver::marionette	TRACE	Retrying in 100ms
1747665495817	geckodriver::browser	TRACE	Failed to open /var/folders/m0/2grp25fj0sxf1t4lx5c2n1rc0000gn/T/rust_mozprofileRf33to/MarionetteActivePort
1747665495818	geckodriver::marionette	TRACE	Retrying in 100ms
1747665495970	geckodriver::browser	TRACE	Failed to open /var/folders/m0/2grp25fj0sxf1t4lx5c2n1rc0000gn/T/rust_mozprofileRf33to/MarionetteActivePort
1747665495971	geckodriver::marionette	TRACE	Retrying in 100ms
1747665496081	geckodriver::browser	TRACE	Failed to open /var/folders/m0/2grp25fj0sxf1t4lx5c2n1rc0000gn/T/rust_mozprofileRf33to/MarionetteActivePort
1747665496081	geckodriver::marionette	TRACE	Retrying in 100ms
1747665496183	geckodriver::browser	TRACE	Failed to open /var/folders/m0/2grp25fj0sxf1t4lx5c2n1rc0000gn/T/rust_mozprofileRf33to/MarionetteActivePort
1747665496183	geckodriver::marionette	TRACE	Retrying in 100ms
1747665496293	geckodriver::browser	TRACE	Failed to open /var/folders/m0/2grp25fj0sxf1t4lx5c2n1rc0000gn/T/rust_mozprofileRf33to/MarionetteActivePort
1747665496294	geckodriver::marionette	TRACE	Retrying in 100ms
1747665496397	geckodriver::browser	TRACE	Failed to open /var/folders/m0/2grp25fj0sxf1t4lx5c2n1rc0000gn/T/rust_mozprofileRf33to/MarionetteActivePort
1747665496398	geckodriver::marionette	TRACE	Retrying in 100ms
1747665496500	geckodriver::browser	TRACE	Failed to open /var/folders/m0/2grp25fj0sxf1t4lx5c2n1rc0000gn/T/rust_mozprofileRf33to/MarionetteActivePort
1747665496501	geckodriver::marionette	TRACE	Retrying in 100ms
1747665496606	geckodriver::browser	TRACE	Failed to open /var/folders/m0/2grp25fj0sxf1t4lx5c2n1rc0000gn/T/rust_mozprofileRf33to/MarionetteActivePort
1747665496606	geckodriver::marionette	TRACE	Retrying in 100ms
1747665496712	geckodriver::browser	TRACE	Failed to open /var/folders/m0/2grp25fj0sxf1t4lx5c2n1rc0000gn/T/rust_mozprofileRf33to/MarionetteActivePort
1747665496712	geckodriver::marionette	TRACE	Retrying in 100ms
1747665496814	geckodriver::browser	TRACE	Failed to open /var/folders/m0/2grp25fj0sxf1t4lx5c2n1rc0000gn/T/rust_mozprofileRf33to/MarionetteActivePort
1747665496832	geckodriver::marionette	TRACE	Retrying in 100ms
1747665496936	geckodriver::browser	TRACE	Failed to open /var/folders/m0/2grp25fj0sxf1t4lx5c2n1rc0000gn/T/rust_mozprofileRf33to/MarionetteActivePort
1747665496936	geckodriver::marionette	TRACE	Retrying in 100ms
1747665497037	geckodriver::browser	TRACE	Failed to open /var/folders/m0/2grp25fj0sxf1t4lx5c2n1rc0000gn/T/rust_mozprofileRf33to/MarionetteActivePort
1747665497037	geckodriver::marionette	TRACE	Retrying in 100ms
1747665497139	geckodriver::browser	TRACE	Failed to open /var/folders/m0/2grp25fj0sxf1t4lx5c2n1rc0000gn/T/rust_mozprofileRf33to/MarionetteActivePort
1747665497140	geckodriver::marionette	TRACE	Retrying in 100ms
1747665497258	geckodriver::browser	TRACE	Failed to open /var/folders/m0/2grp25fj0sxf1t4lx5c2n1rc0000gn/T/rust_mozprofileRf33to/MarionetteActivePort
1747665497258	geckodriver::marionette	TRACE	Retrying in 100ms
1747665497358	geckodriver::browser	TRACE	Failed to open /var/folders/m0/2grp25fj0sxf1t4lx5c2n1rc0000gn/T/rust_mozprofileRf33to/MarionetteActivePort
1747665497359	geckodriver::marionette	TRACE	Retrying in 100ms
1747665497461	geckodriver::browser	TRACE	Failed to open /var/folders/m0/2grp25fj0sxf1t4lx5c2n1rc0000gn/T/rust_mozprofileRf33to/MarionetteActivePort
1747665497461	geckodriver::marionette	TRACE	Retrying in 100ms
1747665497563	geckodriver::browser	TRACE	Failed to open /var/folders/m0/2grp25fj0sxf1t4lx5c2n1rc0000gn/T/rust_mozprofileRf33to/MarionetteActivePort
1747665497570	geckodriver::marionette	TRACE	Retrying in 100ms
1747665497718	geckodriver::browser	TRACE	Failed to open /var/folders/m0/2grp25fj0sxf1t4lx5c2n1rc0000gn/T/rust_mozprofileRf33to/MarionetteActivePort
1747665497719	geckodriver::marionette	TRACE	Retrying in 100ms
1747665497825	geckodriver::browser	TRACE	Failed to open /var/folders/m0/2grp25fj0sxf1t4lx5c2n1rc0000gn/T/rust_mozprofileRf33to/MarionetteActivePort
1747665497827	geckodriver::marionette	TRACE	Retrying in 100ms
1747665497942	geckodriver::browser	TRACE	Failed to open /var/folders/m0/2grp25fj0sxf1t4lx5c2n1rc0000gn/T/rust_mozprofileRf33to/MarionetteActivePort
1747665497943	geckodriver::marionette	TRACE	Retrying in 100ms
1747665498050	geckodriver::browser	TRACE	Failed to open /var/folders/m0/2grp25fj0sxf1t4lx5c2n1rc0000gn/T/rust_mozprofileRf33to/MarionetteActivePort
1747665498050	geckodriver::marionette	TRACE	Retrying in 100ms
1747665498152	geckodriver::browser	TRACE	Failed to open /var/folders/m0/2grp25fj0sxf1t4lx5c2n1rc0000gn/T/rust_mozprofileRf33to/MarionetteActivePort
1747665498153	geckodriver::marionette	TRACE	Retrying in 100ms
1747665498255	geckodriver::browser	TRACE	Failed to open /var/folders/m0/2grp25fj0sxf1t4lx5c2n1rc0000gn/T/rust_mozprofileRf33to/MarionetteActivePort
1747665498255	geckodriver::marionette	TRACE	Retrying in 100ms
1747665498356	geckodriver::browser	TRACE	Failed to open /var/folders/m0/2grp25fj0sxf1t4lx5c2n1rc0000gn/T/rust_mozprofileRf33to/MarionetteActivePort
1747665498356	geckodriver::marionette	TRACE	Retrying in 100ms
1747665498457	geckodriver::browser	TRACE	Failed to open /var/folders/m0/2grp25fj0sxf1t4lx5c2n1rc0000gn/T/rust_mozprofileRf33to/MarionetteActivePort
1747665498457	geckodriver::marionette	TRACE	Retrying in 100ms
1747665498562	geckodriver::browser	TRACE	Failed to open /var/folders/m0/2grp25fj0sxf1t4lx5c2n1rc0000gn/T/rust_mozprofileRf33to/MarionetteActivePort
1747665498562	geckodriver::marionette	TRACE	Retrying in 100ms
1747665498664	geckodriver::browser	TRACE	Failed to open /var/folders/m0/2grp25fj0sxf1t4lx5c2n1rc0000gn/T/rust_mozprofileRf33to/MarionetteActivePort
1747665498664	geckodriver::marionette	TRACE	Retrying in 100ms
1747665498769	geckodriver::browser	TRACE	Failed to open /var/folders/m0/2grp25fj0sxf1t4lx5c2n1rc0000gn/T/rust_mozprofileRf33to/MarionetteActivePort
1747665498770	geckodriver::marionette	TRACE	Retrying in 100ms
1747665498875	geckodriver::browser	TRACE	Failed to open /var/folders/m0/2grp25fj0sxf1t4lx5c2n1rc0000gn/T/rust_mozprofileRf33to/MarionetteActivePort
1747665498875	geckodriver::marionette	TRACE	Retrying in 100ms
1747665498980	geckodriver::browser	TRACE	Failed to open /var/folders/m0/2grp25fj0sxf1t4lx5c2n1rc0000gn/T/rust_mozprofileRf33to/MarionetteActivePort
1747665498982	geckodriver::marionette	TRACE	Retrying in 100ms
1747665499083	geckodriver::browser	TRACE	Failed to open /var/folders/m0/2grp25fj0sxf1t4lx5c2n1rc0000gn/T/rust_mozprofileRf33to/MarionetteActivePort
1747665499083	geckodriver::marionette	TRACE	Retrying in 100ms
1747665499207	geckodriver::browser	TRACE	Failed to open /var/folders/m0/2grp25fj0sxf1t4lx5c2n1rc0000gn/T/rust_mozprofileRf33to/MarionetteActivePort
1747665499208	geckodriver::marionette	TRACE	Retrying in 100ms
1747665499310	geckodriver::browser	TRACE	Failed to open /var/folders/m0/2grp25fj0sxf1t4lx5c2n1rc0000gn/T/rust_mozprofileRf33to/MarionetteActivePort
1747665499310	geckodriver::marionette	TRACE	Retrying in 100ms
1747665499411	geckodriver::browser	TRACE	Failed to open /var/folders/m0/2grp25fj0sxf1t4lx5c2n1rc0000gn/T/rust_mozprofileRf33to/MarionetteActivePort
1747665499411	geckodriver::marionette	TRACE	Retrying in 100ms
1747665499516	geckodriver::browser	TRACE	Failed to open /var/folders/m0/2grp25fj0sxf1t4lx5c2n1rc0000gn/T/rust_mozprofileRf33to/MarionetteActivePort
1747665499518	geckodriver::marionette	TRACE	Retrying in 100ms
1747665499620	geckodriver::browser	TRACE	Failed to open /var/folders/m0/2grp25fj0sxf1t4lx5c2n1rc0000gn/T/rust_mozprofileRf33to/MarionetteActivePort
1747665499620	geckodriver::marionette	TRACE	Retrying in 100ms
1747665499722	geckodriver::browser	TRACE	Failed to open /var/folders/m0/2grp25fj0sxf1t4lx5c2n1rc0000gn/T/rust_mozprofileRf33to/MarionetteActivePort
1747665499723	geckodriver::marionette	TRACE	Retrying in 100ms
1747665499828	geckodriver::browser	TRACE	Failed to open /var/folders/m0/2grp25fj0sxf1t4lx5c2n1rc0000gn/T/rust_mozprofileRf33to/MarionetteActivePort
1747665499847	geckodriver::marionette	TRACE	Retrying in 100ms
1747665499948	geckodriver::browser	TRACE	Failed to open /var/folders/m0/2grp25fj0sxf1t4lx5c2n1rc0000gn/T/rust_mozprofileRf33to/MarionetteActivePort
1747665499948	geckodriver::marionette	TRACE	Retrying in 100ms
1747665500054	geckodriver::browser	TRACE	Failed to open /var/folders/m0/2grp25fj0sxf1t4lx5c2n1rc0000gn/T/rust_mozprofileRf33to/MarionetteActivePort
1747665500054	geckodriver::marionette	TRACE	Retrying in 100ms
1747665500156	geckodriver::browser	TRACE	Failed to open /var/folders/m0/2grp25fj0sxf1t4lx5c2n1rc0000gn/T/rust_mozprofileRf33to/MarionetteActivePort
1747665500164	geckodriver::marionette	TRACE	Retrying in 100ms
1747665500274	geckodriver::browser	TRACE	Failed to open /var/folders/m0/2grp25fj0sxf1t4lx5c2n1rc0000gn/T/rust_mozprofileRf33to/MarionetteActivePort
1747665500274	geckodriver::marionette	TRACE	Retrying in 100ms
1747665500378	geckodriver::browser	TRACE	Failed to open /var/folders/m0/2grp25fj0sxf1t4lx5c2n1rc0000gn/T/rust_mozprofileRf33to/MarionetteActivePort
1747665500379	geckodriver::marionette	TRACE	Retrying in 100ms
1747665500512	geckodriver::browser	TRACE	Failed to open /var/folders/m0/2grp25fj0sxf1t4lx5c2n1rc0000gn/T/rust_mozprofileRf33to/MarionetteActivePort
1747665500513	geckodriver::marionette	TRACE	Retrying in 100ms
1747665500621	geckodriver::browser	TRACE	Failed to open /var/folders/m0/2grp25fj0sxf1t4lx5c2n1rc0000gn/T/rust_mozprofileRf33to/MarionetteActivePort
1747665500622	geckodriver::marionette	TRACE	Retrying in 100ms
1747665500758	geckodriver::browser	TRACE	Failed to open /var/folders/m0/2grp25fj0sxf1t4lx5c2n1rc0000gn/T/rust_mozprofileRf33to/MarionetteActivePort
1747665500761	geckodriver::marionette	TRACE	Retrying in 100ms
1747665500864	geckodriver::browser	TRACE	Failed to open /var/folders/m0/2grp25fj0sxf1t4lx5c2n1rc0000gn/T/rust_mozprofileRf33to/MarionetteActivePort
1747665500864	geckodriver::marionette	TRACE	Retrying in 100ms
1747665500982	geckodriver::browser	TRACE	Failed to open /var/folders/m0/2grp25fj0sxf1t4lx5c2n1rc0000gn/T/rust_mozprofileRf33to/MarionetteActivePort
1747665500982	geckodriver::marionette	TRACE	Retrying in 100ms
1747665501088	geckodriver::browser	TRACE	Failed to open /var/folders/m0/2grp25fj0sxf1t4lx5c2n1rc0000gn/T/rust_mozprofileRf33to/MarionetteActivePort
1747665501088	geckodriver::marionette	TRACE	Retrying in 100ms
1747665501193	geckodriver::browser	TRACE	Failed to open /var/folders/m0/2grp25fj0sxf1t4lx5c2n1rc0000gn/T/rust_mozprofileRf33to/MarionetteActivePort
1747665501193	geckodriver::marionette	TRACE	Retrying in 100ms
1747665501295	geckodriver::browser	TRACE	Failed to open /var/folders/m0/2grp25fj0sxf1t4lx5c2n1rc0000gn/T/rust_mozprofileRf33to/MarionetteActivePort
1747665501295	geckodriver::marionette	TRACE	Retrying in 100ms
1747665501412	geckodriver::browser	TRACE	Failed to open /var/folders/m0/2grp25fj0sxf1t4lx5c2n1rc0000gn/T/rust_mozprofileRf33to/MarionetteActivePort
1747665501412	geckodriver::marionette	TRACE	Retrying in 100ms
1747665501513	geckodriver::browser	TRACE	Failed to open /var/folders/m0/2grp25fj0sxf1t4lx5c2n1rc0000gn/T/rust_mozprofileRf33to/MarionetteActivePort
1747665501513	geckodriver::marionette	TRACE	Retrying in 100ms
1747665501617	geckodriver::browser	TRACE	Failed to open /var/folders/m0/2grp25fj0sxf1t4lx5c2n1rc0000gn/T/rust_mozprofileRf33to/MarionetteActivePort
1747665501617	geckodriver::marionette	TRACE	Retrying in 100ms
1747665501720	geckodriver::browser	TRACE	Failed to open /var/folders/m0/2grp25fj0sxf1t4lx5c2n1rc0000gn/T/rust_mozprofileRf33to/MarionetteActivePort
1747665501720	geckodriver::marionette	TRACE	Retrying in 100ms
1747665501826	geckodriver::browser	TRACE	Failed to open /var/folders/m0/2grp25fj0sxf1t4lx5c2n1rc0000gn/T/rust_mozprofileRf33to/MarionetteActivePort
1747665501826	geckodriver::marionette	TRACE	Retrying in 100ms
1747665501930	geckodriver::browser	TRACE	Failed to open /var/folders/m0/2grp25fj0sxf1t4lx5c2n1rc0000gn/T/rust_mozprofileRf33to/MarionetteActivePort
1747665501930	geckodriver::marionette	TRACE	Retrying in 100ms
1747665502046	geckodriver::browser	TRACE	Failed to open /var/folders/m0/2grp25fj0sxf1t4lx5c2n1rc0000gn/T/rust_mozprofileRf33to/MarionetteActivePort
1747665502046	geckodriver::marionette	TRACE	Retrying in 100ms
1747665502155	geckodriver::browser	TRACE	Failed to open /var/folders/m0/2grp25fj0sxf1t4lx5c2n1rc0000gn/T/rust_mozprofileRf33to/MarionetteActivePort
1747665502155	geckodriver::marionette	TRACE	Retrying in 100ms
1747665502256	geckodriver::browser	TRACE	Failed to open /var/folders/m0/2grp25fj0sxf1t4lx5c2n1rc0000gn/T/rust_mozprofileRf33to/MarionetteActivePort
1747665502256	geckodriver::marionette	TRACE	Retrying in 100ms
1747665502379	geckodriver::browser	TRACE	Failed to open /var/folders/m0/2grp25fj0sxf1t4lx5c2n1rc0000gn/T/rust_mozprofileRf33to/MarionetteActivePort
1747665502379	geckodriver::marionette	TRACE	Retrying in 100ms
1747665502480	geckodriver::browser	TRACE	Failed to open /var/folders/m0/2grp25fj0sxf1t4lx5c2n1rc0000gn/T/rust_mozprofileRf33to/MarionetteActivePort
1747665502480	geckodriver::marionette	TRACE	Retrying in 100ms
1747665502584	geckodriver::browser	TRACE	Failed to open /var/folders/m0/2grp25fj0sxf1t4lx5c2n1rc0000gn/T/rust_mozprofileRf33to/MarionetteActivePort
1747665502584	geckodriver::marionette	TRACE	Retrying in 100ms
1747665502712	geckodriver::browser	TRACE	Failed to open /var/folders/m0/2grp25fj0sxf1t4lx5c2n1rc0000gn/T/rust_mozprofileRf33to/MarionetteActivePort
1747665502712	geckodriver::marionette	TRACE	Retrying in 100ms
1747665502817	geckodriver::browser	TRACE	Failed to open /var/folders/m0/2grp25fj0sxf1t4lx5c2n1rc0000gn/T/rust_mozprofileRf33to/MarionetteActivePort
1747665502817	geckodriver::marionette	TRACE	Retrying in 100ms
1747665502923	geckodriver::browser	TRACE	Failed to open /var/folders/m0/2grp25fj0sxf1t4lx5c2n1rc0000gn/T/rust_mozprofileRf33to/MarionetteActivePort
1747665502924	geckodriver::marionette	TRACE	Retrying in 100ms
1747665503028	geckodriver::browser	TRACE	Failed to open /var/folders/m0/2grp25fj0sxf1t4lx5c2n1rc0000gn/T/rust_mozprofileRf33to/MarionetteActivePort
1747665503029	geckodriver::marionette	TRACE	Retrying in 100ms
console.warn: services.settings: Ignoring preference override of remote settings server
console.warn: services.settings: Allow by setting MOZ_REMOTE_SETTINGS_DEVTOOLS=1 in the environment
1747665503134	geckodriver::browser	TRACE	Failed to open /var/folders/m0/2grp25fj0sxf1t4lx5c2n1rc0000gn/T/rust_mozprofileRf33to/MarionetteActivePort
1747665503135	geckodriver::marionette	TRACE	Retrying in 100ms
1747665503245	geckodriver::browser	TRACE	Failed to open /var/folders/m0/2grp25fj0sxf1t4lx5c2n1rc0000gn/T/rust_mozprofileRf33to/MarionetteActivePort
1747665503245	geckodriver::marionette	TRACE	Retrying in 100ms
1747665503347	geckodriver::browser	TRACE	Failed to open /var/folders/m0/2grp25fj0sxf1t4lx5c2n1rc0000gn/T/rust_mozprofileRf33to/MarionetteActivePort
1747665503347	geckodriver::marionette	TRACE	Retrying in 100ms
1747665503451	geckodriver::browser	TRACE	Failed to open /var/folders/m0/2grp25fj0sxf1t4lx5c2n1rc0000gn/T/rust_mozprofileRf33to/MarionetteActivePort
1747665503452	geckodriver::marionette	TRACE	Retrying in 100ms
1747665503558	geckodriver::browser	TRACE	Failed to open /var/folders/m0/2grp25fj0sxf1t4lx5c2n1rc0000gn/T/rust_mozprofileRf33to/MarionetteActivePort
1747665503558	geckodriver::marionette	TRACE	Retrying in 100ms
1747665503659	geckodriver::browser	TRACE	Failed to open /var/folders/m0/2grp25fj0sxf1t4lx5c2n1rc0000gn/T/rust_mozprofileRf33to/MarionetteActivePort
1747665503659	geckodriver::marionette	TRACE	Retrying in 100ms
1747665503761	geckodriver::browser	TRACE	Failed to open /var/folders/m0/2grp25fj0sxf1t4lx5c2n1rc0000gn/T/rust_mozprofileRf33to/MarionetteActivePort
1747665503762	geckodriver::marionette	TRACE	Retrying in 100ms
1747665503865	geckodriver::browser	TRACE	Failed to open /var/folders/m0/2grp25fj0sxf1t4lx5c2n1rc0000gn/T/rust_mozprofileRf33to/MarionetteActivePort
1747665503866	geckodriver::marionette	TRACE	Retrying in 100ms
1747665503969	geckodriver::browser	TRACE	Failed to open /var/folders/m0/2grp25fj0sxf1t4lx5c2n1rc0000gn/T/rust_mozprofileRf33to/MarionetteActivePort
1747665503969	geckodriver::marionette	TRACE	Retrying in 100ms
1747665504082	geckodriver::browser	TRACE	Failed to open /var/folders/m0/2grp25fj0sxf1t4lx5c2n1rc0000gn/T/rust_mozprofileRf33to/MarionetteActivePort
1747665504083	geckodriver::marionette	TRACE	Retrying in 100ms
1747665504186	geckodriver::browser	TRACE	Failed to open /var/folders/m0/2grp25fj0sxf1t4lx5c2n1rc0000gn/T/rust_mozprofileRf33to/MarionetteActivePort
1747665504187	geckodriver::marionette	TRACE	Retrying in 100ms
1747665504288	geckodriver::browser	TRACE	Failed to open /var/folders/m0/2grp25fj0sxf1t4lx5c2n1rc0000gn/T/rust_mozprofileRf33to/MarionetteActivePort
1747665504288	geckodriver::marionette	TRACE	Retrying in 100ms
1747665504409	geckodriver::browser	TRACE	Failed to open /var/folders/m0/2grp25fj0sxf1t4lx5c2n1rc0000gn/T/rust_mozprofileRf33to/MarionetteActivePort
1747665504410	geckodriver::marionette	TRACE	Retrying in 100ms
1747665504516	geckodriver::browser	TRACE	Failed to open /var/folders/m0/2grp25fj0sxf1t4lx5c2n1rc0000gn/T/rust_mozprofileRf33to/MarionetteActivePort
1747665504517	geckodriver::marionette	TRACE	Retrying in 100ms
1747665504618	geckodriver::browser	TRACE	Failed to open /var/folders/m0/2grp25fj0sxf1t4lx5c2n1rc0000gn/T/rust_mozprofileRf33to/MarionetteActivePort
1747665504618	geckodriver::marionette	TRACE	Retrying in 100ms
1747665504743	geckodriver::browser	TRACE	Failed to open /var/folders/m0/2grp25fj0sxf1t4lx5c2n1rc0000gn/T/rust_mozprofileRf33to/MarionetteActivePort
1747665504743	geckodriver::marionette	TRACE	Retrying in 100ms
1747665504851	geckodriver::browser	TRACE	Failed to open /var/folders/m0/2grp25fj0sxf1t4lx5c2n1rc0000gn/T/rust_mozprofileRf33to/MarionetteActivePort
1747665504851	geckodriver::marionette	TRACE	Retrying in 100ms
1747665504958	geckodriver::browser	TRACE	Failed to open /var/folders/m0/2grp25fj0sxf1t4lx5c2n1rc0000gn/T/rust_mozprofileRf33to/MarionetteActivePort
1747665504989	geckodriver::marionette	TRACE	Retrying in 100ms
1747665505092	geckodriver::browser	TRACE	Failed to open /var/folders/m0/2grp25fj0sxf1t4lx5c2n1rc0000gn/T/rust_mozprofileRf33to/MarionetteActivePort
1747665505092	geckodriver::marionette	TRACE	Retrying in 100ms
1747665505198	geckodriver::browser	TRACE	Failed to open /var/folders/m0/2grp25fj0sxf1t4lx5c2n1rc0000gn/T/rust_mozprofileRf33to/MarionetteActivePort
1747665505198	geckodriver::marionette	TRACE	Retrying in 100ms
1747665505313	geckodriver::browser	TRACE	Failed to open /var/folders/m0/2grp25fj0sxf1t4lx5c2n1rc0000gn/T/rust_mozprofileRf33to/MarionetteActivePort
1747665505318	geckodriver::marionette	TRACE	Retrying in 100ms
1747665505420	geckodriver::browser	TRACE	Failed to open /var/folders/m0/2grp25fj0sxf1t4lx5c2n1rc0000gn/T/rust_mozprofileRf33to/MarionetteActivePort
1747665505420	geckodriver::marionette	TRACE	Retrying in 100ms
1747665505521	geckodriver::browser	TRACE	Failed to open /var/folders/m0/2grp25fj0sxf1t4lx5c2n1rc0000gn/T/rust_mozprofileRf33to/MarionetteActivePort
1747665505521	geckodriver::marionette	TRACE	Retrying in 100ms
1747665505631	geckodriver::browser	TRACE	Failed to open /var/folders/m0/2grp25fj0sxf1t4lx5c2n1rc0000gn/T/rust_mozprofileRf33to/MarionetteActivePort
1747665505631	geckodriver::marionette	TRACE	Retrying in 100ms
1747665505661	Marionette	INFO	Marionette enabled
1747665505670	RemoteAgent	DEBUG	Setting recommended pref apz.content_response_timeout to 60000
1747665505671	RemoteAgent	DEBUG	Setting recommended pref browser.contentblocking.introCount to 99
1747665505671	RemoteAgent	DEBUG	Setting recommended pref browser.download.panel.shown to true
1747665505671	RemoteAgent	DEBUG	Setting recommended pref browser.http.blank_page_with_error_response.enabled to true
1747665505672	RemoteAgent	DEBUG	Setting recommended pref browser.newtabpage.activity-stream.discoverystream.region-weather-config to 
1747665505672	RemoteAgent	DEBUG	Setting recommended pref browser.newtabpage.activity-stream.newtabWallpapers.enabled to false
1747665505672	RemoteAgent	DEBUG	Setting recommended pref browser.newtabpage.activity-stream.newtabWallpapers.v2.enabled to false
1747665505672	RemoteAgent	DEBUG	Setting recommended pref browser.newtabpage.activity-stream.showSponsoredTopSites to false
1747665505673	RemoteAgent	DEBUG	Setting recommended pref browser.newtabpage.enabled to false
1747665505673	RemoteAgent	DEBUG	Setting recommended pref browser.pagethumbnails.capturing_disabled to true
1747665505674	RemoteAgent	DEBUG	Setting recommended pref browser.region.network.url to 
1747665505675	RemoteAgent	DEBUG	Setting recommended pref browser.safebrowsing.blockedURIs.enabled to false
1747665505675	RemoteAgent	DEBUG	Setting recommended pref browser.safebrowsing.downloads.enabled to false
1747665505675	RemoteAgent	DEBUG	Setting recommended pref browser.safebrowsing.malware.enabled to false
1747665505675	RemoteAgent	DEBUG	Setting recommended pref browser.safebrowsing.phishing.enabled to false
1747665505675	RemoteAgent	DEBUG	Setting recommended pref browser.search.update to false
1747665505676	RemoteAgent	DEBUG	Setting recommended pref browser.startup.couldRestoreSession.count to -1
1747665505676	RemoteAgent	DEBUG	Setting recommended pref browser.tabs.remote.unloadDelayMs to 0
1747665505676	RemoteAgent	DEBUG	Setting recommended pref browser.tabs.unloadOnLowMemory to false
1747665505676	RemoteAgent	DEBUG	Setting recommended pref browser.tabs.warnOnClose to false
1747665505676	RemoteAgent	DEBUG	Setting recommended pref browser.tabs.warnOnCloseOtherTabs to false
1747665505676	RemoteAgent	DEBUG	Setting recommended pref browser.tabs.warnOnOpen to false
1747665505677	RemoteAgent	DEBUG	Setting recommended pref browser.toolbars.bookmarks.visibility to never
1747665505677	RemoteAgent	DEBUG	Setting recommended pref browser.topsites.contile.enabled to false
1747665505677	RemoteAgent	DEBUG	Setting recommended pref browser.usedOnWindows10.introURL to 
1747665505677	RemoteAgent	DEBUG	Setting recommended pref browser.urlbar.merino.endpointURL to 
1747665505677	RemoteAgent	DEBUG	Setting recommended pref browser.urlbar.suggest.searches to false
1747665505678	RemoteAgent	DEBUG	Setting recommended pref datareporting.policy.dataSubmissionPolicyAccepted to false
1747665505678	RemoteAgent	DEBUG	Setting recommended pref dom.disable_open_during_load to false
1747665505678	RemoteAgent	DEBUG	Setting recommended pref dom.file.createInChild to true
1747665505680	RemoteAgent	DEBUG	Setting recommended pref dom.input_events.security.minNumTicks to 0
1747665505680	RemoteAgent	DEBUG	Setting recommended pref dom.input_events.security.minTimeElapsedInMS to 0
1747665505680	RemoteAgent	DEBUG	Setting recommended pref dom.max_chrome_script_run_time to 0
1747665505680	RemoteAgent	DEBUG	Setting recommended pref dom.max_script_run_time to 0
1747665505680	RemoteAgent	DEBUG	Setting recommended pref dom.navigation.navigationRateLimit.count to 0
1747665505680	RemoteAgent	DEBUG	Setting recommended pref dom.push.connection.enabled to false
1747665505681	RemoteAgent	DEBUG	Setting recommended pref dom.screenorientation.allow-lock to true
1747665505681	RemoteAgent	DEBUG	Setting recommended pref dom.successive_dialog_time_limit to 0
1747665505681	RemoteAgent	DEBUG	Setting recommended pref extensions.getAddons.cache.enabled to false
1747665505681	RemoteAgent	DEBUG	Setting recommended pref extensions.getAddons.discovery.api_url to data:, 
1747665505681	RemoteAgent	DEBUG	Setting recommended pref extensions.blocklist.detailsURL to http://%(server)s/extensions-dummy/blocklistDetailsURL
1747665505682	RemoteAgent	DEBUG	Setting recommended pref extensions.blocklist.itemURL to http://%(server)s/extensions-dummy/blocklistItemURL
1747665505682	RemoteAgent	DEBUG	Setting recommended pref extensions.hotfix.url to http://%(server)s/extensions-dummy/hotfixURL
1747665505682	RemoteAgent	DEBUG	Setting recommended pref extensions.systemAddon.update.enabled to false
1747665505682	RemoteAgent	DEBUG	Setting recommended pref extensions.update.background.url to http://%(server)s/extensions-dummy/updateBackgroundURL
1747665505682	RemoteAgent	DEBUG	Setting recommended pref extensions.update.url to http://%(server)s/extensions-dummy/updateURL
1747665505683	RemoteAgent	DEBUG	Setting recommended pref extensions.getAddons.get.url to http://%(server)s/extensions-dummy/repositoryGetURL
1747665505683	RemoteAgent	DEBUG	Setting recommended pref extensions.getAddons.search.browseURL to http://%(server)s/extensions-dummy/repositoryBrowseURL
1747665505684	RemoteAgent	DEBUG	Setting recommended pref geo.provider.network.url to 
1747665505684	RemoteAgent	DEBUG	Setting recommended pref identity.fxaccounts.auth.uri to https://{server}/dummy/fxa
1747665505684	RemoteAgent	DEBUG	Setting recommended pref network.connectivity-service.enabled to false
1747665505684	RemoteAgent	DEBUG	Setting recommended pref network.http.phishy-userpass-length to 255
1747665505685	RemoteAgent	DEBUG	Setting recommended pref network.http.prompt-temp-redirect to false
1747665505685	RemoteAgent	DEBUG	Setting recommended pref privacy.trackingprotection.enabled to false
1747665505685	RemoteAgent	DEBUG	Setting recommended pref remote.prefs.recommended.applied to true
1747665505685	RemoteAgent	DEBUG	Setting recommended pref security.fileuri.strict_origin_policy to false
1747665505686	RemoteAgent	DEBUG	Setting recommended pref security.notification_enable_delay to 0
1747665505686	RemoteAgent	DEBUG	Setting recommended pref security.remote_settings.intermediates.enabled to false
1747665505687	RemoteAgent	DEBUG	Setting recommended pref services.settings.loglevel to off
1747665505688	RemoteAgent	DEBUG	Setting recommended pref signon.autofillForms to false
1747665505689	RemoteAgent	DEBUG	Setting recommended pref signon.rememberSignons to false
1747665505689	RemoteAgent	DEBUG	Setting recommended pref toolkit.telemetry.server to https://%(server)s/telemetry-dummy/
1747665505689	RemoteAgent	DEBUG	Setting recommended pref widget.windows.window_occlusion_tracking.enabled to false
1747665505732	geckodriver::browser	TRACE	Failed to open /var/folders/m0/2grp25fj0sxf1t4lx5c2n1rc0000gn/T/rust_mozprofileRf33to/MarionetteActivePort
1747665505733	geckodriver::marionette	TRACE	Retrying in 100ms
1747665505839	geckodriver::browser	TRACE	Failed to open /var/folders/m0/2grp25fj0sxf1t4lx5c2n1rc0000gn/T/rust_mozprofileRf33to/MarionetteActivePort
1747665505839	geckodriver::marionette	TRACE	Retrying in 100ms
1747665505943	geckodriver::browser	TRACE	Failed to open /var/folders/m0/2grp25fj0sxf1t4lx5c2n1rc0000gn/T/rust_mozprofileRf33to/MarionetteActivePort
1747665505964	geckodriver::marionette	TRACE	Retrying in 100ms
1747665506071	geckodriver::browser	TRACE	Failed to open /var/folders/m0/2grp25fj0sxf1t4lx5c2n1rc0000gn/T/rust_mozprofileRf33to/MarionetteActivePort
1747665506071	geckodriver::marionette	TRACE	Retrying in 100ms
1747665506176	geckodriver::browser	TRACE	Failed to open /var/folders/m0/2grp25fj0sxf1t4lx5c2n1rc0000gn/T/rust_mozprofileRf33to/MarionetteActivePort
1747665506176	geckodriver::marionette	TRACE	Retrying in 100ms
1747665506294	geckodriver::browser	TRACE	Failed to open /var/folders/m0/2grp25fj0sxf1t4lx5c2n1rc0000gn/T/rust_mozprofileRf33to/MarionetteActivePort
1747665506298	geckodriver::marionette	TRACE	Retrying in 100ms
1747665506401	geckodriver::browser	TRACE	Failed to open /var/folders/m0/2grp25fj0sxf1t4lx5c2n1rc0000gn/T/rust_mozprofileRf33to/MarionetteActivePort
1747665506403	geckodriver::marionette	TRACE	Retrying in 100ms
1747665506518	geckodriver::browser	TRACE	Failed to open /var/folders/m0/2grp25fj0sxf1t4lx5c2n1rc0000gn/T/rust_mozprofileRf33to/MarionetteActivePort
1747665506525	geckodriver::marionette	TRACE	Retrying in 100ms
1747665506636	geckodriver::browser	TRACE	Failed to open /var/folders/m0/2grp25fj0sxf1t4lx5c2n1rc0000gn/T/rust_mozprofileRf33to/MarionetteActivePort
1747665506636	geckodriver::marionette	TRACE	Retrying in 100ms
1747665506739	geckodriver::browser	TRACE	Failed to open /var/folders/m0/2grp25fj0sxf1t4lx5c2n1rc0000gn/T/rust_mozprofileRf33to/MarionetteActivePort
1747665506739	geckodriver::marionette	TRACE	Retrying in 100ms
1747665506847	geckodriver::browser	TRACE	Failed to open /var/folders/m0/2grp25fj0sxf1t4lx5c2n1rc0000gn/T/rust_mozprofileRf33to/MarionetteActivePort
1747665506847	geckodriver::marionette	TRACE	Retrying in 100ms
1747665506957	geckodriver::browser	TRACE	Failed to open /var/folders/m0/2grp25fj0sxf1t4lx5c2n1rc0000gn/T/rust_mozprofileRf33to/MarionetteActivePort
1747665506959	geckodriver::marionette	TRACE	Retrying in 100ms
1747665507063	geckodriver::browser	TRACE	Failed to open /var/folders/m0/2grp25fj0sxf1t4lx5c2n1rc0000gn/T/rust_mozprofileRf33to/MarionetteActivePort
1747665507064	geckodriver::marionette	TRACE	Retrying in 100ms
1747665507168	geckodriver::browser	TRACE	Failed to open /var/folders/m0/2grp25fj0sxf1t4lx5c2n1rc0000gn/T/rust_mozprofileRf33to/MarionetteActivePort
1747665507168	geckodriver::marionette	TRACE	Retrying in 100ms
1747665507273	geckodriver::browser	TRACE	Failed to open /var/folders/m0/2grp25fj0sxf1t4lx5c2n1rc0000gn/T/rust_mozprofileRf33to/MarionetteActivePort
1747665507273	geckodriver::marionette	TRACE	Retrying in 100ms
1747665507384	geckodriver::browser	TRACE	Failed to open /var/folders/m0/2grp25fj0sxf1t4lx5c2n1rc0000gn/T/rust_mozprofileRf33to/MarionetteActivePort
1747665507428	geckodriver::marionette	TRACE	Retrying in 100ms
1747665507530	geckodriver::browser	TRACE	Failed to open /var/folders/m0/2grp25fj0sxf1t4lx5c2n1rc0000gn/T/rust_mozprofileRf33to/MarionetteActivePort
1747665507531	geckodriver::marionette	TRACE	Retrying in 100ms
1747665507663	geckodriver::browser	TRACE	Failed to open /var/folders/m0/2grp25fj0sxf1t4lx5c2n1rc0000gn/T/rust_mozprofileRf33to/MarionetteActivePort
1747665507664	geckodriver::marionette	TRACE	Retrying in 100ms
1747665507765	geckodriver::browser	TRACE	Failed to open /var/folders/m0/2grp25fj0sxf1t4lx5c2n1rc0000gn/T/rust_mozprofileRf33to/MarionetteActivePort
1747665507766	geckodriver::marionette	TRACE	Retrying in 100ms
1747665507869	geckodriver::browser	TRACE	Failed to open /var/folders/m0/2grp25fj0sxf1t4lx5c2n1rc0000gn/T/rust_mozprofileRf33to/MarionetteActivePort
1747665507871	geckodriver::marionette	TRACE	Retrying in 100ms
1747665507972	geckodriver::browser	TRACE	Failed to open /var/folders/m0/2grp25fj0sxf1t4lx5c2n1rc0000gn/T/rust_mozprofileRf33to/MarionetteActivePort
1747665507972	geckodriver::marionette	TRACE	Retrying in 100ms
1747665508078	geckodriver::browser	TRACE	Failed to open /var/folders/m0/2grp25fj0sxf1t4lx5c2n1rc0000gn/T/rust_mozprofileRf33to/MarionetteActivePort
1747665508078	geckodriver::marionette	TRACE	Retrying in 100ms
1747665508181	geckodriver::browser	TRACE	Failed to open /var/folders/m0/2grp25fj0sxf1t4lx5c2n1rc0000gn/T/rust_mozprofileRf33to/MarionetteActivePort
1747665508181	geckodriver::marionette	TRACE	Retrying in 100ms
1747665508311	geckodriver::browser	TRACE	Failed to open /var/folders/m0/2grp25fj0sxf1t4lx5c2n1rc0000gn/T/rust_mozprofileRf33to/MarionetteActivePort
1747665508311	geckodriver::marionette	TRACE	Retrying in 100ms
1747665508463	geckodriver::browser	TRACE	Failed to open /var/folders/m0/2grp25fj0sxf1t4lx5c2n1rc0000gn/T/rust_mozprofileRf33to/MarionetteActivePort
1747665508463	geckodriver::marionette	TRACE	Retrying in 100ms
1747665508563	geckodriver::browser	TRACE	Failed to open /var/folders/m0/2grp25fj0sxf1t4lx5c2n1rc0000gn/T/rust_mozprofileRf33to/MarionetteActivePort
1747665508563	geckodriver::marionette	TRACE	Retrying in 100ms
1747665508670	geckodriver::browser	TRACE	Failed to open /var/folders/m0/2grp25fj0sxf1t4lx5c2n1rc0000gn/T/rust_mozprofileRf33to/MarionetteActivePort
1747665508670	geckodriver::marionette	TRACE	Retrying in 100ms
1747665508773	geckodriver::browser	TRACE	Failed to open /var/folders/m0/2grp25fj0sxf1t4lx5c2n1rc0000gn/T/rust_mozprofileRf33to/MarionetteActivePort
1747665508775	geckodriver::marionette	TRACE	Retrying in 100ms
1747665508880	geckodriver::browser	TRACE	Failed to open /var/folders/m0/2grp25fj0sxf1t4lx5c2n1rc0000gn/T/rust_mozprofileRf33to/MarionetteActivePort
1747665508880	geckodriver::marionette	TRACE	Retrying in 100ms
1747665509006	geckodriver::browser	TRACE	Failed to open /var/folders/m0/2grp25fj0sxf1t4lx5c2n1rc0000gn/T/rust_mozprofileRf33to/MarionetteActivePort
1747665509008	geckodriver::marionette	TRACE	Retrying in 100ms
1747665509109	geckodriver::browser	TRACE	Failed to open /var/folders/m0/2grp25fj0sxf1t4lx5c2n1rc0000gn/T/rust_mozprofileRf33to/MarionetteActivePort
1747665509109	geckodriver::marionette	TRACE	Retrying in 100ms
1747665509150	Marionette	TRACE	Received observer notification final-ui-startup
1747665509213	geckodriver::browser	TRACE	Failed to open /var/folders/m0/2grp25fj0sxf1t4lx5c2n1rc0000gn/T/rust_mozprofileRf33to/MarionetteActivePort
1747665509213	geckodriver::marionette	TRACE	Retrying in 100ms
1747665509315	geckodriver::browser	TRACE	Failed to open /var/folders/m0/2grp25fj0sxf1t4lx5c2n1rc0000gn/T/rust_mozprofileRf33to/MarionetteActivePort
1747665509315	geckodriver::marionette	TRACE	Retrying in 100ms
1747665509415	geckodriver::browser	TRACE	Failed to open /var/folders/m0/2grp25fj0sxf1t4lx5c2n1rc0000gn/T/rust_mozprofileRf33to/MarionetteActivePort
1747665509415	geckodriver::marionette	TRACE	Retrying in 100ms
1747665509522	geckodriver::browser	TRACE	Failed to open /var/folders/m0/2grp25fj0sxf1t4lx5c2n1rc0000gn/T/rust_mozprofileRf33to/MarionetteActivePort
1747665509522	geckodriver::marionette	TRACE	Retrying in 100ms
1747665509626	geckodriver::browser	TRACE	Failed to open /var/folders/m0/2grp25fj0sxf1t4lx5c2n1rc0000gn/T/rust_mozprofileRf33to/MarionetteActivePort
1747665509628	geckodriver::marionette	TRACE	Retrying in 100ms
1747665509730	geckodriver::browser	TRACE	Failed to open /var/folders/m0/2grp25fj0sxf1t4lx5c2n1rc0000gn/T/rust_mozprofileRf33to/MarionetteActivePort
1747665509730	geckodriver::marionette	TRACE	Retrying in 100ms
1747665509831	geckodriver::browser	TRACE	Failed to open /var/folders/m0/2grp25fj0sxf1t4lx5c2n1rc0000gn/T/rust_mozprofileRf33to/MarionetteActivePort
1747665509831	geckodriver::marionette	TRACE	Retrying in 100ms
1747665509935	geckodriver::browser	TRACE	Failed to open /var/folders/m0/2grp25fj0sxf1t4lx5c2n1rc0000gn/T/rust_mozprofileRf33to/MarionetteActivePort
1747665509935	geckodriver::marionette	TRACE	Retrying in 100ms
1747665510126	geckodriver::browser	TRACE	Failed to open /var/folders/m0/2grp25fj0sxf1t4lx5c2n1rc0000gn/T/rust_mozprofileRf33to/MarionetteActivePort
1747665510128	geckodriver::marionette	TRACE	Retrying in 100ms
1747665510230	geckodriver::browser	TRACE	Failed to open /var/folders/m0/2grp25fj0sxf1t4lx5c2n1rc0000gn/T/rust_mozprofileRf33to/MarionetteActivePort
1747665510232	geckodriver::marionette	TRACE	Retrying in 100ms
1747665510338	geckodriver::browser	TRACE	Failed to open /var/folders/m0/2grp25fj0sxf1t4lx5c2n1rc0000gn/T/rust_mozprofileRf33to/MarionetteActivePort
1747665510338	geckodriver::marionette	TRACE	Retrying in 100ms
1747665510440	geckodriver::browser	TRACE	Failed to open /var/folders/m0/2grp25fj0sxf1t4lx5c2n1rc0000gn/T/rust_mozprofileRf33to/MarionetteActivePort
1747665510440	geckodriver::marionette	TRACE	Retrying in 100ms
1747665510546	geckodriver::browser	TRACE	Failed to open /var/folders/m0/2grp25fj0sxf1t4lx5c2n1rc0000gn/T/rust_mozprofileRf33to/MarionetteActivePort
1747665510547	geckodriver::marionette	TRACE	Retrying in 100ms
1747665510653	geckodriver::browser	TRACE	Failed to open /var/folders/m0/2grp25fj0sxf1t4lx5c2n1rc0000gn/T/rust_mozprofileRf33to/MarionetteActivePort
1747665510657	geckodriver::marionette	TRACE	Retrying in 100ms
1747665510762	geckodriver::browser	TRACE	Failed to open /var/folders/m0/2grp25fj0sxf1t4lx5c2n1rc0000gn/T/rust_mozprofileRf33to/MarionetteActivePort
1747665510762	geckodriver::marionette	TRACE	Retrying in 100ms
1747665510865	geckodriver::browser	TRACE	Failed to open /var/folders/m0/2grp25fj0sxf1t4lx5c2n1rc0000gn/T/rust_mozprofileRf33to/MarionetteActivePort
1747665510865	geckodriver::marionette	TRACE	Retrying in 100ms
1747665510966	geckodriver::browser	TRACE	Failed to open /var/folders/m0/2grp25fj0sxf1t4lx5c2n1rc0000gn/T/rust_mozprofileRf33to/MarionetteActivePort
1747665510966	geckodriver::marionette	TRACE	Retrying in 100ms
1747665511068	geckodriver::browser	TRACE	Failed to open /var/folders/m0/2grp25fj0sxf1t4lx5c2n1rc0000gn/T/rust_mozprofileRf33to/MarionetteActivePort
1747665511068	geckodriver::marionette	TRACE	Retrying in 100ms
1747665511170	geckodriver::browser	TRACE	Failed to open /var/folders/m0/2grp25fj0sxf1t4lx5c2n1rc0000gn/T/rust_mozprofileRf33to/MarionetteActivePort
1747665511170	geckodriver::marionette	TRACE	Retrying in 100ms
1747665511272	geckodriver::browser	TRACE	Failed to open /var/folders/m0/2grp25fj0sxf1t4lx5c2n1rc0000gn/T/rust_mozprofileRf33to/MarionetteActivePort
1747665511272	geckodriver::marionette	TRACE	Retrying in 100ms
1747665511373	geckodriver::browser	TRACE	Failed to open /var/folders/m0/2grp25fj0sxf1t4lx5c2n1rc0000gn/T/rust_mozprofileRf33to/MarionetteActivePort
1747665511373	geckodriver::marionette	TRACE	Retrying in 100ms
1747665511476	geckodriver::browser	TRACE	Failed to open /var/folders/m0/2grp25fj0sxf1t4lx5c2n1rc0000gn/T/rust_mozprofileRf33to/MarionetteActivePort
1747665511476	geckodriver::marionette	TRACE	Retrying in 100ms
1747665511578	geckodriver::browser	TRACE	Failed to open /var/folders/m0/2grp25fj0sxf1t4lx5c2n1rc0000gn/T/rust_mozprofileRf33to/MarionetteActivePort
1747665511578	geckodriver::marionette	TRACE	Retrying in 100ms
1747665511681	geckodriver::browser	TRACE	Failed to open /var/folders/m0/2grp25fj0sxf1t4lx5c2n1rc0000gn/T/rust_mozprofileRf33to/MarionetteActivePort
1747665511681	geckodriver::marionette	TRACE	Retrying in 100ms
1747665511783	geckodriver::browser	TRACE	Failed to open /var/folders/m0/2grp25fj0sxf1t4lx5c2n1rc0000gn/T/rust_mozprofileRf33to/MarionetteActivePort
1747665511786	geckodriver::marionette	TRACE	Retrying in 100ms
1747665511891	geckodriver::browser	TRACE	Failed to open /var/folders/m0/2grp25fj0sxf1t4lx5c2n1rc0000gn/T/rust_mozprofileRf33to/MarionetteActivePort
1747665511891	geckodriver::marionette	TRACE	Retrying in 100ms
1747665511996	geckodriver::browser	TRACE	Failed to open /var/folders/m0/2grp25fj0sxf1t4lx5c2n1rc0000gn/T/rust_mozprofileRf33to/MarionetteActivePort
1747665511997	geckodriver::marionette	TRACE	Retrying in 100ms
1747665512098	geckodriver::browser	TRACE	Failed to open /var/folders/m0/2grp25fj0sxf1t4lx5c2n1rc0000gn/T/rust_mozprofileRf33to/MarionetteActivePort
1747665512099	geckodriver::marionette	TRACE	Retrying in 100ms
1747665512140	Marionette	INFO	Listening on port 51682
1747665512162	Marionette	DEBUG	Marionette is listening
Read port: 51682
1747665513203	geckodriver::marionette	TRACE	Retrying in 100ms
2025-05-19 11:38:33.249 plugin-container[42686:497370] nil host used in call to allowsSpecificHTTPSCertificateForHost
2025-05-19 11:38:33.267 plugin-container[42686:497370] nil host used in call to allowsAnyHTTPSCertificateForHost:
Read port: 51682
2025-05-19 11:38:33.365 plugin-container[42686:497370] nil host used in call to allowsSpecificHTTPSCertificateForHost
2025-05-19 11:38:33.365 plugin-container[42686:497370] nil host used in call to allowsAnyHTTPSCertificateForHost:
2025-05-19 11:38:33.368 plugin-container[42686:497424] nil host used in call to allowsSpecificHTTPSCertificateForHost
2025-05-19 11:38:33.368 plugin-container[42686:497424] nil host used in call to allowsAnyHTTPSCertificateForHost:
1747665514062	Marionette	DEBUG	Accepted connection 0 from 127.0.0.1:51683
1747665514077	Marionette	DEBUG	Accepted connection 1 from 127.0.0.1:51684
1747665514179	Marionette	DEBUG	Closed connection 0
1747665514190	geckodriver::marionette	DEBUG	Connection to Marionette established on 127.0.0.1:51682.
1747665515175	Marionette	DEBUG	1 -> [0,1,"WebDriver:NewSession",{"browserName":"firefox"}]
1747665515211	Marionette	DEBUG	Waiting for initial application window
[GFX1-]: Calling WaitFlushedEvent::Run: is delayed: 4076
2025-05-19 14:39:06.716 plugin-container[42705:497809] nil host used in call to allowsSpecificHTTPSCertificateForHost
2025-05-19 14:39:06.721 plugin-container[42705:497809] nil host used in call to allowsAnyHTTPSCertificateForHost:
2025-05-19 14:39:06.761 plugin-container[42705:497809] nil host used in call to allowsSpecificHTTPSCertificateForHost
2025-05-19 14:39:06.761 plugin-container[42705:497809] nil host used in call to allowsAnyHTTPSCertificateForHost:
2025-05-19 14:39:06.764 plugin-container[42705:497866] nil host used in call to allowsSpecificHTTPSCertificateForHost
2025-05-19 14:39:06.765 plugin-container[42705:497866] nil host used in call to allowsAnyHTTPSCertificateForHost:
1747665548110	Marionette	TRACE	Received observer notification browser-idle-startup-tasks-finished
1747665548306	RemoteAgent	TRACE	[9] ProgressListener Start: expectNavigation=false resolveWhenStarted=false unloadTimeout=5000 waitForExplicitStart=false
1747665548307	RemoteAgent	TRACE	[9] ProgressListener Setting unload timer (5000ms)
1747665548318	RemoteAgent	TRACE	[9] Wait for initial navigation: isInitial=false, isLoadingDocument=false
1747665548319	RemoteAgent	TRACE	[9] Document already finished loading: about:blank
1747665548320	RemoteAgent	TRACE	[9] ProgressListener Stop: has error=false url=about:blank
1747665548696	Marionette	DEBUG	1 <- [1,1,null,{"sessionId":"a265b8d6-cef6-4c4b-9786-5234ba9ff12f","capabilities":{"acceptInsecureCerts":false,"browserName":"firefox","browserVersion":"138.0.4","platformName":"mac","unhandledPromptBehavior":"dismiss and notify","userAgent":"Mozilla/5.0 (Macintosh; Intel Mac OS X 10.15; rv:138.0) Gecko/20100101 Firefox/138.0","moz:buildID":"20250517143237","moz:headless":false,"moz:platformVersion":"21.6.0","moz:processID":42679,"moz:profile":"/var/folders/m0/2grp25fj0sxf1t4lx5c2n1rc0000gn/T/rust_mozprofileRf33to","moz:shutdownTimeout":60000,"pageLoadStrategy":"normal","timeouts":{"implicit":0,"pageLoad":300000,"script":30000},"setWindowRect":true,"strictFileInteractability":false,"moz:accessibilityChecks":false,"moz:webdriverClick":true,"moz:windowless":false,"proxy":{}}}]
1747665548812	webdriver::server	DEBUG	<- 200 OK {"value":{"sessionId":"a265b8d6-cef6-4c4b-9786-5234ba9ff12f","capabilities":{"acceptInsecureCerts":false,"browserNa ... r":"dismiss and notify","userAgent":"Mozilla/5.0 (Macintosh; Intel Mac OS X 10.15; rv:138.0) Gecko/20100101 Firefox/138.0"}}}
1747665549307	webdriver::server	DEBUG	-> POST /session/a265b8d6-cef6-4c4b-9786-5234ba9ff12f/url {"url":"http://127.0.0.1:3000/login/login.html"}
1747665550629	Marionette	DEBUG	1 -> [0,2,"WebDriver:Navigate",{"url":"http://127.0.0.1:3000/login/login.html"}]
1747665550794	Marionette	TRACE	[9] Received event beforeunload for about:blank
1747665551448	Marionette	TRACE	Remoteness change detected. Set new top-level browsing context to 10
1747665551918	Marionette	TRACE	[10] Received event beforeunload for about:blank
1747665552093	Marionette	TRACE	[10] Received event pagehide for about:blank
1747665555578	Marionette	TRACE	[10] Received event DOMContentLoaded for http://127.0.0.1:3000/login/login.html
1747665559577	Marionette	TRACE	[10] Received event pageshow for http://127.0.0.1:3000/login/login.html
1747665559579	Marionette	DEBUG	1 <- [1,2,null,{"value":null}]
1747665560242	webdriver::server	DEBUG	<- 200 OK {"value":null}
1747665560532	webdriver::server	DEBUG	-> POST /session/a265b8d6-cef6-4c4b-9786-5234ba9ff12f/elements {"using":"css selector","value":"body"}
1747665560940	Marionette	DEBUG	1 -> [0,3,"WebDriver:FindElements",{"using":"css selector","value":"body"}]
1747665560986	RemoteAgent	TRACE	WebDriverProcessData actor created for PID 42702
1747665560999	Marionette	TRACE	[10] MarionetteCommands actor created for window id 10737418241
1747665561088	Marionette	DEBUG	1 <- [1,3,null,[{"element-6066-11e4-a52e-4f735466cecf":"0c07f882-8b1c-4baf-bbb6-cad89cd4438c"}]]
1747665561091	webdriver::server	DEBUG	<- 200 OK {"value":[{"element-6066-11e4-a52e-4f735466cecf":"0c07f882-8b1c-4baf-bbb6-cad89cd4438c"}]}
1747665561145	webdriver::server	DEBUG	-> POST /session/a265b8d6-cef6-4c4b-9786-5234ba9ff12f/execute/sync {"script":"/* isDisplayed */return (function(){return (fun ... ement-6066-11e4-a52e-4f735466cecf":"0c07f882-8b1c-4baf-bbb6-cad89cd4438c","ELEMENT":"0c07f882-8b1c-4baf-bbb6-cad89cd4438c"}]}
1747665561160	Marionette	DEBUG	1 -> [0,4,"WebDriver:ExecuteScript",{"args":[{"ELEMENT":"0c07f882-8b1c-4baf-bbb6-cad89cd4438c","element-6066-11e4-a52e-4f735466cecf":"0c07f882-8b1c-4baf-bbb6-cad89cd4438c"}],"script":"/* isDisplayed */return (function(){return (function(){var g=this||self;\nfunction aa(a){var b=typeof a;if(\"object\"==b)if(a){i ... efined'?window.navigator:null,document:typeof window!='undefined'?window.document:null}, arguments);}).apply(null, arguments)"}]
1747665561247	Marionette	DEBUG	1 <- [1,4,null,{"value":true}]
1747665561255	webdriver::server	DEBUG	<- 200 OK {"value":true}
1747665561314	webdriver::server	DEBUG	-> GET /session/a265b8d6-cef6-4c4b-9786-5234ba9ff12f/title 
1747665561399	Marionette	DEBUG	1 -> [0,5,"WebDriver:GetTitle",{}]
1747665561402	Marionette	DEBUG	1 <- [1,5,null,{"value":"Login"}]
1747665561406	webdriver::server	DEBUG	<- 200 OK {"value":"Login"}
1747665561477	webdriver::server	DEBUG	-> POST /session/a265b8d6-cef6-4c4b-9786-5234ba9ff12f/elements {"using":"css selector","value":"#register-toggle"}
1747665561499	Marionette	DEBUG	1 -> [0,6,"WebDriver:FindElements",{"using":"css selector","value":"#register-toggle"}]
1747665561512	Marionette	DEBUG	1 <- [1,6,null,[{"element-6066-11e4-a52e-4f735466cecf":"50d979e0-30a1-4e5f-b8f6-7d7c2da7cb6c"}]]
1747665561592	webdriver::server	DEBUG	<- 200 OK {"value":[{"element-6066-11e4-a52e-4f735466cecf":"50d979e0-30a1-4e5f-b8f6-7d7c2da7cb6c"}]}
1747665561609	webdriver::server	DEBUG	-> POST /session/a265b8d6-cef6-4c4b-9786-5234ba9ff12f/element/50d979e0-30a1-4e5f-b8f6-7d7c2da7cb6c/click {}
1747665561619	Marionette	DEBUG	1 -> [0,7,"WebDriver:ElementClick",{"id":"50d979e0-30a1-4e5f-b8f6-7d7c2da7cb6c"}]
1747665561837	Marionette	TRACE	Received DOM event click for http://127.0.0.1:3000/login/login.html#
1747665562107	Marionette	TRACE	Canceled page load listener because no navigation has been detected
1747665562112	Marionette	DEBUG	1 <- [1,7,null,{"value":null}]
1747665562126	webdriver::server	DEBUG	<- 200 OK {"value":null}
1747665562667	webdriver::server	DEBUG	-> POST /session/a265b8d6-cef6-4c4b-9786-5234ba9ff12f/elements {"using":"css selector","value":"#registerForm"}
1747665562714	Marionette	DEBUG	1 -> [0,8,"WebDriver:FindElements",{"using":"css selector","value":"#registerForm"}]
1747665562747	Marionette	DEBUG	1 <- [1,8,null,[{"element-6066-11e4-a52e-4f735466cecf":"e32edf5e-5e15-4ceb-818b-72b4a1fd6f1d"}]]
1747665562752	webdriver::server	DEBUG	<- 200 OK {"value":[{"element-6066-11e4-a52e-4f735466cecf":"e32edf5e-5e15-4ceb-818b-72b4a1fd6f1d"}]}
1747665562807	webdriver::server	DEBUG	-> POST /session/a265b8d6-cef6-4c4b-9786-5234ba9ff12f/execute/sync {"script":"/* isDisplayed */return (function(){return (fun ... ement-6066-11e4-a52e-4f735466cecf":"e32edf5e-5e15-4ceb-818b-72b4a1fd6f1d","ELEMENT":"e32edf5e-5e15-4ceb-818b-72b4a1fd6f1d"}]}
1747665562823	Marionette	DEBUG	1 -> [0,9,"WebDriver:ExecuteScript",{"args":[{"ELEMENT":"e32edf5e-5e15-4ceb-818b-72b4a1fd6f1d","element-6066-11e4-a52e-4f735466cecf":"e32edf5e-5e15-4ceb-818b-72b4a1fd6f1d"}],"script":"/* isDisplayed */return (function(){return (function(){var g=this||self;\nfunction aa(a){var b=typeof a;if(\"object\"==b)if(a){i ... efined'?window.navigator:null,document:typeof window!='undefined'?window.document:null}, arguments);}).apply(null, arguments)"}]
1747665562898	Marionette	DEBUG	1 <- [1,9,null,{"value":true}]
1747665562901	webdriver::server	DEBUG	<- 200 OK {"value":true}
1747665562965	webdriver::server	DEBUG	-> POST /session/a265b8d6-cef6-4c4b-9786-5234ba9ff12f/elements {"using":"css selector","value":"#registerName"}
1747665563012	Marionette	DEBUG	1 -> [0,10,"WebDriver:FindElements",{"using":"css selector","value":"#registerName"}]
1747665563025	Marionette	DEBUG	1 <- [1,10,null,[{"element-6066-11e4-a52e-4f735466cecf":"db342bf8-264d-42fc-8010-4c03c27ce122"}]]
1747665563032	webdriver::server	DEBUG	<- 200 OK {"value":[{"element-6066-11e4-a52e-4f735466cecf":"db342bf8-264d-42fc-8010-4c03c27ce122"}]}
1747665563049	webdriver::server	DEBUG	-> POST /session/a265b8d6-cef6-4c4b-9786-5234ba9ff12f/element/db342bf8-264d-42fc-8010-4c03c27ce122/clear {}
1747665563058	Marionette	DEBUG	1 -> [0,11,"WebDriver:ElementClear",{"id":"db342bf8-264d-42fc-8010-4c03c27ce122"}]
1747665563457	Marionette	DEBUG	1 <- [1,11,null,{"value":null}]
1747665563462	webdriver::server	DEBUG	<- 200 OK {"value":null}
1747665563474	webdriver::server	DEBUG	-> GET /session/a265b8d6-cef6-4c4b-9786-5234ba9ff12f/element/db342bf8-264d-42fc-8010-4c03c27ce122/property/value 
1747665563483	Marionette	DEBUG	1 -> [0,12,"WebDriver:GetElementProperty",{"id":"db342bf8-264d-42fc-8010-4c03c27ce122","name":"value"}]
1747665563528	Marionette	DEBUG	1 <- [1,12,null,{"value":""}]
1747665563572	webdriver::server	DEBUG	<- 200 OK {"value":""}
1747665563597	webdriver::server	DEBUG	-> POST /session/a265b8d6-cef6-4c4b-9786-5234ba9ff12f/element/db342bf8-264d-42fc-8010-4c03c27ce122/value {"text":"User1747665549080","value":["U","s","e","r","1","7","4","7","6","6","5","5","4","9","0","8","0"]}
1747665563615	Marionette	DEBUG	1 -> [0,13,"WebDriver:ElementSendKeys",{"id":"db342bf8-264d-42fc-8010-4c03c27ce122","text":"User1747665549080","value":["U","s","e","r","1","7","4","7","6","6","5","5","4","9","0","8","0"]}]
1747665563721	Marionette	DEBUG	1 <- [1,13,null,{"value":null}]
1747665563729	webdriver::server	DEBUG	<- 200 OK {"value":null}
1747665563787	webdriver::server	DEBUG	-> POST /session/a265b8d6-cef6-4c4b-9786-5234ba9ff12f/elements {"using":"css selector","value":"#registerEmail"}
1747665563874	Marionette	DEBUG	1 -> [0,14,"WebDriver:FindElements",{"using":"css selector","value":"#registerEmail"}]
1747665563977	Marionette	DEBUG	1 <- [1,14,null,[{"element-6066-11e4-a52e-4f735466cecf":"36d7e70c-55de-4f1c-8c1b-c5476956a4c7"}]]
1747665563989	webdriver::server	DEBUG	<- 200 OK {"value":[{"element-6066-11e4-a52e-4f735466cecf":"36d7e70c-55de-4f1c-8c1b-c5476956a4c7"}]}
1747665564008	webdriver::server	DEBUG	-> POST /session/a265b8d6-cef6-4c4b-9786-5234ba9ff12f/element/36d7e70c-55de-4f1c-8c1b-c5476956a4c7/clear {}
1747665564039	Marionette	DEBUG	1 -> [0,15,"WebDriver:ElementClear",{"id":"36d7e70c-55de-4f1c-8c1b-c5476956a4c7"}]
1747665564115	Marionette	DEBUG	1 <- [1,15,null,{"value":null}]
1747665564135	webdriver::server	DEBUG	<- 200 OK {"value":null}
1747665564160	webdriver::server	DEBUG	-> GET /session/a265b8d6-cef6-4c4b-9786-5234ba9ff12f/element/36d7e70c-55de-4f1c-8c1b-c5476956a4c7/property/value 
1747665564182	Marionette	DEBUG	1 -> [0,16,"WebDriver:GetElementProperty",{"id":"36d7e70c-55de-4f1c-8c1b-c5476956a4c7","name":"value"}]
1747665564230	Marionette	DEBUG	1 <- [1,16,null,{"value":""}]
1747665564235	webdriver::server	DEBUG	<- 200 OK {"value":""}
1747665564256	webdriver::server	DEBUG	-> POST /session/a265b8d6-cef6-4c4b-9786-5234ba9ff12f/element/36d7e70c-55de-4f1c-8c1b-c5476956a4c7/value {"text":"user1747665 ... value":["u","s","e","r","1","7","4","7","6","6","5","5","4","9","0","8","0","@","e","x","a","m","p","l","e",".","c","o","m"]}
1747665564269	Marionette	DEBUG	1 -> [0,17,"WebDriver:ElementSendKeys",{"id":"36d7e70c-55de-4f1c-8c1b-c5476956a4c7","text":"user1747665549080@example.com","value":["u","s","e","r","1","7","4","7","6","6","5","5","4","9","0","8","0","@","e","x","a","m","p","l","e",".","c","o","m"]}]
1747665564478	Marionette	DEBUG	1 <- [1,17,null,{"value":null}]
1747665564494	webdriver::server	DEBUG	<- 200 OK {"value":null}
1747665564532	webdriver::server	DEBUG	-> POST /session/a265b8d6-cef6-4c4b-9786-5234ba9ff12f/elements {"using":"css selector","value":"#registerPassword"}
1747665564551	Marionette	DEBUG	1 -> [0,18,"WebDriver:FindElements",{"using":"css selector","value":"#registerPassword"}]
1747665564659	Marionette	DEBUG	1 <- [1,18,null,[{"element-6066-11e4-a52e-4f735466cecf":"32c4345b-a97c-4ed3-9329-628ba3949e34"}]]
1747665564671	webdriver::server	DEBUG	<- 200 OK {"value":[{"element-6066-11e4-a52e-4f735466cecf":"32c4345b-a97c-4ed3-9329-628ba3949e34"}]}
1747665564690	webdriver::server	DEBUG	-> POST /session/a265b8d6-cef6-4c4b-9786-5234ba9ff12f/element/32c4345b-a97c-4ed3-9329-628ba3949e34/clear {}
1747665564724	Marionette	DEBUG	1 -> [0,19,"WebDriver:ElementClear",{"id":"32c4345b-a97c-4ed3-9329-628ba3949e34"}]
1747665564839	Marionette	DEBUG	1 <- [1,19,null,{"value":null}]
1747665564862	webdriver::server	DEBUG	<- 200 OK {"value":null}
1747665564873	webdriver::server	DEBUG	-> GET /session/a265b8d6-cef6-4c4b-9786-5234ba9ff12f/element/32c4345b-a97c-4ed3-9329-628ba3949e34/property/value 
1747665564895	Marionette	DEBUG	1 -> [0,20,"WebDriver:GetElementProperty",{"id":"32c4345b-a97c-4ed3-9329-628ba3949e34","name":"value"}]
1747665564963	Marionette	DEBUG	1 <- [1,20,null,{"value":""}]
1747665564968	webdriver::server	DEBUG	<- 200 OK {"value":""}
1747665564987	webdriver::server	DEBUG	-> POST /session/a265b8d6-cef6-4c4b-9786-5234ba9ff12f/element/32c4345b-a97c-4ed3-9329-628ba3949e34/value {"text":"Pass1747665549080","value":["P","a","s","s","1","7","4","7","6","6","5","5","4","9","0","8","0"]}
1747665565028	Marionette	DEBUG	1 -> [0,21,"WebDriver:ElementSendKeys",{"id":"32c4345b-a97c-4ed3-9329-628ba3949e34","text":"Pass1747665549080","value":["P","a","s","s","1","7","4","7","6","6","5","5","4","9","0","8","0"]}]
1747665565192	Marionette	DEBUG	1 <- [1,21,null,{"value":null}]
1747665565195	webdriver::server	DEBUG	<- 200 OK {"value":null}
1747665565214	webdriver::server	DEBUG	-> POST /session/a265b8d6-cef6-4c4b-9786-5234ba9ff12f/elements {"using":"css selector","value":"#registerConfirmPassword"}
1747665565273	Marionette	DEBUG	1 -> [0,22,"WebDriver:FindElements",{"using":"css selector","value":"#registerConfirmPassword"}]
1747665565395	Marionette	DEBUG	1 <- [1,22,null,[{"element-6066-11e4-a52e-4f735466cecf":"fb4ca3f5-77ab-4ee6-89a3-ef544d31717f"}]]
1747665565402	webdriver::server	DEBUG	<- 200 OK {"value":[{"element-6066-11e4-a52e-4f735466cecf":"fb4ca3f5-77ab-4ee6-89a3-ef544d31717f"}]}
1747665565421	webdriver::server	DEBUG	-> POST /session/a265b8d6-cef6-4c4b-9786-5234ba9ff12f/element/fb4ca3f5-77ab-4ee6-89a3-ef544d31717f/clear {}
1747665565443	Marionette	DEBUG	1 -> [0,23,"WebDriver:ElementClear",{"id":"fb4ca3f5-77ab-4ee6-89a3-ef544d31717f"}]
1747665565539	Marionette	DEBUG	1 <- [1,23,null,{"value":null}]
1747665565545	webdriver::server	DEBUG	<- 200 OK {"value":null}
1747665565556	webdriver::server	DEBUG	-> GET /session/a265b8d6-cef6-4c4b-9786-5234ba9ff12f/element/fb4ca3f5-77ab-4ee6-89a3-ef544d31717f/property/value 
1747665565560	Marionette	DEBUG	1 -> [0,24,"WebDriver:GetElementProperty",{"id":"fb4ca3f5-77ab-4ee6-89a3-ef544d31717f","name":"value"}]
1747665565577	Marionette	DEBUG	1 <- [1,24,null,{"value":""}]
1747665565581	webdriver::server	DEBUG	<- 200 OK {"value":""}
1747665565599	webdriver::server	DEBUG	-> POST /session/a265b8d6-cef6-4c4b-9786-5234ba9ff12f/element/fb4ca3f5-77ab-4ee6-89a3-ef544d31717f/value {"text":"Pass1747665549080","value":["P","a","s","s","1","7","4","7","6","6","5","5","4","9","0","8","0"]}
1747665565639	Marionette	DEBUG	1 -> [0,25,"WebDriver:ElementSendKeys",{"id":"fb4ca3f5-77ab-4ee6-89a3-ef544d31717f","text":"Pass1747665549080","value":["P","a","s","s","1","7","4","7","6","6","5","5","4","9","0","8","0"]}]
1747665565868	Marionette	DEBUG	1 <- [1,25,null,{"value":null}]
1747665565891	webdriver::server	DEBUG	<- 200 OK {"value":null}
1747665565908	webdriver::server	DEBUG	-> POST /session/a265b8d6-cef6-4c4b-9786-5234ba9ff12f/elements {"using":"css selector","value":"#registerFormSubmit button[type=\"submit\"]"}
1747665565997	Marionette	DEBUG	1 -> [0,26,"WebDriver:FindElements",{"using":"css selector","value":"#registerFormSubmit button[type=\"submit\"]"}]
1747665566088	Marionette	DEBUG	1 <- [1,26,null,[{"element-6066-11e4-a52e-4f735466cecf":"cc7b587d-2d46-4eac-8397-a032d87a00e4"}]]
1747665566098	webdriver::server	DEBUG	<- 200 OK {"value":[{"element-6066-11e4-a52e-4f735466cecf":"cc7b587d-2d46-4eac-8397-a032d87a00e4"}]}
1747665566121	webdriver::server	DEBUG	-> POST /session/a265b8d6-cef6-4c4b-9786-5234ba9ff12f/element/cc7b587d-2d46-4eac-8397-a032d87a00e4/click {}
1747665566155	Marionette	DEBUG	1 -> [0,27,"WebDriver:ElementClick",{"id":"cc7b587d-2d46-4eac-8397-a032d87a00e4"}]
1747665566244	Marionette	TRACE	Received DOM event click for [object HTMLButtonElement]
console.warn: LoginRecipes: "Falling back to a synchronous message for: http://127.0.0.1:3000."
1747665566712	Marionette	TRACE	Canceled page load listener because no navigation has been detected
1747665566714	Marionette	DEBUG	1 <- [1,27,null,{"value":null}]
1747665566724	webdriver::server	DEBUG	<- 200 OK {"value":null}
1747665567740	webdriver::server	DEBUG	-> POST /session/a265b8d6-cef6-4c4b-9786-5234ba9ff12f/elements {"using":"css selector","value":"#login-toggle"}
1747665567753	Marionette	DEBUG	1 -> [0,28,"WebDriver:FindElements",{"using":"css selector","value":"#login-toggle"}]
1747665567791	Marionette	DEBUG	1 <- [1,28,null,[{"element-6066-11e4-a52e-4f735466cecf":"aae19c7a-72b3-4cba-9152-2abda71fc407"}]]
1747665567795	webdriver::server	DEBUG	<- 200 OK {"value":[{"element-6066-11e4-a52e-4f735466cecf":"aae19c7a-72b3-4cba-9152-2abda71fc407"}]}
1747665567807	webdriver::server	DEBUG	-> POST /session/a265b8d6-cef6-4c4b-9786-5234ba9ff12f/element/aae19c7a-72b3-4cba-9152-2abda71fc407/click {}
1747665567818	Marionette	DEBUG	1 -> [0,29,"WebDriver:ElementClick",{"id":"aae19c7a-72b3-4cba-9152-2abda71fc407"}]
1747665567860	Marionette	TRACE	Received DOM event click for http://127.0.0.1:3000/login/login.html#
1747665568095	Marionette	TRACE	Canceled page load listener because no navigation has been detected
1747665568097	Marionette	DEBUG	1 <- [1,29,null,{"value":null}]
1747665568102	webdriver::server	DEBUG	<- 200 OK {"value":null}
1747665568640	webdriver::server	DEBUG	-> POST /session/a265b8d6-cef6-4c4b-9786-5234ba9ff12f/elements {"using":"css selector","value":"#userLogin"}
1747665568670	Marionette	DEBUG	1 -> [0,30,"WebDriver:FindElements",{"using":"css selector","value":"#userLogin"}]
1747665568676	Marionette	DEBUG	1 <- [1,30,null,[{"element-6066-11e4-a52e-4f735466cecf":"9371c76f-afed-4fcc-b17d-095674732821"}]]
1747665568678	webdriver::server	DEBUG	<- 200 OK {"value":[{"element-6066-11e4-a52e-4f735466cecf":"9371c76f-afed-4fcc-b17d-095674732821"}]}
1747665568696	webdriver::server	DEBUG	-> POST /session/a265b8d6-cef6-4c4b-9786-5234ba9ff12f/execute/sync {"script":"/* isDisplayed */return (function(){return (fun ... ement-6066-11e4-a52e-4f735466cecf":"9371c76f-afed-4fcc-b17d-095674732821","ELEMENT":"9371c76f-afed-4fcc-b17d-095674732821"}]}
1747665568702	Marionette	DEBUG	1 -> [0,31,"WebDriver:ExecuteScript",{"args":[{"ELEMENT":"9371c76f-afed-4fcc-b17d-095674732821","element-6066-11e4-a52e-4f735466cecf":"9371c76f-afed-4fcc-b17d-095674732821"}],"script":"/* isDisplayed */return (function(){return (function(){var g=this||self;\nfunction aa(a){var b=typeof a;if(\"object\"==b)if(a){i ... efined'?window.navigator:null,document:typeof window!='undefined'?window.document:null}, arguments);}).apply(null, arguments)"}]
1747665568744	Marionette	DEBUG	1 <- [1,31,null,{"value":true}]
1747665568746	webdriver::server	DEBUG	<- 200 OK {"value":true}
1747665568776	webdriver::server	DEBUG	-> POST /session/a265b8d6-cef6-4c4b-9786-5234ba9ff12f/elements {"using":"css selector","value":"#userEmail"}
1747665568799	Marionette	DEBUG	1 -> [0,32,"WebDriver:FindElements",{"using":"css selector","value":"#userEmail"}]
1747665568815	Marionette	DEBUG	1 <- [1,32,null,[{"element-6066-11e4-a52e-4f735466cecf":"46a92602-db46-46fa-b9ba-29e02219208d"}]]
1747665568845	webdriver::server	DEBUG	<- 200 OK {"value":[{"element-6066-11e4-a52e-4f735466cecf":"46a92602-db46-46fa-b9ba-29e02219208d"}]}
1747665568876	webdriver::server	DEBUG	-> POST /session/a265b8d6-cef6-4c4b-9786-5234ba9ff12f/element/46a92602-db46-46fa-b9ba-29e02219208d/clear {}
1747665568889	Marionette	DEBUG	1 -> [0,33,"WebDriver:ElementClear",{"id":"46a92602-db46-46fa-b9ba-29e02219208d"}]
1747665568934	Marionette	DEBUG	1 <- [1,33,null,{"value":null}]
1747665568948	webdriver::server	DEBUG	<- 200 OK {"value":null}
1747665568957	webdriver::server	DEBUG	-> GET /session/a265b8d6-cef6-4c4b-9786-5234ba9ff12f/element/46a92602-db46-46fa-b9ba-29e02219208d/property/value 
1747665568965	Marionette	DEBUG	1 -> [0,34,"WebDriver:GetElementProperty",{"id":"46a92602-db46-46fa-b9ba-29e02219208d","name":"value"}]
1747665568972	Marionette	DEBUG	1 <- [1,34,null,{"value":""}]
1747665568978	webdriver::server	DEBUG	<- 200 OK {"value":""}
1747665568994	webdriver::server	DEBUG	-> POST /session/a265b8d6-cef6-4c4b-9786-5234ba9ff12f/element/46a92602-db46-46fa-b9ba-29e02219208d/value {"text":"user1747665 ... value":["u","s","e","r","1","7","4","7","6","6","5","5","4","9","0","8","0","@","e","x","a","m","p","l","e",".","c","o","m"]}
1747665569006	Marionette	DEBUG	1 -> [0,35,"WebDriver:ElementSendKeys",{"id":"46a92602-db46-46fa-b9ba-29e02219208d","text":"user1747665549080@example.com","value":["u","s","e","r","1","7","4","7","6","6","5","5","4","9","0","8","0","@","e","x","a","m","p","l","e",".","c","o","m"]}]
1747665569162	Marionette	DEBUG	1 <- [1,35,null,{"value":null}]
1747665569167	webdriver::server	DEBUG	<- 200 OK {"value":null}
1747665569236	webdriver::server	DEBUG	-> POST /session/a265b8d6-cef6-4c4b-9786-5234ba9ff12f/elements {"using":"css selector","value":"#userPassword"}
1747665569253	Marionette	DEBUG	1 -> [0,36,"WebDriver:FindElements",{"using":"css selector","value":"#userPassword"}]
1747665569338	Marionette	DEBUG	1 <- [1,36,null,[{"element-6066-11e4-a52e-4f735466cecf":"d3d89d5d-cd04-4d67-a9d4-5cc2a8d455db"}]]
1747665569340	webdriver::server	DEBUG	<- 200 OK {"value":[{"element-6066-11e4-a52e-4f735466cecf":"d3d89d5d-cd04-4d67-a9d4-5cc2a8d455db"}]}
1747665569379	webdriver::server	DEBUG	-> POST /session/a265b8d6-cef6-4c4b-9786-5234ba9ff12f/element/d3d89d5d-cd04-4d67-a9d4-5cc2a8d455db/clear {}
1747665569387	Marionette	DEBUG	1 -> [0,37,"WebDriver:ElementClear",{"id":"d3d89d5d-cd04-4d67-a9d4-5cc2a8d455db"}]
1747665569626	Marionette	DEBUG	1 <- [1,37,null,{"value":null}]
1747665569685	webdriver::server	DEBUG	<- 200 OK {"value":null}
1747665569694	webdriver::server	DEBUG	-> GET /session/a265b8d6-cef6-4c4b-9786-5234ba9ff12f/element/d3d89d5d-cd04-4d67-a9d4-5cc2a8d455db/property/value 
1747665569732	Marionette	DEBUG	1 -> [0,38,"WebDriver:GetElementProperty",{"id":"d3d89d5d-cd04-4d67-a9d4-5cc2a8d455db","name":"value"}]
1747665569748	Marionette	DEBUG	1 <- [1,38,null,{"value":""}]
1747665569817	webdriver::server	DEBUG	<- 200 OK {"value":""}
1747665569836	webdriver::server	DEBUG	-> POST /session/a265b8d6-cef6-4c4b-9786-5234ba9ff12f/element/d3d89d5d-cd04-4d67-a9d4-5cc2a8d455db/value {"text":"Pass1747665549080","value":["P","a","s","s","1","7","4","7","6","6","5","5","4","9","0","8","0"]}
1747665569843	Marionette	DEBUG	1 -> [0,39,"WebDriver:ElementSendKeys",{"id":"d3d89d5d-cd04-4d67-a9d4-5cc2a8d455db","text":"Pass1747665549080","value":["P","a","s","s","1","7","4","7","6","6","5","5","4","9","0","8","0"]}]
1747665570107	RemoteAgent	TRACE	Received observer notification common-dialog-loaded
1747665570109	Marionette	DEBUG	1 <- [1,39,null,{"value":null}]
1747665570168	webdriver::server	DEBUG	<- 200 OK {"value":null}
1747665570183	webdriver::server	DEBUG	-> POST /session/a265b8d6-cef6-4c4b-9786-5234ba9ff12f/elements {"using":"css selector","value":"#userLoginForm button[type=\"submit\"]"}
1747665570237	Marionette	DEBUG	1 -> [0,40,"WebDriver:FindElements",{"using":"css selector","value":"#userLoginForm button[type=\"submit\"]"}]
1747665570282	RemoteAgent	TRACE	Received event DOMModalDialogClosed
1747665570350	Marionette	DEBUG	1 <- [1,40,{"error":"unexpected alert open","message":"Unexpected alert dialog detected. Performed handler \"dismiss\". Dialog text: Usurio cadastrado com sucesso!","stacktrace":"RemoteError@chrome://remote/content/shared/RemoteError.sys.mjs:8:8\nWebDriverError@chrome://remote/content/shared/webdriver/Er ... iver/Errors.sys.mjs:876:5\nGeckoDriver.prototype._handleUserPrompts@chrome://remote/content/marionette/driver.sys.mjs:3123:11\n","data":{"text":"Usurio cadastrado com sucesso!"}},null]
1747665570364	webdriver::server	DEBUG	<- 500 Internal Server Error {"value":{"error":"unexpected alert open","message":"Unexpected alert dialog detected. Performed ... eUserPrompts@chrome://remote/content/marionette/driver.sys.mjs:3123:11\n","data":{"text":"Usurio cadastrado com sucesso!"}}}
1747665571400	webdriver::server	DEBUG	-> POST /session/a265b8d6-cef6-4c4b-9786-5234ba9ff12f/elements {"using":"css selector","value":"#userLoginForm button[type=\"submit\"]"}
1747665571404	Marionette	DEBUG	1 -> [0,41,"WebDriver:FindElements",{"using":"css selector","value":"#userLoginForm button[type=\"submit\"]"}]
1747665571413	Marionette	DEBUG	1 <- [1,41,null,[{"element-6066-11e4-a52e-4f735466cecf":"e2e983c0-3e57-4e1f-aa33-6c19047001a8"}]]
1747665571419	webdriver::server	DEBUG	<- 200 OK {"value":[{"element-6066-11e4-a52e-4f735466cecf":"e2e983c0-3e57-4e1f-aa33-6c19047001a8"}]}
1747665571428	webdriver::server	DEBUG	-> POST /session/a265b8d6-cef6-4c4b-9786-5234ba9ff12f/element/e2e983c0-3e57-4e1f-aa33-6c19047001a8/click {}
1747665571439	Marionette	DEBUG	1 -> [0,42,"WebDriver:ElementClick",{"id":"e2e983c0-3e57-4e1f-aa33-6c19047001a8"}]
1747665571476	Marionette	TRACE	Received DOM event click for [object HTMLButtonElement]
1747665571808	Marionette	TRACE	Canceled page load listener because no navigation has been detected
1747665571809	Marionette	DEBUG	1 <- [1,42,null,{"value":null}]
1747665571825	webdriver::server	DEBUG	<- 200 OK {"value":null}
1747665573343	webdriver::server	DEBUG	-> POST /session/a265b8d6-cef6-4c4b-9786-5234ba9ff12f/url {"url":"http://127.0.0.1:3000/forum/forum.html"}
1747665573349	Marionette	DEBUG	1 -> [0,43,"WebDriver:Navigate",{"url":"http://127.0.0.1:3000/forum/forum.html"}]
1747665573420	Marionette	TRACE	[10] Received event beforeunload for http://127.0.0.1:3000/login/login.html
1747665574159	Marionette	TRACE	[10] Received event pagehide for http://127.0.0.1:3000/login/login.html
1747665574204	Marionette	TRACE	[10] MarionetteCommands actor destroyed for window id 10737418241
1747665577920	Marionette	TRACE	[10] Received event beforeunload for http://127.0.0.1:3000/forum/forum.html
JavaScript error: http://127.0.0.1:3000/forum/forum.js, line 349: TypeError: document.getElementById(...) is null
JavaScript error: http://127.0.0.1:3000/forum/forum.js, line 379: TypeError: document.getElementById(...) is null
1747665578037	Marionette	WARN	Ignoring event 'DOMContentLoaded' because document has an invalid readyState of 'complete'.
1747665579504	Marionette	TRACE	[10] Received event pagehide for http://127.0.0.1:3000/forum/forum.html
1747665585330	Marionette	TRACE	[10] Received event DOMContentLoaded for http://127.0.0.1:3000/login/login.html
1747665585336	Marionette	TRACE	[10] Received event pageshow for http://127.0.0.1:3000/login/login.html
1747665585338	Marionette	DEBUG	1 <- [1,43,null,{"value":null}]
1747665585349	webdriver::server	DEBUG	<- 200 OK {"value":null}
1747665585403	webdriver::server	DEBUG	-> POST /session/a265b8d6-cef6-4c4b-9786-5234ba9ff12f/elements {"using":"css selector","value":"body"}
1747665585429	Marionette	DEBUG	1 -> [0,44,"WebDriver:FindElements",{"using":"css selector","value":"body"}]
1747665585472	Marionette	TRACE	[10] MarionetteCommands actor created for window id 10737418243
1747665585540	Marionette	DEBUG	1 <- [1,44,null,[{"element-6066-11e4-a52e-4f735466cecf":"240c58bc-0418-4522-b5b9-9da4a42fde71"}]]
1747665585552	webdriver::server	DEBUG	<- 200 OK {"value":[{"element-6066-11e4-a52e-4f735466cecf":"240c58bc-0418-4522-b5b9-9da4a42fde71"}]}
1747665585587	webdriver::server	DEBUG	-> POST /session/a265b8d6-cef6-4c4b-9786-5234ba9ff12f/execute/sync {"script":"/* isDisplayed */return (function(){return (fun ... ement-6066-11e4-a52e-4f735466cecf":"240c58bc-0418-4522-b5b9-9da4a42fde71","ELEMENT":"240c58bc-0418-4522-b5b9-9da4a42fde71"}]}
1747665585598	Marionette	DEBUG	1 -> [0,45,"WebDriver:ExecuteScript",{"args":[{"ELEMENT":"240c58bc-0418-4522-b5b9-9da4a42fde71","element-6066-11e4-a52e-4f735466cecf":"240c58bc-0418-4522-b5b9-9da4a42fde71"}],"script":"/* isDisplayed */return (function(){return (function(){var g=this||self;\nfunction aa(a){var b=typeof a;if(\"object\"==b)if(a){i ... efined'?window.navigator:null,document:typeof window!='undefined'?window.document:null}, arguments);}).apply(null, arguments)"}]
1747665585625	Marionette	DEBUG	1 <- [1,45,null,{"value":true}]
1747665585628	webdriver::server	DEBUG	<- 200 OK {"value":true}
1747665585747	webdriver::server	DEBUG	-> GET /session/a265b8d6-cef6-4c4b-9786-5234ba9ff12f/url 
1747665585749	Marionette	DEBUG	1 -> [0,46,"WebDriver:GetCurrentURL",{}]
1747665585751	Marionette	DEBUG	1 <- [1,46,null,{"value":"http://127.0.0.1:3000/login/login.html"}]
1747665585754	webdriver::server	DEBUG	<- 200 OK {"value":"http://127.0.0.1:3000/login/login.html"}
1747665586285	webdriver::server	DEBUG	-> GET /session/a265b8d6-cef6-4c4b-9786-5234ba9ff12f/url 
1747665586289	Marionette	DEBUG	1 -> [0,47,"WebDriver:GetCurrentURL",{}]
1747665586290	Marionette	DEBUG	1 <- [1,47,null,{"value":"http://127.0.0.1:3000/login/login.html"}]
1747665586292	webdriver::server	DEBUG	<- 200 OK {"value":"http://127.0.0.1:3000/login/login.html"}
1747665586802	webdriver::server	DEBUG	-> GET /session/a265b8d6-cef6-4c4b-9786-5234ba9ff12f/url 
1747665586804	Marionette	DEBUG	1 -> [0,48,"WebDriver:GetCurrentURL",{}]
1747665586806	Marionette	DEBUG	1 <- [1,48,null,{"value":"http://127.0.0.1:3000/login/login.html"}]
1747665586807	webdriver::server	DEBUG	<- 200 OK {"value":"http://127.0.0.1:3000/login/login.html"}
1747665587322	webdriver::server	DEBUG	-> GET /session/a265b8d6-cef6-4c4b-9786-5234ba9ff12f/url 
1747665587326	Marionette	DEBUG	1 -> [0,49,"WebDriver:GetCurrentURL",{}]
1747665587327	Marionette	DEBUG	1 <- [1,49,null,{"value":"http://127.0.0.1:3000/login/login.html"}]
1747665587329	webdriver::server	DEBUG	<- 200 OK {"value":"http://127.0.0.1:3000/login/login.html"}
1747665587839	webdriver::server	DEBUG	-> GET /session/a265b8d6-cef6-4c4b-9786-5234ba9ff12f/url 
1747665587841	Marionette	DEBUG	1 -> [0,50,"WebDriver:GetCurrentURL",{}]
1747665587843	Marionette	DEBUG	1 <- [1,50,null,{"value":"http://127.0.0.1:3000/login/login.html"}]
1747665587845	webdriver::server	DEBUG	<- 200 OK {"value":"http://127.0.0.1:3000/login/login.html"}
1747665588353	webdriver::server	DEBUG	-> GET /session/a265b8d6-cef6-4c4b-9786-5234ba9ff12f/url 
1747665588357	Marionette	DEBUG	1 -> [0,51,"WebDriver:GetCurrentURL",{}]
1747665588359	Marionette	DEBUG	1 <- [1,51,null,{"value":"http://127.0.0.1:3000/login/login.html"}]
1747665588360	webdriver::server	DEBUG	<- 200 OK {"value":"http://127.0.0.1:3000/login/login.html"}
1747665588871	webdriver::server	DEBUG	-> GET /session/a265b8d6-cef6-4c4b-9786-5234ba9ff12f/url 
1747665588874	Marionette	DEBUG	1 -> [0,52,"WebDriver:GetCurrentURL",{}]
1747665588875	Marionette	DEBUG	1 <- [1,52,null,{"value":"http://127.0.0.1:3000/login/login.html"}]
1747665588879	webdriver::server	DEBUG	<- 200 OK {"value":"http://127.0.0.1:3000/login/login.html"}
1747665589391	webdriver::server	DEBUG	-> GET /session/a265b8d6-cef6-4c4b-9786-5234ba9ff12f/url 
1747665589393	Marionette	DEBUG	1 -> [0,53,"WebDriver:GetCurrentURL",{}]
1747665589394	Marionette	DEBUG	1 <- [1,53,null,{"value":"http://127.0.0.1:3000/login/login.html"}]
1747665589397	webdriver::server	DEBUG	<- 200 OK {"value":"http://127.0.0.1:3000/login/login.html"}
1747665589907	webdriver::server	DEBUG	-> GET /session/a265b8d6-cef6-4c4b-9786-5234ba9ff12f/url 
1747665589911	Marionette	DEBUG	1 -> [0,54,"WebDriver:GetCurrentURL",{}]
1747665589914	Marionette	DEBUG	1 <- [1,54,null,{"value":"http://127.0.0.1:3000/login/login.html"}]
1747665589918	webdriver::server	DEBUG	<- 200 OK {"value":"http://127.0.0.1:3000/login/login.html"}
1747665590428	webdriver::server	DEBUG	-> GET /session/a265b8d6-cef6-4c4b-9786-5234ba9ff12f/url 
1747665590430	Marionette	DEBUG	1 -> [0,55,"WebDriver:GetCurrentURL",{}]
1747665590431	Marionette	DEBUG	1 <- [1,55,null,{"value":"http://127.0.0.1:3000/login/login.html"}]
1747665590432	webdriver::server	DEBUG	<- 200 OK {"value":"http://127.0.0.1:3000/login/login.html"}
1747665590942	webdriver::server	DEBUG	-> GET /session/a265b8d6-cef6-4c4b-9786-5234ba9ff12f/url 
1747665590943	Marionette	DEBUG	1 -> [0,56,"WebDriver:GetCurrentURL",{}]
1747665590944	Marionette	DEBUG	1 <- [1,56,null,{"value":"http://127.0.0.1:3000/login/login.html"}]
1747665590947	webdriver::server	DEBUG	<- 200 OK {"value":"http://127.0.0.1:3000/login/login.html"}
1747665591126	webdriver::server	DEBUG	-> DELETE /session/a265b8d6-cef6-4c4b-9786-5234ba9ff12f 
1747665591128	Marionette	DEBUG	1 -> [0,57,"Marionette:Quit",{"flags":["eForceQuit"]}]
1747665591132	Marionette	INFO	Stopped listening on port 51682
1747665591161	Marionette	TRACE	[10] MarionetteCommands actor destroyed for window id 10737418243
1747665594271	Marionette	TRACE	Received observer notification quit-application
1747665594280	Marionette	TRACE	Received observer notification quit-application
1747665594280	RemoteAgent	DEBUG	Resetting recommended pref apz.content_response_timeout
1747665594283	RemoteAgent	DEBUG	Resetting recommended pref browser.contentblocking.introCount
1747665594285	RemoteAgent	DEBUG	Resetting recommended pref browser.download.panel.shown
1747665594287	RemoteAgent	DEBUG	Resetting recommended pref browser.http.blank_page_with_error_response.enabled
1747665594289	RemoteAgent	DEBUG	Resetting recommended pref browser.newtabpage.activity-stream.discoverystream.region-weather-config
1747665594290	RemoteAgent	DEBUG	Resetting recommended pref browser.newtabpage.activity-stream.newtabWallpapers.enabled
1747665594292	RemoteAgent	DEBUG	Resetting recommended pref browser.newtabpage.activity-stream.newtabWallpapers.v2.enabled
1747665594294	RemoteAgent	DEBUG	Resetting recommended pref browser.newtabpage.activity-stream.showSponsoredTopSites
1747665594296	RemoteAgent	DEBUG	Resetting recommended pref browser.newtabpage.enabled
1747665594303	RemoteAgent	DEBUG	Resetting recommended pref browser.pagethumbnails.capturing_disabled
1747665594306	RemoteAgent	DEBUG	Resetting recommended pref browser.region.network.url
1747665594308	RemoteAgent	DEBUG	Resetting recommended pref browser.safebrowsing.blockedURIs.enabled
1747665594328	RemoteAgent	DEBUG	Resetting recommended pref browser.safebrowsing.downloads.enabled
1747665594341	RemoteAgent	DEBUG	Resetting recommended pref browser.safebrowsing.malware.enabled
1747665594354	RemoteAgent	DEBUG	Resetting recommended pref browser.safebrowsing.phishing.enabled
1747665594367	RemoteAgent	DEBUG	Resetting recommended pref browser.search.update
1747665594368	RemoteAgent	DEBUG	Resetting recommended pref browser.startup.couldRestoreSession.count
1747665594369	RemoteAgent	DEBUG	Resetting recommended pref browser.tabs.remote.unloadDelayMs
1747665594371	RemoteAgent	DEBUG	Resetting recommended pref browser.tabs.unloadOnLowMemory
1747665594372	RemoteAgent	DEBUG	Resetting recommended pref browser.tabs.warnOnClose
1747665594372	RemoteAgent	DEBUG	Resetting recommended pref browser.tabs.warnOnCloseOtherTabs
1747665594373	RemoteAgent	DEBUG	Resetting recommended pref browser.tabs.warnOnOpen
1747665594373	RemoteAgent	DEBUG	Resetting recommended pref browser.toolbars.bookmarks.visibility
1747665594374	RemoteAgent	DEBUG	Resetting recommended pref browser.topsites.contile.enabled
1747665594375	RemoteAgent	DEBUG	Resetting recommended pref browser.usedOnWindows10.introURL
1747665594376	RemoteAgent	DEBUG	Resetting recommended pref browser.urlbar.merino.endpointURL
1747665594387	RemoteAgent	DEBUG	Resetting recommended pref browser.urlbar.suggest.searches
1747665594392	RemoteAgent	DEBUG	Resetting recommended pref datareporting.policy.dataSubmissionPolicyAccepted
1747665594393	RemoteAgent	DEBUG	Resetting recommended pref dom.disable_open_during_load
1747665594394	RemoteAgent	DEBUG	Resetting recommended pref dom.file.createInChild
1747665594395	RemoteAgent	DEBUG	Resetting recommended pref dom.input_events.security.minNumTicks
1747665594396	RemoteAgent	DEBUG	Resetting recommended pref dom.input_events.security.minTimeElapsedInMS
1747665594397	RemoteAgent	DEBUG	Resetting recommended pref dom.max_chrome_script_run_time
1747665594397	RemoteAgent	DEBUG	Resetting recommended pref dom.max_script_run_time
1747665594400	RemoteAgent	DEBUG	Resetting recommended pref dom.navigation.navigationRateLimit.count
1747665594401	RemoteAgent	DEBUG	Resetting recommended pref dom.push.connection.enabled
1747665594403	RemoteAgent	DEBUG	Resetting recommended pref dom.screenorientation.allow-lock
1747665594403	RemoteAgent	DEBUG	Resetting recommended pref dom.successive_dialog_time_limit
1747665594404	RemoteAgent	DEBUG	Resetting recommended pref extensions.getAddons.cache.enabled
1747665594405	RemoteAgent	DEBUG	Resetting recommended pref extensions.getAddons.discovery.api_url
1747665594405	RemoteAgent	DEBUG	Resetting recommended pref extensions.blocklist.detailsURL
1747665594406	RemoteAgent	DEBUG	Resetting recommended pref extensions.blocklist.itemURL
1747665594407	RemoteAgent	DEBUG	Resetting recommended pref extensions.hotfix.url
1747665594407	RemoteAgent	DEBUG	Resetting recommended pref extensions.systemAddon.update.enabled
1747665594408	RemoteAgent	DEBUG	Resetting recommended pref extensions.update.background.url
1747665594412	RemoteAgent	DEBUG	Resetting recommended pref extensions.update.url
1747665594415	RemoteAgent	DEBUG	Resetting recommended pref extensions.getAddons.get.url
1747665594417	RemoteAgent	DEBUG	Resetting recommended pref extensions.getAddons.search.browseURL
1747665594418	RemoteAgent	DEBUG	Resetting recommended pref geo.provider.network.url
1747665594419	RemoteAgent	DEBUG	Resetting recommended pref identity.fxaccounts.auth.uri
1747665594420	RemoteAgent	DEBUG	Resetting recommended pref network.connectivity-service.enabled
1747665594420	RemoteAgent	DEBUG	Resetting recommended pref network.http.phishy-userpass-length
1747665594421	RemoteAgent	DEBUG	Resetting recommended pref network.http.prompt-temp-redirect
1747665594421	RemoteAgent	DEBUG	Resetting recommended pref privacy.trackingprotection.enabled
1747665594421	RemoteAgent	DEBUG	Resetting recommended pref remote.prefs.recommended.applied
1747665594422	RemoteAgent	DEBUG	Resetting recommended pref security.fileuri.strict_origin_policy
1747665594423	RemoteAgent	DEBUG	Resetting recommended pref security.notification_enable_delay
1747665594424	RemoteAgent	DEBUG	Resetting recommended pref security.remote_settings.intermediates.enabled
1747665594425	RemoteAgent	DEBUG	Resetting recommended pref services.settings.loglevel
1747665594427	RemoteAgent	DEBUG	Resetting recommended pref signon.autofillForms
1747665594435	RemoteAgent	DEBUG	Resetting recommended pref signon.rememberSignons
1747665594439	RemoteAgent	DEBUG	Resetting recommended pref toolkit.telemetry.server
1747665594441	RemoteAgent	DEBUG	Resetting recommended pref widget.windows.window_occlusion_tracking.enabled
1747665594448	Marionette	DEBUG	Marionette stopped listening
1747665594458	Marionette	DEBUG	1 <- [1,57,null,{"cause":"shutdown","forced":false,"in_app":true}]
1747665594539	RemoteAgent	TRACE	Received DOM event pagehide for [object HTMLDocument]
1747665595032	webdriver::server	DEBUG	Teardown session
1747665595032	geckodriver::marionette	DEBUG	To store minidump files of Firefox crashes the MINIDUMP_SAVE_PATH environment variable needs to be set.
1747665595165	Marionette	DEBUG	Closed connection 1
1747665596368	geckodriver::browser	DEBUG	Browser process stopped: exit status: 0
1747665597133	webdriver::server	DEBUG	<- 200 OK {"value":null}
